#
# There is insufficient memory for the Java Runtime Environment to continue.
# Native memory allocation (malloc) failed to allocate 2097152 bytes for AllocateHeap
# Possible reasons:
#   The system is out of physical RAM or swap space
#   The process is running with CompressedOops enabled, and the Java Heap may be blocking the growth of the native heap
# Possible solutions:
#   Reduce memory load on the system
#   Increase physical memory or swap space
#   Check if swap backing store is full
#   Decrease Java heap size (-Xmx/-Xms)
#   Decrease number of Java threads
#   Decrease Java thread stack sizes (-Xss)
#   Set larger code cache with -XX:ReservedCodeCacheSize=
#   JVM is running with Zero Based Compressed Oops mode in which the Java heap is
#     placed in the first 32GB address space. The Java Heap base address is the
#     maximum limit for the native heap growth. Please use -XX:HeapBaseMinAddress
#     to set the Java Heap base and to place the Java Heap above 32GB virtual address.
# This output file may be truncated or incomplete.
#
#  Out of Memory Error (allocation.cpp:44), pid=18996, tid=31492
#
# JRE version: OpenJDK Runtime Environment Temurin-21.0.2+13 (21.0.2+13) (build 21.0.2+13-LTS)
# Java VM: OpenJDK 64-Bit Server VM Temurin-21.0.2+13 (21.0.2+13-LTS, mixed mode, sharing, tiered, compressed oops, compressed class ptrs, g1 gc, windows-amd64)
# No core dump will be written. Minidumps are not enabled by default on client versions of Windows
#

---------------  S U M M A R Y ------------

Command Line: -Xmx4g 

Host: AMD Ryzen 5 7535U with Radeon Graphics         , 12 cores, 7G,  Windows 11 , 64 bit Build 22621 (10.0.22621.6931)
Time: Thu May  7 14:38:06 2026 Romance Daylight Time elapsed time: 59.855717 seconds (0d 0h 0m 59s)

---------------  T H R E A D  ---------------

Current thread (0x0000029f16ef12c0):  VMThread "VM Thread"          [id=31492, stack(0x000000e302930000,0x000000e302b20000) (1984K)]

Stack: [0x000000e302930000,0x000000e302b20000]
Native frames: (J=compiled Java code, j=interpreted, Vv=VM code, C=native code)
V  [jvm.dll+0x6c94f9]
V  [jvm.dll+0x8a3c21]
V  [jvm.dll+0x8a614e]
V  [jvm.dll+0x8a6823]
V  [jvm.dll+0x27fa86]
V  [jvm.dll+0xbf567]
V  [jvm.dll+0x3444ae]
V  [jvm.dll+0x33edde]
V  [jvm.dll+0x327698]
V  [jvm.dll+0x3698e4]
V  [jvm.dll+0x8ac12f]
V  [jvm.dll+0x8ad234]
V  [jvm.dll+0x8ad770]
V  [jvm.dll+0x8ada13]
V  [jvm.dll+0x84cb3b]
V  [jvm.dll+0x6c7c2d]
C  [ucrtbase.dll+0x29333]
C  [KERNEL32.DLL+0x1259d]
C  [ntdll.dll+0x5afb8]

VM_Operation (0x000000e37fbeb550): G1CollectFull, mode: safepoint, requested by thread 0x0000029f15697fc0


---------------  P R O C E S S  ---------------

Threads class SMR info:
_java_thread_list=0x0000029f17d51e90, length=13, elements={
0x0000029f15697fc0, 0x0000029f1569a090, 0x0000029f15696c10, 0x0000029f1569e230,
0x0000029f15699a00, 0x0000029f15697930, 0x0000029f15698ce0, 0x0000029f16f00650,
0x0000029f16f013f0, 0x0000029f15699370, 0x0000029f1569c160, 0x0000029f1569d510,
0x0000029f1569ce80
}

Java Threads: ( => current thread )
  0x0000029f15697fc0 JavaThread "main"                              [_thread_blocked, id=33956, stack(0x000000e37fa00000,0x000000e37fbf0000) (1984K)]
  0x0000029f1569a090 JavaThread "Reference Handler"          daemon [_thread_blocked, id=35468, stack(0x000000e302b20000,0x000000e302d10000) (1984K)]
  0x0000029f15696c10 JavaThread "Finalizer"                  daemon [_thread_blocked, id=29896, stack(0x000000e302d10000,0x000000e302f00000) (1984K)]
  0x0000029f1569e230 JavaThread "Signal Dispatcher"          daemon [_thread_blocked, id=3112, stack(0x000000e302f00000,0x000000e3030f0000) (1984K)]
  0x0000029f15699a00 JavaThread "Attach Listener"            daemon [_thread_blocked, id=30932, stack(0x000000e3030f0000,0x000000e3032e0000) (1984K)]
  0x0000029f15697930 JavaThread "Service Thread"             daemon [_thread_blocked, id=200, stack(0x000000e3032e0000,0x000000e3034d0000) (1984K)]
  0x0000029f15698ce0 JavaThread "Monitor Deflation Thread"   daemon [_thread_blocked, id=29692, stack(0x000000e3034d0000,0x000000e3036c0000) (1984K)]
  0x0000029f16f00650 JavaThread "C2 CompilerThread0"         daemon [_thread_blocked, id=33268, stack(0x000000e3036c0000,0x000000e3038b0000) (1984K)]
  0x0000029f16f013f0 JavaThread "C1 CompilerThread0"         daemon [_thread_blocked, id=10612, stack(0x000000e3038b0000,0x000000e303aa0000) (1984K)]
  0x0000029f15699370 JavaThread "Notification Thread"        daemon [_thread_blocked, id=43128, stack(0x000000e303aa0000,0x000000e303c90000) (1984K)]
  0x0000029f1569c160 JavaThread "Common-Cleaner"             daemon [_thread_blocked, id=33456, stack(0x000000e303c90000,0x000000e303e80000) (1984K)]
  0x0000029f1569d510 JavaThread "Python Reference Queue"     daemon [_thread_blocked, id=29180, stack(0x000000e303e80000,0x000000e304070000) (1984K)]
  0x0000029f1569ce80 JavaThread "Timer-0"                    daemon [_thread_blocked, id=43044, stack(0x000000e304830000,0x000000e304a20000) (1984K)]
Total: 13

Other Threads:
=>0x0000029f16ef12c0 VMThread "VM Thread"                           [id=31492, stack(0x000000e302930000,0x000000e302b20000) (1984K)]
  0x0000029f16eb2f50 WatcherThread "VM Periodic Task Thread"        [id=26580, stack(0x000000e302740000,0x000000e302930000) (1984K)]
  0x0000029f16eef960 WorkerThread "GC Thread#0"                     [id=26024, stack(0x000000e301d90000,0x000000e301f80000) (1984K)]
  0x0000029f16ef24e0 WorkerThread "GC Thread#1"                     [id=21652, stack(0x000000e304070000,0x000000e304260000) (1984K)]
  0x0000029f16ef2880 WorkerThread "GC Thread#2"                     [id=37212, stack(0x000000e304260000,0x000000e304450000) (1984K)]
  0x0000029f16ef2c20 WorkerThread "GC Thread#3"                     [id=6016, stack(0x000000e304450000,0x000000e304640000) (1984K)]
  0x0000029f16ef00a0 WorkerThread "GC Thread#4"                     [id=3552, stack(0x000000e304640000,0x000000e304830000) (1984K)]
  0x0000029f16ef2fc0 WorkerThread "GC Thread#5"                     [id=16328, stack(0x000000e304a20000,0x000000e304c10000) (1984K)]
  0x0000029f16ef3360 WorkerThread "GC Thread#6"                     [id=41628, stack(0x000000e304c10000,0x000000e304e00000) (1984K)]
  0x0000029f16ef0440 WorkerThread "GC Thread#7"                     [id=36940, stack(0x000000e304e00000,0x000000e304ff0000) (1984K)]
  0x0000029f16ef1a00 WorkerThread "GC Thread#8"                     [id=41288, stack(0x000000e304ff0000,0x000000e3051e0000) (1984K)]
  0x0000029f16ef07e0 WorkerThread "GC Thread#9"                     [id=37768, stack(0x000000e3051e0000,0x000000e3053d0000) (1984K)]
  0x0000029f16ef4d50 ConcurrentGCThread "G1 Main Marker"            [id=360, stack(0x000000e301f80000,0x000000e302170000) (1984K)]
  0x0000029f16eefd00 WorkerThread "G1 Conc#0"                       [id=31528, stack(0x000000e302170000,0x000000e302360000) (1984K)]
  0x0000029f16ef1660 WorkerThread "G1 Conc#1"                       [id=32856, stack(0x000000e3053d0000,0x000000e3055c0000) (1984K)]
  0x0000029f16ef1da0 WorkerThread "G1 Conc#2"                       [id=18812, stack(0x000000e3055c0000,0x000000e3057b0000) (1984K)]
  0x0000029f15089ea0 ConcurrentGCThread "G1 Refine#0"               [id=37056, stack(0x000000e302360000,0x000000e302550000) (1984K)]
  0x0000029f150fec80 ConcurrentGCThread "G1 Service"                [id=6844, stack(0x000000e302550000,0x000000e302740000) (1984K)]
Total: 18

Threads with active compile tasks:
Total: 0

VM state: at safepoint (normal execution)

VM Mutex/Monitor currently owned by a thread:  ([mutex/lock_event])
[0x00007ff903793198] Threads_lock - owner thread: 0x0000029f16ef12c0
[0x00007ff903793298] Heap_lock - owner thread: 0x0000029f15697fc0

Heap address: 0x0000000700000000, size: 4096 MB, Compressed Oops mode: Zero based, Oop shift amount: 3

CDS archive(s) mapped at: [0x0000029f36000000-0x0000029f36ba0000-0x0000029f36ba0000), size 12189696, SharedBaseAddress: 0x0000029f36000000, ArchiveRelocationMode: 1.
Compressed class space mapped at: 0x0000029f37000000-0x0000029f77000000, reserved size: 1073741824
Narrow klass base: 0x0000029f36000000, Narrow klass shift: 0, Narrow klass range: 0x100000000

GC Precious Log:
 CardTable entry size: 512
 Card Set container configuration: InlinePtr #cards 4 size 8 Array Of Cards #cards 16 size 48 Howl #buckets 8 coarsen threshold 3686 Howl Bitmap #cards 512 size 80 coarsen threshold 460 Card regions per heap region 1 cards per card region 4096
 CPUs: 12 total, 12 available
 Memory: 7489M
 Large Page Support: Disabled
 NUMA Support: Disabled
 Compressed Oops: Enabled (Zero based)
 Heap Region Size: 2M
 Heap Min Capacity: 8M
 Heap Initial Capacity: 118M
 Heap Max Capacity: 4G
 Pre-touch: Disabled
 Parallel Workers: 10
 Concurrent Workers: 3
 Concurrent Refinement Workers: 10
 Periodic GC: Disabled

Heap:
 garbage-first heap   total 219136K, used 140755K [0x0000000700000000, 0x0000000800000000)
  region size 2048K, 31 young (63488K), 2 survivors (4096K)
 Metaspace       used 11397K, committed 11584K, reserved 1114112K
  class space    used 1058K, committed 1152K, reserved 1048576K

Heap Regions: E=young(eden), S=young(survivor), O=old, HS=humongous(starts), HC=humongous(continues), CS=collection set, F=free, TAMS=top-at-mark-start, PB=parsable bottom
|   0|0x0000000700000000, 0x00000007001ffff0, 0x0000000700200000| 99%| O|  |TAMS 0x0000000700000000| PB 0x0000000700000000| Untracked 
|   1|0x0000000700200000, 0x00000007003fffe8, 0x0000000700400000| 99%| O|  |TAMS 0x0000000700200000| PB 0x0000000700200000| Untracked 
|   2|0x0000000700400000, 0x00000007005ffff8, 0x0000000700600000| 99%| O|  |TAMS 0x0000000700400000| PB 0x0000000700400000| Untracked 
|   3|0x0000000700600000, 0x00000007007ffff0, 0x0000000700800000| 99%| O|  |TAMS 0x0000000700600000| PB 0x0000000700600000| Untracked 
|   4|0x0000000700800000, 0x00000007009fec20, 0x0000000700a00000| 99%| O|  |TAMS 0x0000000700800000| PB 0x0000000700800000| Untracked 
|   5|0x0000000700a00000, 0x0000000700c00000, 0x0000000700c00000|100%| O|  |TAMS 0x0000000700a00000| PB 0x0000000700a00000| Untracked 
|   6|0x0000000700c00000, 0x0000000700e00000, 0x0000000700e00000|100%| O|  |TAMS 0x0000000700c00000| PB 0x0000000700c00000| Untracked 
|   7|0x0000000700e00000, 0x0000000700ff8888, 0x0000000701000000| 98%| O|  |TAMS 0x0000000700e00000| PB 0x0000000700e00000| Untracked 
|   8|0x0000000701000000, 0x00000007011fffe8, 0x0000000701200000| 99%| O|  |TAMS 0x0000000701000000| PB 0x0000000701000000| Untracked 
|   9|0x0000000701200000, 0x00000007013fffe8, 0x0000000701400000| 99%| O|  |TAMS 0x0000000701200000| PB 0x0000000701200000| Untracked 
|  10|0x0000000701400000, 0x0000000701600000, 0x0000000701600000|100%| O|  |TAMS 0x0000000701400000| PB 0x0000000701400000| Untracked 
|  11|0x0000000701600000, 0x00000007017ffff8, 0x0000000701800000| 99%| O|  |TAMS 0x0000000701600000| PB 0x0000000701600000| Untracked 
|  12|0x0000000701800000, 0x0000000701a00000, 0x0000000701a00000|100%| O|  |TAMS 0x0000000701800000| PB 0x0000000701800000| Untracked 
|  13|0x0000000701a00000, 0x0000000701c00000, 0x0000000701c00000|100%| O|  |TAMS 0x0000000701a00000| PB 0x0000000701a00000| Untracked 
|  14|0x0000000701c00000, 0x0000000701dffff0, 0x0000000701e00000| 99%| O|  |TAMS 0x0000000701c00000| PB 0x0000000701c00000| Untracked 
|  15|0x0000000701e00000, 0x0000000702000000, 0x0000000702000000|100%| O|  |TAMS 0x0000000701e00000| PB 0x0000000701e00000| Untracked 
|  16|0x0000000702000000, 0x0000000702200000, 0x0000000702200000|100%| O|  |TAMS 0x0000000702000000| PB 0x0000000702000000| Untracked 
|  17|0x0000000702200000, 0x00000007023ffff0, 0x0000000702400000| 99%| O|  |TAMS 0x0000000702200000| PB 0x0000000702200000| Untracked 
|  18|0x0000000702400000, 0x00000007025ffff0, 0x0000000702600000| 99%| O|  |TAMS 0x0000000702400000| PB 0x0000000702400000| Untracked 
|  19|0x0000000702600000, 0x0000000702800000, 0x0000000702800000|100%| O|  |TAMS 0x0000000702600000| PB 0x0000000702600000| Untracked 
|  20|0x0000000702800000, 0x0000000702a00000, 0x0000000702a00000|100%| O|  |TAMS 0x0000000702800000| PB 0x0000000702800000| Untracked 
|  21|0x0000000702a00000, 0x0000000702bffff8, 0x0000000702c00000| 99%| O|  |TAMS 0x0000000702a00000| PB 0x0000000702a00000| Untracked 
|  22|0x0000000702c00000, 0x0000000702dfffe8, 0x0000000702e00000| 99%| O|  |TAMS 0x0000000702c00000| PB 0x0000000702c00000| Untracked 
|  23|0x0000000702e00000, 0x0000000702fffff8, 0x0000000703000000| 99%| O|  |TAMS 0x0000000702e00000| PB 0x0000000702e00000| Untracked 
|  24|0x0000000703000000, 0x00000007031ffff0, 0x0000000703200000| 99%| O|  |TAMS 0x0000000703000000| PB 0x0000000703000000| Untracked 
|  25|0x0000000703200000, 0x0000000703400000, 0x0000000703400000|100%| O|  |TAMS 0x0000000703200000| PB 0x0000000703200000| Untracked 
|  26|0x0000000703400000, 0x0000000703600000, 0x0000000703600000|100%| O|  |TAMS 0x0000000703400000| PB 0x0000000703400000| Untracked 
|  27|0x0000000703600000, 0x0000000703800000, 0x0000000703800000|100%| O|  |TAMS 0x0000000703600000| PB 0x0000000703600000| Untracked 
|  28|0x0000000703800000, 0x00000007039fafd0, 0x0000000703a00000| 99%| O|  |TAMS 0x0000000703800000| PB 0x0000000703800000| Untracked 
|  29|0x0000000703a00000, 0x0000000703c00000, 0x0000000703c00000|100%| O|  |TAMS 0x0000000703a00000| PB 0x0000000703a00000| Untracked 
|  30|0x0000000703c00000, 0x0000000703dffff0, 0x0000000703e00000| 99%| O|  |TAMS 0x0000000703c00000| PB 0x0000000703c00000| Untracked 
|  31|0x0000000703e00000, 0x0000000703fffff0, 0x0000000704000000| 99%| O|  |TAMS 0x0000000703e00000| PB 0x0000000703e00000| Untracked 
|  32|0x0000000704000000, 0x00000007041ae8e8, 0x0000000704200000| 84%| O|  |TAMS 0x0000000704000000| PB 0x0000000704000000| Untracked 
|  33|0x0000000704200000, 0x0000000704366e30, 0x0000000704400000| 70%| O|Cm|TAMS 0x0000000704200000| PB 0x0000000704200000| Complete 
|  34|0x0000000704400000, 0x0000000704600000, 0x0000000704600000|100%| O|  |TAMS 0x0000000704400000| PB 0x0000000704400000| Untracked 
|  35|0x0000000704600000, 0x000000070466d4e0, 0x0000000704800000| 21%| O|  |TAMS 0x0000000704600000| PB 0x0000000704600000| Untracked 
|  36|0x0000000704800000, 0x0000000704a00000, 0x0000000704a00000|100%| O|  |TAMS 0x0000000704800000| PB 0x0000000704800000| Untracked 
|  37|0x0000000704a00000, 0x0000000704c00000, 0x0000000704c00000|100%| O|  |TAMS 0x0000000704a00000| PB 0x0000000704a00000| Untracked 
|  38|0x0000000704c00000, 0x0000000704c00000, 0x0000000704e00000|  0%| F|  |TAMS 0x0000000704c00000| PB 0x0000000704c00000| Untracked 
|  39|0x0000000704e00000, 0x0000000705000000, 0x0000000705000000|100%| O|  |TAMS 0x0000000704e00000| PB 0x0000000704e00000| Untracked 
|  40|0x0000000705000000, 0x0000000705200000, 0x0000000705200000|100%| O|  |TAMS 0x0000000705000000| PB 0x0000000705000000| Untracked 
|  41|0x0000000705200000, 0x0000000705200000, 0x0000000705400000|  0%| F|  |TAMS 0x0000000705200000| PB 0x0000000705200000| Untracked 
|  42|0x0000000705400000, 0x0000000705400000, 0x0000000705600000|  0%| F|  |TAMS 0x0000000705400000| PB 0x0000000705400000| Untracked 
|  43|0x0000000705600000, 0x0000000705600000, 0x0000000705800000|  0%| F|  |TAMS 0x0000000705600000| PB 0x0000000705600000| Untracked 
|  44|0x0000000705800000, 0x0000000705800000, 0x0000000705a00000|  0%| F|  |TAMS 0x0000000705800000| PB 0x0000000705800000| Untracked 
|  45|0x0000000705a00000, 0x0000000705a00000, 0x0000000705c00000|  0%| F|  |TAMS 0x0000000705a00000| PB 0x0000000705a00000| Untracked 
|  46|0x0000000705c00000, 0x0000000705e00000, 0x0000000705e00000|100%| S|CS|TAMS 0x0000000705c00000| PB 0x0000000705c00000| Complete 
|  47|0x0000000705e00000, 0x0000000706000000, 0x0000000706000000|100%| S|CS|TAMS 0x0000000705e00000| PB 0x0000000705e00000| Complete 
|  48|0x0000000706000000, 0x0000000706000000, 0x0000000706200000|  0%| F|  |TAMS 0x0000000706000000| PB 0x0000000706000000| Untracked 
|  49|0x0000000706200000, 0x0000000706200000, 0x0000000706400000|  0%| F|  |TAMS 0x0000000706200000| PB 0x0000000706200000| Untracked 
|  50|0x0000000706400000, 0x0000000706400000, 0x0000000706600000|  0%| F|  |TAMS 0x0000000706400000| PB 0x0000000706400000| Untracked 
|  51|0x0000000706600000, 0x0000000706600000, 0x0000000706800000|  0%| F|  |TAMS 0x0000000706600000| PB 0x0000000706600000| Untracked 
|  52|0x0000000706800000, 0x0000000706800000, 0x0000000706a00000|  0%| F|  |TAMS 0x0000000706800000| PB 0x0000000706800000| Untracked 
|  53|0x0000000706a00000, 0x0000000706a00000, 0x0000000706c00000|  0%| F|  |TAMS 0x0000000706a00000| PB 0x0000000706a00000| Untracked 
|  54|0x0000000706c00000, 0x0000000706c00000, 0x0000000706e00000|  0%| F|  |TAMS 0x0000000706c00000| PB 0x0000000706c00000| Untracked 
|  55|0x0000000706e00000, 0x0000000706e00000, 0x0000000707000000|  0%| F|  |TAMS 0x0000000706e00000| PB 0x0000000706e00000| Untracked 
|  56|0x0000000707000000, 0x0000000707000000, 0x0000000707200000|  0%| F|  |TAMS 0x0000000707000000| PB 0x0000000707000000| Untracked 
|  57|0x0000000707200000, 0x0000000707200000, 0x0000000707400000|  0%| F|  |TAMS 0x0000000707200000| PB 0x0000000707200000| Untracked 
|  58|0x0000000707400000, 0x0000000707400000, 0x0000000707600000|  0%| F|  |TAMS 0x0000000707400000| PB 0x0000000707400000| Untracked 
|  59|0x0000000707600000, 0x0000000707600000, 0x0000000707800000|  0%| F|  |TAMS 0x0000000707600000| PB 0x0000000707600000| Untracked 
|  60|0x0000000707800000, 0x0000000707800000, 0x0000000707a00000|  0%| F|  |TAMS 0x0000000707800000| PB 0x0000000707800000| Untracked 
|  61|0x0000000707a00000, 0x0000000707a00000, 0x0000000707c00000|  0%| F|  |TAMS 0x0000000707a00000| PB 0x0000000707a00000| Untracked 
|  62|0x0000000707c00000, 0x0000000707c00000, 0x0000000707e00000|  0%| F|  |TAMS 0x0000000707c00000| PB 0x0000000707c00000| Untracked 
|  63|0x0000000707e00000, 0x0000000707e00000, 0x0000000708000000|  0%| F|  |TAMS 0x0000000707e00000| PB 0x0000000707e00000| Untracked 
|  64|0x0000000708000000, 0x0000000708000000, 0x0000000708200000|  0%| F|  |TAMS 0x0000000708000000| PB 0x0000000708000000| Untracked 
|  65|0x0000000708200000, 0x0000000708200000, 0x0000000708400000|  0%| F|  |TAMS 0x0000000708200000| PB 0x0000000708200000| Untracked 
|  66|0x0000000708400000, 0x0000000708400000, 0x0000000708600000|  0%| F|  |TAMS 0x0000000708400000| PB 0x0000000708400000| Untracked 
|  67|0x0000000708600000, 0x0000000708600000, 0x0000000708800000|  0%| F|  |TAMS 0x0000000708600000| PB 0x0000000708600000| Untracked 
|  68|0x0000000708800000, 0x0000000708800000, 0x0000000708a00000|  0%| F|  |TAMS 0x0000000708800000| PB 0x0000000708800000| Untracked 
|  69|0x0000000708a00000, 0x0000000708a00000, 0x0000000708c00000|  0%| F|  |TAMS 0x0000000708a00000| PB 0x0000000708a00000| Untracked 
|  70|0x0000000708c00000, 0x0000000708c00000, 0x0000000708e00000|  0%| F|  |TAMS 0x0000000708c00000| PB 0x0000000708c00000| Untracked 
|  71|0x0000000708e00000, 0x0000000708e00000, 0x0000000709000000|  0%| F|  |TAMS 0x0000000708e00000| PB 0x0000000708e00000| Untracked 
|  72|0x0000000709000000, 0x0000000709000000, 0x0000000709200000|  0%| F|  |TAMS 0x0000000709000000| PB 0x0000000709000000| Untracked 
|  73|0x0000000709200000, 0x0000000709200000, 0x0000000709400000|  0%| F|  |TAMS 0x0000000709200000| PB 0x0000000709200000| Untracked 
|  74|0x0000000709400000, 0x0000000709400000, 0x0000000709600000|  0%| F|  |TAMS 0x0000000709400000| PB 0x0000000709400000| Untracked 
|  75|0x0000000709600000, 0x0000000709600000, 0x0000000709800000|  0%| F|  |TAMS 0x0000000709600000| PB 0x0000000709600000| Untracked 
|  76|0x0000000709800000, 0x0000000709800000, 0x0000000709a00000|  0%| F|  |TAMS 0x0000000709800000| PB 0x0000000709800000| Untracked 
|  77|0x0000000709a00000, 0x0000000709a00000, 0x0000000709c00000|  0%| F|  |TAMS 0x0000000709a00000| PB 0x0000000709a00000| Untracked 
|  78|0x0000000709c00000, 0x0000000709d13508, 0x0000000709e00000| 53%| E|  |TAMS 0x0000000709c00000| PB 0x0000000709c00000| Complete 
|  79|0x0000000709e00000, 0x000000070a000000, 0x000000070a000000|100%| E|CS|TAMS 0x0000000709e00000| PB 0x0000000709e00000| Complete 
|  80|0x000000070a000000, 0x000000070a200000, 0x000000070a200000|100%| E|CS|TAMS 0x000000070a000000| PB 0x000000070a000000| Complete 
|  81|0x000000070a200000, 0x000000070a400000, 0x000000070a400000|100%| E|CS|TAMS 0x000000070a200000| PB 0x000000070a200000| Complete 
|  82|0x000000070a400000, 0x000000070a600000, 0x000000070a600000|100%| E|CS|TAMS 0x000000070a400000| PB 0x000000070a400000| Complete 
|  83|0x000000070a600000, 0x000000070a800000, 0x000000070a800000|100%| E|CS|TAMS 0x000000070a600000| PB 0x000000070a600000| Complete 
|  84|0x000000070a800000, 0x000000070aa00000, 0x000000070aa00000|100%| E|CS|TAMS 0x000000070a800000| PB 0x000000070a800000| Complete 
|  85|0x000000070aa00000, 0x000000070ac00000, 0x000000070ac00000|100%| E|CS|TAMS 0x000000070aa00000| PB 0x000000070aa00000| Complete 
|  86|0x000000070ac00000, 0x000000070ae00000, 0x000000070ae00000|100%| E|CS|TAMS 0x000000070ac00000| PB 0x000000070ac00000| Complete 
|  87|0x000000070ae00000, 0x000000070b000000, 0x000000070b000000|100%| E|CS|TAMS 0x000000070ae00000| PB 0x000000070ae00000| Complete 
|  88|0x000000070b000000, 0x000000070b200000, 0x000000070b200000|100%| E|CS|TAMS 0x000000070b000000| PB 0x000000070b000000| Complete 
|  89|0x000000070b200000, 0x000000070b400000, 0x000000070b400000|100%| E|CS|TAMS 0x000000070b200000| PB 0x000000070b200000| Complete 
|  90|0x000000070b400000, 0x000000070b600000, 0x000000070b600000|100%| E|CS|TAMS 0x000000070b400000| PB 0x000000070b400000| Complete 
|  91|0x000000070b600000, 0x000000070b800000, 0x000000070b800000|100%| E|CS|TAMS 0x000000070b600000| PB 0x000000070b600000| Complete 
|  92|0x000000070b800000, 0x000000070ba00000, 0x000000070ba00000|100%| E|CS|TAMS 0x000000070b800000| PB 0x000000070b800000| Complete 
|  93|0x000000070ba00000, 0x000000070bc00000, 0x000000070bc00000|100%| E|CS|TAMS 0x000000070ba00000| PB 0x000000070ba00000| Complete 
|  94|0x000000070bc00000, 0x000000070be00000, 0x000000070be00000|100%| E|CS|TAMS 0x000000070bc00000| PB 0x000000070bc00000| Complete 
|  95|0x000000070be00000, 0x000000070c000000, 0x000000070c000000|100%| E|CS|TAMS 0x000000070be00000| PB 0x000000070be00000| Complete 
|  96|0x000000070c000000, 0x000000070c200000, 0x000000070c200000|100%| E|CS|TAMS 0x000000070c000000| PB 0x000000070c000000| Complete 
|  97|0x000000070c200000, 0x000000070c400000, 0x000000070c400000|100%| E|CS|TAMS 0x000000070c200000| PB 0x000000070c200000| Complete 
|  98|0x000000070c400000, 0x000000070c600000, 0x000000070c600000|100%| E|CS|TAMS 0x000000070c400000| PB 0x000000070c400000| Complete 
|  99|0x000000070c600000, 0x000000070c800000, 0x000000070c800000|100%| E|CS|TAMS 0x000000070c600000| PB 0x000000070c600000| Complete 
| 100|0x000000070c800000, 0x000000070ca00000, 0x000000070ca00000|100%| E|CS|TAMS 0x000000070c800000| PB 0x000000070c800000| Complete 
| 101|0x000000070ca00000, 0x000000070cc00000, 0x000000070cc00000|100%| E|CS|TAMS 0x000000070ca00000| PB 0x000000070ca00000| Complete 
| 102|0x000000070cc00000, 0x000000070ce00000, 0x000000070ce00000|100%| E|CS|TAMS 0x000000070cc00000| PB 0x000000070cc00000| Complete 
| 103|0x000000070ce00000, 0x000000070d000000, 0x000000070d000000|100%| E|CS|TAMS 0x000000070ce00000| PB 0x000000070ce00000| Complete 
| 104|0x000000070d000000, 0x000000070d200000, 0x000000070d200000|100%| E|CS|TAMS 0x000000070d000000| PB 0x000000070d000000| Complete 
| 105|0x000000070d200000, 0x000000070d400000, 0x000000070d400000|100%| E|CS|TAMS 0x000000070d200000| PB 0x000000070d200000| Complete 
| 106|0x000000070d400000, 0x000000070d600000, 0x000000070d600000|100%| E|CS|TAMS 0x000000070d400000| PB 0x000000070d400000| Complete 

Card table byte_map: [0x0000029f2e3a0000,0x0000029f2eba0000] _byte_map_base: 0x0000029f2aba0000

Marking Bits: (CMBitMap*) 0x0000029f156972b0
 Bits: [0x0000029f2eba0000, 0x0000029f32ba0000)

Polling page: 0x0000029f1def0000

Metaspace:

Usage:
  Non-class:     10.10 MB used.
      Class:      1.03 MB used.
       Both:     11.13 MB used.

Virtual space:
  Non-class space:       64.00 MB reserved,      10.19 MB ( 16%) committed,  1 nodes.
      Class space:        1.00 GB reserved,       1.12 MB ( <1%) committed,  1 nodes.
             Both:        1.06 GB reserved,      11.31 MB (  1%) committed. 

Chunk freelists:
   Non-Class:  5.80 MB
       Class:  14.81 MB
        Both:  20.61 MB

MaxMetaspaceSize: unlimited
CompressedClassSpaceSize: 1.00 GB
Initial GC threshold: 21.00 MB
Current GC threshold: 21.00 MB
CDS: on
 - commit_granule_bytes: 65536.
 - commit_granule_words: 8192.
 - virtual_space_node_default_size: 8388608.
 - enlarge_chunks_in_place: 1.
 - use_allocation_guard: 0.


Internal statistics:

num_allocs_failed_limit: 0.
num_arena_births: 92.
num_arena_deaths: 0.
num_vsnodes_births: 2.
num_vsnodes_deaths: 0.
num_space_committed: 181.
num_space_uncommitted: 0.
num_chunks_returned_to_freelist: 0.
num_chunks_taken_from_freelist: 356.
num_chunk_merges: 0.
num_chunk_splits: 277.
num_chunks_enlarged: 213.
num_inconsistent_stats: 0.

CodeHeap 'non-profiled nmethods': size=120000Kb used=729Kb max_used=729Kb free=119270Kb
 bounds [0x0000029f259e0000, 0x0000029f25c50000, 0x0000029f2cf10000]
CodeHeap 'profiled nmethods': size=120000Kb used=3096Kb max_used=3096Kb free=116903Kb
 bounds [0x0000029f1df10000, 0x0000029f1e220000, 0x0000029f25440000]
CodeHeap 'non-nmethods': size=5760Kb used=1548Kb max_used=1573Kb free=4211Kb
 bounds [0x0000029f25440000, 0x0000029f256b0000, 0x0000029f259e0000]
 total_blobs=2312 nmethods=1699 adapters=517
 compilation: enabled
              stopped_count=0, restarted_count=0
 full_count=0

Compilation events (20 events):
Event: 37.206 Thread 0x0000029f16f013f0 1963       3       com.ibm.db2.jcc.am.kw::m (18 bytes)
Event: 37.207 Thread 0x0000029f16f013f0 nmethod 1963 0x0000029f1e213710 code [0x0000029f1e213900, 0x0000029f1e213f88]
Event: 37.207 Thread 0x0000029f16f013f0 1964   !   3       com.ibm.db2.jcc.t4.a::beginReadChain (65 bytes)
Event: 37.207 Thread 0x0000029f16f013f0 nmethod 1964 0x0000029f1e214190 code [0x0000029f1e2143c0, 0x0000029f1e214b30]
Event: 37.229 Thread 0x0000029f16f013f0 1965       3       java.util.concurrent.locks.AbstractQueuedSynchronizer$ConditionObject::canReacquire (38 bytes)
Event: 37.230 Thread 0x0000029f16f013f0 nmethod 1965 0x0000029f1e214f10 code [0x0000029f1e2150e0, 0x0000029f1e215468]
Event: 37.761 Thread 0x0000029f16f00650 1966       4       com.ibm.db2.jcc.t4.ad::a (43 bytes)
Event: 37.764 Thread 0x0000029f16f00650 nmethod 1966 0x0000029f25a95690 code [0x0000029f25a95820, 0x0000029f25a958e8]
Event: 47.208 Thread 0x0000029f16f013f0 1967       3       java.util.concurrent.locks.ReentrantLock$Sync::isHeldExclusively (16 bytes)
Event: 47.208 Thread 0x0000029f16f013f0 nmethod 1967 0x0000029f1e0d6190 code [0x0000029f1e0d6340, 0x0000029f1e0d64e0]
Event: 49.001 Thread 0x0000029f16f00650 1968       4       java.util.concurrent.locks.ReentrantLock$NonfairSync::initialTryLock (58 bytes)
Event: 49.009 Thread 0x0000029f16f00650 nmethod 1968 0x0000029f25a95990 code [0x0000029f25a95b40, 0x0000029f25a95da8]
Event: 55.309 Thread 0x0000029f16f013f0 1970   !   3       java.lang.ref.ReferenceQueue::remove (61 bytes)
Event: 55.314 Thread 0x0000029f16f013f0 nmethod 1970 0x0000029f1e215610 code [0x0000029f1e2158a0, 0x0000029f1e216478]
Event: 55.314 Thread 0x0000029f16f013f0 1971       3       java.lang.ref.ReferenceQueue::remove0 (64 bytes)
Event: 55.314 Thread 0x0000029f16f013f0 nmethod 1971 0x0000029f1e216810 code [0x0000029f1e216a20, 0x0000029f1e216eb8]
Event: 57.062 Thread 0x0000029f16f013f0 1973   !   3       java.util.concurrent.locks.LockSupport::parkNanos (56 bytes)
Event: 57.064 Thread 0x0000029f16f013f0 nmethod 1973 0x0000029f1e217010 code [0x0000029f1e217220, 0x0000029f1e217670]
Event: 59.320 Thread 0x0000029f16f013f0 1974       3       jdk.internal.misc.Unsafe::weakCompareAndSetInt (11 bytes)
Event: 59.320 Thread 0x0000029f16f013f0 nmethod 1974 0x0000029f1e205e10 code [0x0000029f1e205fa0, 0x0000029f1e2060c8]

GC Heap History (20 events):
Event: 35.625 GC heap after
{Heap after GC invocations=56 (full 36):
 garbage-first heap   total 110592K, used 62616K [0x0000000700000000, 0x0000000800000000)
  region size 2048K, 0 young (0K), 0 survivors (0K)
 Metaspace       used 11385K, committed 11584K, reserved 1114112K
  class space    used 1058K, committed 1152K, reserved 1048576K
}
Event: 38.534 GC heap before
{Heap before GC invocations=56 (full 36):
 garbage-first heap   total 110592K, used 89240K [0x0000000700000000, 0x0000000800000000)
  region size 2048K, 13 young (26624K), 0 survivors (0K)
 Metaspace       used 11394K, committed 11584K, reserved 1114112K
  class space    used 1058K, committed 1152K, reserved 1048576K
}
Event: 38.572 GC heap after
{Heap after GC invocations=57 (full 36):
 garbage-first heap   total 110592K, used 68111K [0x0000000700000000, 0x0000000800000000)
  region size 2048K, 2 young (4096K), 2 survivors (4096K)
 Metaspace       used 11394K, committed 11584K, reserved 1114112K
  class space    used 1058K, committed 1152K, reserved 1048576K
}
Event: 38.992 GC heap before
{Heap before GC invocations=58 (full 36):
 garbage-first heap   total 122880K, used 72207K [0x0000000700000000, 0x0000000800000000)
  region size 2048K, 5 young (10240K), 2 survivors (4096K)
 Metaspace       used 11394K, committed 11584K, reserved 1114112K
  class space    used 1058K, committed 1152K, reserved 1048576K
}
Event: 39.084 GC heap after
{Heap after GC invocations=59 (full 37):
 garbage-first heap   total 122880K, used 68715K [0x0000000700000000, 0x0000000800000000)
  region size 2048K, 0 young (0K), 0 survivors (0K)
 Metaspace       used 11394K, committed 11584K, reserved 1114112K
  class space    used 1058K, committed 1152K, reserved 1048576K
}
Event: 39.892 GC heap before
{Heap before GC invocations=59 (full 37):
 garbage-first heap   total 122880K, used 68715K [0x0000000700000000, 0x0000000800000000)
  region size 2048K, 1 young (2048K), 0 survivors (0K)
 Metaspace       used 11394K, committed 11584K, reserved 1114112K
  class space    used 1058K, committed 1152K, reserved 1048576K
}
Event: 39.971 GC heap after
{Heap after GC invocations=60 (full 38):
 garbage-first heap   total 122880K, used 68715K [0x0000000700000000, 0x0000000800000000)
  region size 2048K, 0 young (0K), 0 survivors (0K)
 Metaspace       used 11394K, committed 11584K, reserved 1114112K
  class space    used 1058K, committed 1152K, reserved 1048576K
}
Event: 41.497 GC heap before
{Heap before GC invocations=60 (full 38):
 garbage-first heap   total 122880K, used 78955K [0x0000000700000000, 0x0000000800000000)
  region size 2048K, 6 young (12288K), 0 survivors (0K)
 Metaspace       used 11394K, committed 11584K, reserved 1114112K
  class space    used 1058K, committed 1152K, reserved 1048576K
}
Event: 41.610 GC heap after
{Heap after GC invocations=61 (full 39):
 garbage-first heap   total 122880K, used 70826K [0x0000000700000000, 0x0000000800000000)
  region size 2048K, 0 young (0K), 0 survivors (0K)
 Metaspace       used 11394K, committed 11584K, reserved 1114112K
  class space    used 1058K, committed 1152K, reserved 1048576K
}
Event: 42.346 GC heap before
{Heap before GC invocations=61 (full 39):
 garbage-first heap   total 122880K, used 70826K [0x0000000700000000, 0x0000000800000000)
  region size 2048K, 1 young (2048K), 0 survivors (0K)
 Metaspace       used 11394K, committed 11584K, reserved 1114112K
  class space    used 1058K, committed 1152K, reserved 1048576K
}
Event: 42.421 GC heap after
{Heap after GC invocations=62 (full 40):
 garbage-first heap   total 122880K, used 70826K [0x0000000700000000, 0x0000000800000000)
  region size 2048K, 0 young (0K), 0 survivors (0K)
 Metaspace       used 11394K, committed 11584K, reserved 1114112K
  class space    used 1058K, committed 1152K, reserved 1048576K
}
Event: 44.523 GC heap before
{Heap before GC invocations=62 (full 40):
 garbage-first heap   total 122880K, used 87210K [0x0000000700000000, 0x0000000800000000)
  region size 2048K, 9 young (18432K), 0 survivors (0K)
 Metaspace       used 11394K, committed 11584K, reserved 1114112K
  class space    used 1058K, committed 1152K, reserved 1048576K
}
Event: 44.612 GC heap after
{Heap after GC invocations=63 (full 41):
 garbage-first heap   total 126976K, used 73999K [0x0000000700000000, 0x0000000800000000)
  region size 2048K, 0 young (0K), 0 survivors (0K)
 Metaspace       used 11394K, committed 11584K, reserved 1114112K
  class space    used 1058K, committed 1152K, reserved 1048576K
}
Event: 45.311 GC heap before
{Heap before GC invocations=63 (full 41):
 garbage-first heap   total 126976K, used 73999K [0x0000000700000000, 0x0000000800000000)
  region size 2048K, 1 young (2048K), 0 survivors (0K)
 Metaspace       used 11394K, committed 11584K, reserved 1114112K
  class space    used 1058K, committed 1152K, reserved 1048576K
}
Event: 45.386 GC heap after
{Heap after GC invocations=64 (full 42):
 garbage-first heap   total 126976K, used 73999K [0x0000000700000000, 0x0000000800000000)
  region size 2048K, 0 young (0K), 0 survivors (0K)
 Metaspace       used 11394K, committed 11584K, reserved 1114112K
  class space    used 1058K, committed 1152K, reserved 1048576K
}
Event: 47.629 GC heap before
{Heap before GC invocations=64 (full 42):
 garbage-first heap   total 126976K, used 88335K [0x0000000700000000, 0x0000000800000000)
  region size 2048K, 8 young (16384K), 0 survivors (0K)
 Metaspace       used 11395K, committed 11584K, reserved 1114112K
  class space    used 1058K, committed 1152K, reserved 1048576K
}
Event: 47.722 GC heap after
{Heap after GC invocations=65 (full 43):
 garbage-first heap   total 131072K, used 76830K [0x0000000700000000, 0x0000000800000000)
  region size 2048K, 0 young (0K), 0 survivors (0K)
 Metaspace       used 11395K, committed 11584K, reserved 1114112K
  class space    used 1058K, committed 1152K, reserved 1048576K
}
Event: 51.108 GC heap before
{Heap before GC invocations=65 (full 43):
 garbage-first heap   total 131072K, used 109598K [0x0000000700000000, 0x0000000800000000)
  region size 2048K, 16 young (32768K), 0 survivors (0K)
 Metaspace       used 11395K, committed 11584K, reserved 1114112K
  class space    used 1058K, committed 1152K, reserved 1048576K
}
Event: 51.217 GC heap after
{Heap after GC invocations=66 (full 43):
 garbage-first heap   total 219136K, used 83411K [0x0000000700000000, 0x0000000800000000)
  region size 2048K, 2 young (4096K), 2 survivors (4096K)
 Metaspace       used 11395K, committed 11584K, reserved 1114112K
  class space    used 1058K, committed 1152K, reserved 1048576K
}
Event: 59.834 GC heap before
{Heap before GC invocations=67 (full 43):
 garbage-first heap   total 219136K, used 140755K [0x0000000700000000, 0x0000000800000000)
  region size 2048K, 31 young (63488K), 2 survivors (4096K)
 Metaspace       used 11397K, committed 11584K, reserved 1114112K
  class space    used 1058K, committed 1152K, reserved 1048576K
}

Dll operation events (8 events):
Event: 0.075 Loaded shared library C:\Program Files\temurin-jre-21\bin\java.dll
Event: 0.163 Loaded shared library C:\Program Files\temurin-jre-21\bin\jsvml.dll
Event: 0.183 Loaded shared library C:\Program Files\temurin-jre-21\bin\net.dll
Event: 0.187 Loaded shared library C:\Program Files\temurin-jre-21\bin\nio.dll
Event: 0.200 Loaded shared library C:\Program Files\temurin-jre-21\bin\zip.dll
Event: 0.514 Loaded shared library C:\Users\M509PSAO\Projects\List_reminder_colorectal_cancer_screening\.venv\Lib\site-packages\_jpype.cp311-win_amd64.pyd
Event: 0.734 Loaded shared library C:\Program Files\temurin-jre-21\bin\jimage.dll
Event: 1.667 Loaded shared library C:\Program Files\temurin-jre-21\bin\extnet.dll

Deoptimization events (20 events):
Event: 3.076 Thread 0x0000029f15697fc0 DEOPT PACKING pc=0x0000029f25a6c064 sp=0x000000e37fbea480
Event: 3.076 Thread 0x0000029f15697fc0 DEOPT UNPACKING pc=0x0000029f254946a2 sp=0x000000e37fbea3f0 mode 2
Event: 3.076 Thread 0x0000029f15697fc0 Uncommon trap: trap_request=0xffffffbe fr.pc=0x0000029f25a6c064 relative=0x0000000000002644
Event: 3.076 Thread 0x0000029f15697fc0 Uncommon trap: reason=profile_predicate action=maybe_recompile pc=0x0000029f25a6c064 method=org.jpype.manager.MethodResolution.sortMethods(Ljava/util/List;)Ljava/util/List; @ 61 c2
Event: 3.076 Thread 0x0000029f15697fc0 DEOPT PACKING pc=0x0000029f25a6c064 sp=0x000000e37fbea480
Event: 3.076 Thread 0x0000029f15697fc0 DEOPT UNPACKING pc=0x0000029f254946a2 sp=0x000000e37fbea3f0 mode 2
Event: 3.077 Thread 0x0000029f15697fc0 Uncommon trap: trap_request=0xffffffbe fr.pc=0x0000029f25a64444 relative=0x0000000000002424
Event: 3.077 Thread 0x0000029f15697fc0 Uncommon trap: reason=profile_predicate action=maybe_recompile pc=0x0000029f25a64444 method=org.jpype.manager.MethodResolution.sortMethods(Ljava/util/List;)Ljava/util/List; @ 61 c2
Event: 3.077 Thread 0x0000029f15697fc0 DEOPT PACKING pc=0x0000029f25a64444 sp=0x000000e37fbea480
Event: 3.077 Thread 0x0000029f15697fc0 DEOPT UNPACKING pc=0x0000029f254946a2 sp=0x000000e37fbea3f0 mode 2
Event: 3.427 Thread 0x0000029f15697fc0 DEOPT PACKING pc=0x0000029f1e01a4c9 sp=0x000000e37fbeb8c0
Event: 3.427 Thread 0x0000029f15697fc0 DEOPT UNPACKING pc=0x0000029f25494e42 sp=0x000000e37fbead38 mode 0
Event: 4.129 Thread 0x0000029f15697fc0 Uncommon trap: trap_request=0xffffff45 fr.pc=0x0000029f25a6ab7c relative=0x0000000000000d7c
Event: 4.129 Thread 0x0000029f15697fc0 Uncommon trap: reason=unstable_if action=reinterpret pc=0x0000029f25a6ab7c method=com.ibm.db2.jcc.t4.c.aL(I)V @ 10 c2
Event: 4.129 Thread 0x0000029f15697fc0 DEOPT PACKING pc=0x0000029f25a6ab7c sp=0x000000e37fbebee0
Event: 4.129 Thread 0x0000029f15697fc0 DEOPT UNPACKING pc=0x0000029f254946a2 sp=0x000000e37fbebdb8 mode 2
Event: 4.489 Thread 0x0000029f15697fc0 Uncommon trap: trap_request=0xffffff45 fr.pc=0x0000029f25a62fc0 relative=0x00000000000007e0
Event: 4.489 Thread 0x0000029f15697fc0 Uncommon trap: reason=unstable_if action=reinterpret pc=0x0000029f25a62fc0 method=com.ibm.db2.jcc.am.bg.e()Z @ 9 c2
Event: 4.489 Thread 0x0000029f15697fc0 DEOPT PACKING pc=0x0000029f25a62fc0 sp=0x000000e37fbebfa0
Event: 4.489 Thread 0x0000029f15697fc0 DEOPT UNPACKING pc=0x0000029f254946a2 sp=0x000000e37fbebe20 mode 2

Classes loaded (20 events):
Event: 2.296 Loading class javax/net/ssl/SSLSession
Event: 2.296 Loading class javax/net/ssl/SSLSession done
Event: 2.297 Loading class java/util/EventListener
Event: 2.298 Loading class java/util/EventListener done
Event: 2.318 Loading class java/util/function/UnaryOperator
Event: 2.318 Loading class java/util/function/UnaryOperator done
Event: 2.336 Loading class javax/naming/Reference
Event: 2.336 Loading class javax/naming/Reference done
Event: 2.347 Loading class java/util/InvalidPropertiesFormatException
Event: 2.347 Loading class java/util/InvalidPropertiesFormatException done
Event: 3.072 Loading class java/nio/charset/MalformedInputException
Event: 3.072 Loading class java/nio/charset/MalformedInputException done
Event: 3.158 Loading class java/math/BigDecimal$LongOverflow
Event: 3.159 Loading class java/math/BigDecimal$LongOverflow done
Event: 3.159 Loading class java/math/BigDecimal$StringBuilderHelper
Event: 3.159 Loading class java/math/BigDecimal$StringBuilderHelper done
Event: 3.159 Loading class java/math/BigDecimal$UnsafeHolder
Event: 3.159 Loading class java/math/BigDecimal$UnsafeHolder done
Event: 3.328 Loading class java/lang/foreign/MemorySegment
Event: 3.329 Loading class java/lang/foreign/MemorySegment done

Classes unloaded (0 events):
No events

Classes redefined (0 events):
No events

Internal exceptions (20 events):
Event: 0.207 Thread 0x0000029f15697fc0 Exception <a 'java/lang/NoClassDefFoundError'{0x00000007075e6ba0}: org/jpype/classloader/DynamicClassLoader> (0x00000007075e6ba0) 
thrown [s\src\hotspot\share\classfile\systemDictionary.cpp, line 301]
Event: 0.518 Thread 0x0000029f15697fc0 Exception <a 'java/lang/NoSuchMethodError'{0x00000007073336f0}: 'int java.lang.invoke.DirectMethodHandle$Holder.invokeStaticInit(java.lang.Object, java.lang.Object)'> (0x00000007073336f0) 
thrown [s\src\hotspot\share\interpreter\linkResolver.cpp, line 773]
Event: 0.519 Thread 0x0000029f15697fc0 Exception <a 'java/lang/NoSuchMethodError'{0x0000000707339a28}: 'java.lang.Object java.lang.invoke.DirectMethodHandle$Holder.invokeStaticInit(java.lang.Object, int)'> (0x0000000707339a28) 
thrown [s\src\hotspot\share\interpreter\linkResolver.cpp, line 773]
Event: 0.524 Thread 0x0000029f15697fc0 Exception <a 'java/lang/NoSuchMethodError'{0x0000000707344448}: 'int java.lang.invoke.DirectMethodHandle$Holder.invokeSpecial(java.lang.Object, java.lang.Object, java.lang.Object)'> (0x0000000707344448) 
thrown [s\src\hotspot\share\interpreter\linkResolver.cpp, line 773]
Event: 0.527 Thread 0x0000029f15697fc0 Exception <a 'java/lang/NoSuchMethodError'{0x00000007073546f8}: 'java.lang.Object java.lang.invoke.DirectMethodHandle$Holder.invokeStatic(java.lang.Object, java.lang.Object, int)'> (0x00000007073546f8) 
thrown [s\src\hotspot\share\interpreter\linkResolver.cpp, line 773]
Event: 0.529 Thread 0x0000029f15697fc0 Exception <a 'java/lang/NoSuchMethodError'{0x000000070735fa40}: 'void java.lang.invoke.DelegatingMethodHandle$Holder.delegate(java.lang.Object, java.lang.Object, int, java.lang.Object)'> (0x000000070735fa40) 
thrown [s\src\hotspot\share\interpreter\linkResolver.cpp, line 773]
Event: 0.551 Thread 0x0000029f15697fc0 Exception <a 'java/lang/NoSuchMethodError'{0x00000007073f5220}: 'java.lang.Object java.lang.invoke.Invokers$Holder.invokeExact_MT(java.lang.Object, java.lang.Object, java.lang.Object, java.lang.Object, java.lang.Object)'> (0x00000007073f5220) 
thrown [s\src\hotspot\share\interpreter\linkResolver.cpp, line 773]
Event: 0.559 Thread 0x0000029f15697fc0 Exception <a 'java/lang/NoSuchMethodError'{0x0000000707013d60}: 'java.lang.Object java.lang.invoke.DirectMethodHandle$Holder.invokeInterface(java.lang.Object, java.lang.Object)'> (0x0000000707013d60) 
thrown [s\src\hotspot\share\interpreter\linkResolver.cpp, line 773]
Event: 0.560 Thread 0x0000029f15697fc0 Exception <a 'java/lang/IncompatibleClassChangeError'{0x0000000707017058}: Found class java.lang.Object, but interface was expected> (0x0000000707017058) 
thrown [s\src\hotspot\share\interpreter\linkResolver.cpp, line 840]
Event: 0.592 Thread 0x0000029f15697fc0 Exception <a 'java/lang/NoSuchMethodError'{0x000000070710d310}: method resolution failed> (0x000000070710d310) 
thrown [s\src\hotspot\share\prims\methodHandles.cpp, line 1144]
Event: 1.078 Thread 0x0000029f15697fc0 Exception <a 'java/lang/NoSuchMethodError'{0x0000000701a003a0}: method resolution failed> (0x0000000701a003a0) 
thrown [s\src\hotspot\share\prims\methodHandles.cpp, line 1144]
Event: 1.226 Thread 0x0000029f15697fc0 Exception <a 'java/lang/NoSuchMethodError'{0x00000007012f4ad8}: 'java.lang.Object java.lang.reflect.Field.get(java.lang.Object, java.lang.Class)'> (0x00000007012f4ad8) 
thrown [s\src\hotspot\share\interpreter\linkResolver.cpp, line 773]
Event: 1.228 Thread 0x0000029f15697fc0 Exception <a 'java/lang/NoSuchMethodError'{0x00000007012fd680}: 'int java.lang.invoke.Invokers$Holder.invokeExact_MT(java.lang.Object, java.lang.Object)'> (0x00000007012fd680) 
thrown [s\src\hotspot\share\interpreter\linkResolver.cpp, line 773]
Event: 1.256 Thread 0x0000029f15697fc0 Exception <a 'java/lang/NoSuchMethodError'{0x00000007013a1f50}: method resolution failed> (0x00000007013a1f50) 
thrown [s\src\hotspot\share\prims\methodHandles.cpp, line 1144]
Event: 1.507 Thread 0x0000029f15697fc0 Implicit null exception at 0x0000029f25a05c20 to 0x0000029f25a061cc
Event: 1.669 Thread 0x0000029f15697fc0 Exception <a 'java/lang/NoSuchMethodError'{0x0000000701357180}: 'void java.lang.invoke.DirectMethodHandle$Holder.invokeStatic(java.lang.Object, java.lang.Object)'> (0x0000000701357180) 
thrown [s\src\hotspot\share\interpreter\linkResolver.cpp, line 773]
Event: 1.827 Thread 0x0000029f15697fc0 Exception <a 'sun/nio/fs/WindowsException'{0x000000070134be58}> (0x000000070134be58) 
thrown [s\src\hotspot\share\prims\jni.cpp, line 520]
Event: 1.916 Thread 0x0000029f15697fc0 Exception <a 'java/lang/NoSuchMethodError'{0x0000000701388b18}: 'java.lang.Object java.lang.invoke.DirectMethodHandle$Holder.invokeStaticInit(java.lang.Object, int, int, int, int)'> (0x0000000701388b18) 
thrown [s\src\hotspot\share\interpreter\linkResolver.cpp, line 773]
Event: 2.071 Thread 0x0000029f15697fc0 Exception <a 'java/lang/NoSuchMethodError'{0x00000007010494a8}: 'java.lang.Object java.lang.invoke.DirectMethodHandle$Holder.invokeStaticInit(java.lang.Object, java.lang.Object, int, int, int, int)'> (0x00000007010494a8) 
thrown [s\src\hotspot\share\interpreter\linkResolver.cpp, line 773]
Event: 2.107 Thread 0x0000029f15697fc0 Exception <a 'java/lang/NoSuchMethodError'{0x0000000701062f18}: 'void java.lang.invoke.DirectMethodHandle$Holder.invokeVirtual(java.lang.Object, java.lang.Object)'> (0x0000000701062f18) 
thrown [s\src\hotspot\share\interpreter\linkResolver.cpp, line 773]

ZGC Phase Switch (0 events):
No events

VM Operations (20 events):
Event: 41.610 Executing VM operation: G1CollectFull (System.gc()) done
Event: 42.346 Executing VM operation: G1CollectFull (System.gc())
Event: 42.421 Executing VM operation: G1CollectFull (System.gc()) done
Event: 44.523 Executing VM operation: G1CollectFull (System.gc())
Event: 44.612 Executing VM operation: G1CollectFull (System.gc()) done
Event: 45.311 Executing VM operation: G1CollectFull (System.gc())
Event: 45.386 Executing VM operation: G1CollectFull (System.gc()) done
Event: 47.629 Executing VM operation: G1CollectFull (System.gc())
Event: 47.722 Executing VM operation: G1CollectFull (System.gc()) done
Event: 49.727 Executing VM operation: Cleanup
Event: 49.731 Executing VM operation: Cleanup done
Event: 51.106 Executing VM operation: G1CollectForAllocation (G1 Evacuation Pause)
Event: 51.217 Executing VM operation: G1CollectForAllocation (G1 Evacuation Pause) done
Event: 51.269 Executing VM operation: G1PauseRemark
Event: 51.287 Executing VM operation: G1PauseRemark done
Event: 51.303 Executing VM operation: G1PauseCleanup
Event: 51.304 Executing VM operation: G1PauseCleanup done
Event: 56.308 Executing VM operation: Cleanup
Event: 56.308 Executing VM operation: Cleanup done
Event: 59.831 Executing VM operation: G1CollectFull (System.gc())

Events (20 events):
Event: 4.668 Thread 0x0000029f16ef12c0 flushing nmethod 0x0000029f1e1eef90
Event: 4.668 Thread 0x0000029f16ef12c0 flushing nmethod 0x0000029f1e1dc490
Event: 4.668 Thread 0x0000029f16ef12c0 flushing nmethod 0x0000029f1e1ed810
Event: 4.668 Thread 0x0000029f16ef12c0 flushing nmethod 0x0000029f1e1ecf90
Event: 4.668 Thread 0x0000029f16ef12c0 flushing nmethod 0x0000029f1e1ec810
Event: 4.668 Thread 0x0000029f16ef12c0 flushing nmethod 0x0000029f1e1ec210
Event: 4.668 Thread 0x0000029f16ef12c0 flushing nmethod 0x0000029f1e1eaf10
Event: 4.668 Thread 0x0000029f16ef12c0 flushing nmethod 0x0000029f1e1c4610
Event: 4.668 Thread 0x0000029f16ef12c0 flushing nmethod 0x0000029f1e0c8e10
Event: 4.668 Thread 0x0000029f16ef12c0 flushing nmethod 0x0000029f1df2cf10
Event: 4.668 Thread 0x0000029f16ef12c0 flushing nmethod 0x0000029f25a69b90
Event: 4.668 Thread 0x0000029f16ef12c0 flushing nmethod 0x0000029f25a62590
Event: 6.636 Thread 0x0000029f16ef12c0 flushing nmethod 0x0000029f1e1bbe90
Event: 6.636 Thread 0x0000029f16ef12c0 flushing nmethod 0x0000029f1e045410
Event: 8.161 Thread 0x0000029f16ef12c0 flushing nmethod 0x0000029f1e1cb890
Event: 34.604 Thread 0x0000029f16ef12c0 flushing nmethod 0x0000029f1e1cb190
Event: 34.604 Thread 0x0000029f16ef12c0 flushing nmethod 0x0000029f1e0c9c10
Event: 34.604 Thread 0x0000029f16ef12c0 flushing nmethod 0x0000029f1df6ab10
Event: 35.590 Thread 0x0000029f16ef12c0 flushing nmethod 0x0000029f1e0d6190
Event: 39.049 Thread 0x0000029f16ef12c0 flushing nmethod 0x0000029f1df3ec90


Dynamic libraries:
0x00007ff7207d0000 - 0x00007ff7207ea000 	C:\Users\M509PSAO\AppData\Local\Programs\Python\Python311\python.exe
0x00007ff9dad10000 - 0x00007ff9daf29000 	C:\WINDOWS\SYSTEM32\ntdll.dll
0x00007ff9d94d0000 - 0x00007ff9d9594000 	C:\WINDOWS\System32\KERNEL32.DLL
0x00007ff9d84c0000 - 0x00007ff9d8888000 	C:\WINDOWS\System32\KERNELBASE.dll
0x00007ff9d8890000 - 0x00007ff9d89a1000 	C:\WINDOWS\System32\ucrtbase.dll
0x00007ff9cfb80000 - 0x00007ff9cfb9d000 	C:\Users\M509PSAO\AppData\Local\Programs\Python\Python311\VCRUNTIME140.dll
0x00007ff971860000 - 0x00007ff971e36000 	C:\Users\M509PSAO\AppData\Local\Programs\Python\Python311\python311.dll
0x00007ff9d93d0000 - 0x00007ff9d9441000 	C:\WINDOWS\System32\WS2_32.dll
0x00007ff9cc400000 - 0x00007ff9cc40a000 	C:\WINDOWS\SYSTEM32\VERSION.dll
0x00007ff9daad0000 - 0x00007ff9dabe8000 	C:\WINDOWS\System32\RPCRT4.dll
0x00007ff9d9b60000 - 0x00007ff9d9c07000 	C:\WINDOWS\System32\msvcrt.dll
0x00007ff9d8350000 - 0x00007ff9d8378000 	C:\WINDOWS\System32\bcrypt.dll
0x00007ff9d8b80000 - 0x00007ff9d8c31000 	C:\WINDOWS\System32\ADVAPI32.dll
0x00007ff9d9a60000 - 0x00007ff9d9b08000 	C:\WINDOWS\System32\sechost.dll
0x00007ff9d8380000 - 0x00007ff9d83fb000 	C:\WINDOWS\System32\bcryptprimitives.dll
0x0000029f106a0000 - 0x0000029f106af000 	C:\Users\M509PSAO\AppData\Local\Programs\Python\Python311\python3.DLL
0x00007ff9a0f00000 - 0x00007ff9a1003000 	c:\Users\M509PSAO\Projects\List_reminder_colorectal_cancer_screening\.venv\Lib\site-packages\zmq\backend\cython\_zmq.cp311-win_amd64.pyd
0x00007ff9d65b0000 - 0x00007ff9d65dd000 	C:\WINDOWS\SYSTEM32\IPHLPAPI.DLL
0x00007ff9d76b0000 - 0x00007ff9d76bc000 	C:\WINDOWS\SYSTEM32\CRYPTBASE.DLL
0x00007ff9cf5a0000 - 0x00007ff9cf5b5000 	C:\Users\M509PSAO\AppData\Local\Programs\Python\Python311\DLLs\_socket.pyd
0x00007ff9d1930000 - 0x00007ff9d1939000 	C:\Users\M509PSAO\AppData\Local\Programs\Python\Python311\DLLs\select.pyd
0x00007ff9c7d00000 - 0x00007ff9c7d2d000 	C:\Users\M509PSAO\AppData\Local\Programs\Python\Python311\DLLs\_ssl.pyd
0x00007ff9d81b0000 - 0x00007ff9d8318000 	C:\WINDOWS\System32\CRYPT32.dll
0x00007ff95f090000 - 0x00007ff95f589000 	C:\Users\M509PSAO\AppData\Local\Programs\Python\Python311\DLLs\libcrypto-3.dll
0x00007ff9aedf0000 - 0x00007ff9aeeb2000 	C:\Users\M509PSAO\AppData\Local\Programs\Python\Python311\DLLs\libssl-3.dll
0x00007ff9d89c0000 - 0x00007ff9d8b71000 	C:\WINDOWS\System32\USER32.dll
0x00007ff9d8320000 - 0x00007ff9d8346000 	C:\WINDOWS\System32\win32u.dll
0x00007ff9d94a0000 - 0x00007ff9d94c9000 	C:\WINDOWS\System32\GDI32.dll
0x00007ff9d7eb0000 - 0x00007ff9d7fcc000 	C:\WINDOWS\System32\gdi32full.dll
0x00007ff9d8110000 - 0x00007ff9d81aa000 	C:\WINDOWS\System32\msvcp_win.dll
0x00007ff9d9b20000 - 0x00007ff9d9b51000 	C:\WINDOWS\System32\IMM32.DLL
0x00007ff9caf00000 - 0x00007ff9caf11000 	C:\Users\M509PSAO\AppData\Local\Programs\Python\Python311\DLLs\_asyncio.pyd
0x00007ff9cfbd0000 - 0x00007ff9cfbde000 	C:\Users\M509PSAO\AppData\Local\Programs\Python\Python311\DLLs\_overlapped.pyd
0x00007ff9d73d0000 - 0x00007ff9d7439000 	C:\WINDOWS\system32\mswsock.dll
0x00007ff9cfa60000 - 0x00007ff9cfa75000 	C:\Users\M509PSAO\AppData\Local\Programs\Python\Python311\DLLs\_bz2.pyd
0x00007ff9c90a0000 - 0x00007ff9c90c9000 	C:\Users\M509PSAO\AppData\Local\Programs\Python\Python311\DLLs\_lzma.pyd
0x00007ff9cfe30000 - 0x00007ff9cfe39000 	C:\Users\M509PSAO\AppData\Local\Programs\Python\Python311\DLLs\_queue.pyd
0x00007ff9cae00000 - 0x00007ff9cae11000 	C:\Users\M509PSAO\AppData\Local\Programs\Python\Python311\DLLs\_hashlib.pyd
0x00007ff9cfb10000 - 0x00007ff9cfb18000 	c:\Users\M509PSAO\Projects\List_reminder_colorectal_cancer_screening\.venv\Lib\site-packages\tornado\speedups.pyd
0x00007ff9cae50000 - 0x00007ff9cae6f000 	C:\Users\M509PSAO\AppData\Local\Programs\Python\Python311\DLLs\_ctypes.pyd
0x00007ff9cfb70000 - 0x00007ff9cfb7b000 	C:\Users\M509PSAO\AppData\Local\Programs\Python\Python311\DLLs\libffi-8.dll
0x00007ff9d98a0000 - 0x00007ff9d9a41000 	C:\WINDOWS\System32\ole32.dll
0x00007ff9d8f20000 - 0x00007ff9d92b2000 	C:\WINDOWS\System32\combase.dll
0x00007ff9dabf0000 - 0x00007ff9dacc9000 	C:\WINDOWS\System32\OLEAUT32.dll
0x00007ff9bcfc0000 - 0x00007ff9bcfff000 	C:\Users\M509PSAO\AppData\Local\Programs\Python\Python311\DLLs\_decimal.pyd
0x00007ff9d18e0000 - 0x00007ff9d18e7000 	C:\Users\M509PSAO\AppData\Local\Programs\Python\Python311\DLLs\_uuid.pyd
0x00007ff9da230000 - 0x00007ff9daace000 	C:\WINDOWS\System32\shell32.DLL
0x00007ff9d7fd0000 - 0x00007ff9d810f000 	C:\WINDOWS\System32\wintypes.dll
0x00007ff9ccd60000 - 0x00007ff9ccd7e000 	C:\Users\M509PSAO\AppData\Local\Programs\Python\Python311\DLLs\_sqlite3.pyd
0x00007ff984540000 - 0x00007ff9846b8000 	C:\Users\M509PSAO\AppData\Local\Programs\Python\Python311\DLLs\sqlite3.dll
0x00007ff9bb630000 - 0x00007ff9bb662000 	C:\Users\M509PSAO\AppData\Local\Programs\Python\Python311\DLLs\pyexpat.pyd
0x00007ff9a1240000 - 0x00007ff9a1358000 	C:\Users\M509PSAO\AppData\Local\Programs\Python\Python311\DLLs\unicodedata.pyd
0x00007ff9c92c0000 - 0x00007ff9c92d6000 	c:\Users\M509PSAO\Projects\List_reminder_colorectal_cancer_screening\.venv\Lib\site-packages\psutil\_psutil_windows.pyd
0x00007ff9d6b60000 - 0x00007ff9d6bad000 	C:\WINDOWS\SYSTEM32\POWRPROF.dll
0x00007ff9d8c40000 - 0x00007ff9d8c48000 	C:\WINDOWS\System32\PSAPI.DLL
0x00007ff9c31b0000 - 0x00007ff9c3200000 	C:\WINDOWS\SYSTEM32\pdh.dll
0x00007ff9d6b40000 - 0x00007ff9d6b53000 	C:\WINDOWS\SYSTEM32\UMPDC.dll
0x00007ff9d6bb0000 - 0x00007ff9d6bc4000 	C:\WINDOWS\SYSTEM32\wtsapi32.dll
0x00007ff9d9a50000 - 0x00007ff9d9a59000 	C:\WINDOWS\System32\NSI.dll
0x00007ff9d2470000 - 0x00007ff9d2489000 	C:\WINDOWS\SYSTEM32\dhcpcsvc6.DLL
0x00007ff9d2450000 - 0x00007ff9d246f000 	C:\WINDOWS\SYSTEM32\dhcpcsvc.DLL
0x00007ff9d65e0000 - 0x00007ff9d66d8000 	C:\WINDOWS\SYSTEM32\DNSAPI.dll
0x00007ff9d6df0000 - 0x00007ff9d6e08000 	C:\WINDOWS\SYSTEM32\kernel.appcore.dll
0x00007ff9b1b60000 - 0x00007ff9b1bc8000 	c:\Users\M509PSAO\Projects\List_reminder_colorectal_cancer_screening\.venv\Lib\site-packages\debugpy\_vendored\pydevd\_pydevd_bundle\pydevd_cython.cp311-win_amd64.pyd
0x00007ff97f9f0000 - 0x00007ff97fcc8000 	c:\Users\M509PSAO\Projects\List_reminder_colorectal_cancer_screening\.venv\Lib\site-packages\numpy\core\_multiarray_umath.cp311-win_amd64.pyd
0x00007ff949b50000 - 0x00007ff94bc06000 	c:\Users\M509PSAO\Projects\List_reminder_colorectal_cancer_screening\.venv\Lib\site-packages\numpy.libs\libopenblas64__v0.3.23-293-gc2f4bdbb-gcc_10_3_0-2bde3a66a51006b2b53eb373ff767a3f.dll
0x00007ff9c9260000 - 0x00007ff9c9274000 	c:\Users\M509PSAO\Projects\List_reminder_colorectal_cancer_screening\.venv\Lib\site-packages\numpy\core\_multiarray_tests.cp311-win_amd64.pyd
0x00007ff9c5790000 - 0x00007ff9c57ad000 	c:\Users\M509PSAO\Projects\List_reminder_colorectal_cancer_screening\.venv\Lib\site-packages\numpy\linalg\_umath_linalg.cp311-win_amd64.pyd
0x00007ff9c0e40000 - 0x00007ff9c0e5e000 	c:\Users\M509PSAO\Projects\List_reminder_colorectal_cancer_screening\.venv\Lib\site-packages\numpy\fft\_pocketfft_internal.cp311-win_amd64.pyd
0x00007ff9ab100000 - 0x00007ff9ab197000 	c:\Users\M509PSAO\Projects\List_reminder_colorectal_cancer_screening\.venv\Lib\site-packages\numpy\random\mtrand.cp311-win_amd64.pyd
0x00007ff9b3980000 - 0x00007ff9b39ac000 	c:\Users\M509PSAO\Projects\List_reminder_colorectal_cancer_screening\.venv\Lib\site-packages\numpy\random\bit_generator.cp311-win_amd64.pyd
0x00007ff9b2370000 - 0x00007ff9b239f000 	c:\Users\M509PSAO\Projects\List_reminder_colorectal_cancer_screening\.venv\Lib\site-packages\numpy\random\_common.cp311-win_amd64.pyd
0x00007ff9b1eb0000 - 0x00007ff9b1ef3000 	c:\Users\M509PSAO\Projects\List_reminder_colorectal_cancer_screening\.venv\Lib\site-packages\numpy\random\_bounded_integers.cp311-win_amd64.pyd
0x00007ff9c0d80000 - 0x00007ff9c0d96000 	c:\Users\M509PSAO\Projects\List_reminder_colorectal_cancer_screening\.venv\Lib\site-packages\numpy\random\_mt19937.cp311-win_amd64.pyd
0x00007ff9bf560000 - 0x00007ff9bf575000 	c:\Users\M509PSAO\Projects\List_reminder_colorectal_cancer_screening\.venv\Lib\site-packages\numpy\random\_philox.cp311-win_amd64.pyd
0x00007ff9befb0000 - 0x00007ff9befc9000 	c:\Users\M509PSAO\Projects\List_reminder_colorectal_cancer_screening\.venv\Lib\site-packages\numpy\random\_pcg64.cp311-win_amd64.pyd
0x00007ff9cfa50000 - 0x00007ff9cfa60000 	c:\Users\M509PSAO\Projects\List_reminder_colorectal_cancer_screening\.venv\Lib\site-packages\numpy\random\_sfc64.cp311-win_amd64.pyd
0x00007ff9a6e70000 - 0x00007ff9a6f1f000 	c:\Users\M509PSAO\Projects\List_reminder_colorectal_cancer_screening\.venv\Lib\site-packages\numpy\random\_generator.cp311-win_amd64.pyd
0x00007ff9cfa20000 - 0x00007ff9cfa2b000 	c:\Users\M509PSAO\Projects\List_reminder_colorectal_cancer_screening\.venv\Lib\site-packages\pandas\_libs\pandas_parser.cp311-win_amd64.pyd
0x00007ff9cf7c0000 - 0x00007ff9cf7cc000 	c:\Users\M509PSAO\Projects\List_reminder_colorectal_cancer_screening\.venv\Lib\site-packages\pandas\_libs\pandas_datetime.cp311-win_amd64.pyd
0x00007ff98d6b0000 - 0x00007ff98d7c5000 	c:\Users\M509PSAO\Projects\List_reminder_colorectal_cancer_screening\.venv\Lib\site-packages\pandas\_libs\interval.cp311-win_amd64.pyd
0x00007ff984190000 - 0x00007ff984359000 	c:\Users\M509PSAO\Projects\List_reminder_colorectal_cancer_screening\.venv\Lib\site-packages\pandas\_libs\hashtable.cp311-win_amd64.pyd
0x00007ff9b1b20000 - 0x00007ff9b1b51000 	c:\Users\M509PSAO\Projects\List_reminder_colorectal_cancer_screening\.venv\Lib\site-packages\pandas\_libs\missing.cp311-win_amd64.pyd
0x00007ff9b1800000 - 0x00007ff9b182d000 	c:\Users\M509PSAO\Projects\List_reminder_colorectal_cancer_screening\.venv\Lib\site-packages\pandas\_libs\tslibs\dtypes.cp311-win_amd64.pyd
0x00007ff9bef60000 - 0x00007ff9bef75000 	c:\Users\M509PSAO\Projects\List_reminder_colorectal_cancer_screening\.venv\Lib\site-packages\pandas\_libs\tslibs\ccalendar.cp311-win_amd64.pyd
0x00007ff9bef30000 - 0x00007ff9bef50000 	c:\Users\M509PSAO\Projects\List_reminder_colorectal_cancer_screening\.venv\Lib\site-packages\pandas\_libs\tslibs\np_datetime.cp311-win_amd64.pyd
0x00007ff9b12d0000 - 0x00007ff9b130c000 	c:\Users\M509PSAO\Projects\List_reminder_colorectal_cancer_screening\.venv\Lib\site-packages\pandas\_libs\tslibs\conversion.cp311-win_amd64.pyd
0x00007ff9bedd0000 - 0x00007ff9bede1000 	c:\Users\M509PSAO\Projects\List_reminder_colorectal_cancer_screening\.venv\Lib\site-packages\pandas\_libs\tslibs\base.cp311-win_amd64.pyd
0x00007ff99b7f0000 - 0x00007ff99b8ce000 	c:\Users\M509PSAO\Projects\List_reminder_colorectal_cancer_screening\.venv\Lib\site-packages\pandas\_libs\tslibs\offsets.cp311-win_amd64.pyd
0x00007ff9a7e20000 - 0x00007ff9a7ea1000 	c:\Users\M509PSAO\Projects\List_reminder_colorectal_cancer_screening\.venv\Lib\site-packages\pandas\_libs\tslibs\timestamps.cp311-win_amd64.pyd
0x00007ff9afda0000 - 0x00007ff9afdd6000 	c:\Users\M509PSAO\Projects\List_reminder_colorectal_cancer_screening\.venv\Lib\site-packages\pandas\_libs\tslibs\nattype.cp311-win_amd64.pyd
0x00007ff9a8070000 - 0x00007ff9a80e8000 	c:\Users\M509PSAO\Projects\List_reminder_colorectal_cancer_screening\.venv\Lib\site-packages\pandas\_libs\tslibs\timedeltas.cp311-win_amd64.pyd
0x00007ff9afd30000 - 0x00007ff9afd6a000 	c:\Users\M509PSAO\Projects\List_reminder_colorectal_cancer_screening\.venv\Lib\site-packages\pandas\_libs\tslibs\timezones.cp311-win_amd64.pyd
0x00007ff9cf710000 - 0x00007ff9cf71d000 	C:\Users\M509PSAO\AppData\Local\Programs\Python\Python311\DLLs\_zoneinfo.pyd
0x0000029f16500000 - 0x0000029f16503000 	C:\WINDOWS\SYSTEM32\tzres.dll
0x00007ff9af190000 - 0x00007ff9af1d6000 	c:\Users\M509PSAO\Projects\List_reminder_colorectal_cancer_screening\.venv\Lib\site-packages\pandas\_libs\tslibs\fields.cp311-win_amd64.pyd
0x00007ff9af2d0000 - 0x00007ff9af310000 	c:\Users\M509PSAO\Projects\List_reminder_colorectal_cancer_screening\.venv\Lib\site-packages\pandas\_libs\tslibs\tzconversion.cp311-win_amd64.pyd
0x00007ff9b6f30000 - 0x00007ff9b6f44000 	c:\Users\M509PSAO\Projects\List_reminder_colorectal_cancer_screening\.venv\Lib\site-packages\pandas\_libs\properties.cp311-win_amd64.pyd
0x00007ff9aef70000 - 0x00007ff9aefc3000 	c:\Users\M509PSAO\Projects\List_reminder_colorectal_cancer_screening\.venv\Lib\site-packages\pandas\_libs\tslibs\parsing.cp311-win_amd64.pyd
0x00007ff9af0d0000 - 0x00007ff9af11f000 	c:\Users\M509PSAO\Projects\List_reminder_colorectal_cancer_screening\.venv\Lib\site-packages\pandas\_libs\tslibs\strptime.cp311-win_amd64.pyd
0x00007ff9a8c70000 - 0x00007ff9a8cd8000 	c:\Users\M509PSAO\Projects\List_reminder_colorectal_cancer_screening\.venv\Lib\site-packages\pandas\_libs\tslibs\period.cp311-win_amd64.pyd
0x00007ff9ae760000 - 0x00007ff9ae792000 	c:\Users\M509PSAO\Projects\List_reminder_colorectal_cancer_screening\.venv\Lib\site-packages\pandas\_libs\tslibs\vectorized.cp311-win_amd64.pyd
0x00007ff9b3b60000 - 0x00007ff9b3b71000 	c:\Users\M509PSAO\Projects\List_reminder_colorectal_cancer_screening\.venv\Lib\site-packages\pandas\_libs\ops_dispatch.cp311-win_amd64.pyd
0x00007ff95a690000 - 0x00007ff95a853000 	c:\Users\M509PSAO\Projects\List_reminder_colorectal_cancer_screening\.venv\Lib\site-packages\pandas\_libs\algos.cp311-win_amd64.pyd
0x00007ff9a0d40000 - 0x00007ff9a0de5000 	c:\Users\M509PSAO\Projects\List_reminder_colorectal_cancer_screening\.venv\Lib\site-packages\pandas\_libs\lib.cp311-win_amd64.pyd
0x00007ff9ae5d0000 - 0x00007ff9ae606000 	c:\Users\M509PSAO\Projects\List_reminder_colorectal_cancer_screening\.venv\Lib\site-packages\pandas\_libs\ops.cp311-win_amd64.pyd
0x00007ff9b17d0000 - 0x00007ff9b17fc000 	c:\Users\M509PSAO\Projects\List_reminder_colorectal_cancer_screening\.venv\Lib\site-packages\pandas\_libs\hashing.cp311-win_amd64.pyd
0x00007ff9b39c0000 - 0x00007ff9b39dc000 	c:\Users\M509PSAO\Projects\List_reminder_colorectal_cancer_screening\.venv\Lib\site-packages\pandas\_libs\arrays.cp311-win_amd64.pyd
0x00007ff9a7970000 - 0x00007ff9a79b2000 	c:\Users\M509PSAO\Projects\List_reminder_colorectal_cancer_screening\.venv\Lib\site-packages\pandas\_libs\tslib.cp311-win_amd64.pyd
0x00007ff999120000 - 0x00007ff9991f2000 	c:\Users\M509PSAO\Projects\List_reminder_colorectal_cancer_screening\.venv\Lib\site-packages\pandas\_libs\sparse.cp311-win_amd64.pyd
0x00007ff9a7190000 - 0x00007ff9a71e0000 	c:\Users\M509PSAO\Projects\List_reminder_colorectal_cancer_screening\.venv\Lib\site-packages\pandas\_libs\internals.cp311-win_amd64.pyd
0x00007ff9b2520000 - 0x00007ff9b2531000 	c:\Users\M509PSAO\Projects\List_reminder_colorectal_cancer_screening\.venv\Lib\site-packages\pandas\_libs\indexing.cp311-win_amd64.pyd
0x00007ff9a02d0000 - 0x00007ff9a0385000 	c:\Users\M509PSAO\Projects\List_reminder_colorectal_cancer_screening\.venv\Lib\site-packages\pandas\_libs\index.cp311-win_amd64.pyd
0x00007ff9ae410000 - 0x00007ff9ae443000 	c:\Users\M509PSAO\Projects\List_reminder_colorectal_cancer_screening\.venv\Lib\site-packages\pandas\_libs\writers.cp311-win_amd64.pyd
0x00007ff988e10000 - 0x00007ff988f26000 	c:\Users\M509PSAO\Projects\List_reminder_colorectal_cancer_screening\.venv\Lib\site-packages\pandas\_libs\join.cp311-win_amd64.pyd
0x00007ff9a58a0000 - 0x00007ff9a58f9000 	c:\Users\M509PSAO\Projects\List_reminder_colorectal_cancer_screening\.venv\Lib\site-packages\pandas\_libs\window\aggregations.cp311-win_amd64.pyd
0x00007ff9c5860000 - 0x00007ff9c586c000 	C:\Users\M509PSAO\AppData\Local\Programs\Python\Python311\VCRUNTIME140_1.dll
0x00007ff994320000 - 0x00007ff9943bb000 	c:\Users\M509PSAO\Projects\List_reminder_colorectal_cancer_screening\.venv\Lib\site-packages\pandas.libs\msvcp140-0f2ea95580b32bcfc81c235d5751ce78.dll
0x00007ff9ac4d0000 - 0x00007ff9ac4fb000 	c:\Users\M509PSAO\Projects\List_reminder_colorectal_cancer_screening\.venv\Lib\site-packages\pandas\_libs\window\indexers.cp311-win_amd64.pyd
0x00007ff9a24f0000 - 0x00007ff9a252f000 	c:\Users\M509PSAO\Projects\List_reminder_colorectal_cancer_screening\.venv\Lib\site-packages\pandas\_libs\reshape.cp311-win_amd64.pyd
0x00007ff959d00000 - 0x00007ff959f1f000 	c:\Users\M509PSAO\Projects\List_reminder_colorectal_cancer_screening\.venv\Lib\site-packages\pandas\_libs\groupby.cp311-win_amd64.pyd
0x00007ff9b2350000 - 0x00007ff9b2361000 	c:\Users\M509PSAO\Projects\List_reminder_colorectal_cancer_screening\.venv\Lib\site-packages\pandas\_libs\json.cp311-win_amd64.pyd
0x00007ff993cb0000 - 0x00007ff993d16000 	c:\Users\M509PSAO\Projects\List_reminder_colorectal_cancer_screening\.venv\Lib\site-packages\pandas\_libs\parsers.cp311-win_amd64.pyd
0x00007ff9b22c0000 - 0x00007ff9b22d9000 	c:\Users\M509PSAO\Projects\List_reminder_colorectal_cancer_screening\.venv\Lib\site-packages\pandas\_libs\testing.cp311-win_amd64.pyd
0x00007ff993c30000 - 0x00007ff993ca6000 	c:\Users\M509PSAO\Projects\List_reminder_colorectal_cancer_screening\.venv\Lib\site-packages\_jpype.cp311-win_amd64.pyd
0x00007ff9cb400000 - 0x00007ff9cb489000 	C:\WINDOWS\SYSTEM32\MSVCP140.dll
0x00007ff902af0000 - 0x00007ff903873000 	C:\Program Files\temurin-jre-21\bin\server\jvm.dll
0x00007ff9d0ad0000 - 0x00007ff9d0b04000 	C:\WINDOWS\SYSTEM32\WINMM.dll

dbghelp: loaded successfully - version: 4.0.5 - missing functions: none
symbol engine: initialized successfully - sym options: 0x614 - pdb path: .;C:\Users\M509PSAO\AppData\Local\Programs\Python\Python311;C:\WINDOWS\SYSTEM32;c:\Users\M509PSAO\Projects\List_reminder_colorectal_cancer_screening\.venv\Lib\site-packages\zmq\backend\cython;C:\Users\M509PSAO\AppData\Local\Programs\Python\Python311\DLLs;c:\Users\M509PSAO\Projects\List_reminder_colorectal_cancer_screening\.venv\Lib\site-packages\tornado;c:\Users\M509PSAO\Projects\List_reminder_colorectal_cancer_screening\.venv\Lib\site-packages\psutil;c:\Users\M509PSAO\Projects\List_reminder_colorectal_cancer_screening\.venv\Lib\site-packages\debugpy\_vendored\pydevd\_pydevd_bundle;c:\Users\M509PSAO\Projects\List_reminder_colorectal_cancer_screening\.venv\Lib\site-packages\numpy\core;c:\Users\M509PSAO\Projects\List_reminder_colorectal_cancer_screening\.venv\Lib\site-packages\numpy.libs;c:\Users\M509PSAO\Projects\List_reminder_colorectal_cancer_screening\.venv\Lib\site-packages\numpy\linalg;c:\Users\M509PSAO\Projects\List_reminder_colorectal_cancer_screening\.venv\Lib\site-packages\numpy\fft;c:\Users\M509PSAO\Projects\List_reminder_colorectal_cancer_screening\.venv\Lib\site-packages\numpy\random;c:\Users\M509PSAO\Projects\List_reminder_colorectal_cancer_screening\.venv\Lib\site-packages\pandas\_libs;c:\Users\M509PSAO\Projects\List_reminder_colorectal_cancer_screening\.venv\Lib\site-packages\pandas\_libs\tslibs;c:\Users\M509PSAO\Projects\List_reminder_colorectal_cancer_screening\.venv\Lib\site-packages\pandas\_libs\window;c:\Users\M509PSAO\Projects\List_reminder_colorectal_cancer_screening\.venv\Lib\site-packages\pandas.libs;c:\Users\M509PSAO\Projects\List_reminder_colorectal_cancer_screening\.venv\Lib\site-packages;C:\Program Files\temurin-jre-21\bin\server;C:\Program Files\temurin-jre-21\bin

VM Arguments:
jvm_args: -Xmx4g 
java_command: <unknown>
java_class_path (initial): C:\db2\db2jcc4.jar
Launcher Type: generic

[Global flags]
     intx CICompilerCount                          = 4                                         {product} {ergonomic}
     uint ConcGCThreads                            = 3                                         {product} {ergonomic}
     uint G1ConcRefinementThreads                  = 10                                        {product} {ergonomic}
   size_t G1HeapRegionSize                         = 2097152                                   {product} {ergonomic}
    uintx GCDrainStackTargetSize                   = 64                                        {product} {ergonomic}
   size_t InitialHeapSize                          = 123731968                                 {product} {ergonomic}
   size_t MarkStackSize                            = 4194304                                   {product} {ergonomic}
   size_t MaxHeapSize                              = 4294967296                                {product} {command line}
   size_t MaxNewSize                               = 2575302656                                {product} {ergonomic}
   size_t MinHeapDeltaBytes                        = 2097152                                   {product} {ergonomic}
   size_t MinHeapSize                              = 8388608                                   {product} {ergonomic}
    uintx NonNMethodCodeHeapSize                   = 5839372                                {pd product} {ergonomic}
    uintx NonProfiledCodeHeapSize                  = 122909434                              {pd product} {ergonomic}
    uintx ProfiledCodeHeapSize                     = 122909434                              {pd product} {ergonomic}
    uintx ReservedCodeCacheSize                    = 251658240                              {pd product} {ergonomic}
     bool SegmentedCodeCache                       = true                                      {product} {ergonomic}
   size_t SoftMaxHeapSize                          = 4294967296                             {manageable} {ergonomic}
     bool UseCompressedOops                        = true                           {product lp64_product} {ergonomic}
     bool UseG1GC                                  = true                                      {product} {ergonomic}
     bool UseLargePagesIndividualAllocation        = false                                  {pd product} {ergonomic}

Logging:
Log output configuration:
 #0: stdout all=warning uptime,level,tags foldmultilines=false
 #1: stderr all=off uptime,level,tags foldmultilines=false

Environment Variables:
JAVA_HOME=C:\Program Files\temurin-jre-21\
PATH=c:\Users\M509PSAO\Projects\List_reminder_colorectal_cancer_screening\.venv\Scripts;C:\Users\M509PSAO\projects\List_reminder_colorectal_cancer_screening\.venv\Scripts;C:\Users\M509PSAO\AppData\Local\Programs\Git\mingw64\bin;C:\Users\M509PSAO\AppData\Local\Programs\Git\usr\bin;C:\Users\M509PSAO\bin;C:\Program Files\temurin-jre-21\bin;C:\WINDOWS\system32;C:\WINDOWS;C:\WINDOWS\System32\Wbem;C:\WINDOWS\System32\WindowsPowerShell\v1.0;C:\WINDOWS\System32\OpenSSH;C:\Program Files (x86)\Pulse Secure\VC142.CRT\X64;C:\Program Files (x86)\Pulse Secure\VC142.CRT\X86;C:\Program Files (x86)\Common Files\Pulse Secure\TNC Client Plugin;C:\Program Files\dotnet;C:\Program Files (x86)\Plantronics\Spokes3G;C:\Program Files (x86)\IBM\Client Access\Shared;C:\Program Files (x86)\IBM\Client Access;C:\Program Files\Amazon\AWSCLIV2;C:\Users\M509PSAO\AppData\Local\Programs\Python\Python311\Scripts;C:\Users\M509PSAO\AppData\Local\Programs\Python\Python311;C:\Users\M509PSAO\.local\bin;C:\Users\M509PSAO\AppData\Local\Programs\Python\Python313\Scripts;C:\Users\M509PSAO\AppData\Local\Programs\Python\Python313;C:\Users\M509PSAO\AppData\Local\Programs\Python\Launcher;C:\Users\M509PSAO\AppData\Local\Microsoft\WindowsApps;C:\Users\M509PSAO\AppData\Local\Programs\Microsoft VS Code\bin;C:\Users\M509PSAO\AppData\Local\Programs\Git\cmd;C:\Users\M509PSAO\AppData\Local\Programs\Python\Python313\Scripts;C:\Users\M509PSAO\AppData\Local\Programs\Python\Python313;C:\Users\M509PSAO\AppData\Local\Programs\Python\Launcher;C:\Users\M509PSAO\AppData\Local\Microsoft\WindowsApps;C:\Users\M509PSAO\AppData"
USERNAME=M509PSAO
TERM=xterm-color
OS=Windows_NT
PROCESSOR_IDENTIFIER=AMD64 Family 25 Model 68 Stepping 1, AuthenticAMD
TMP=C:\Users\M509PSAO\AppData\Local\Temp\1
TEMP=C:\Users\M509PSAO\AppData\Local\Temp\1




Periodic native trim disabled

---------------  S Y S T E M  ---------------

OS:
 Windows 11 , 64 bit Build 22621 (10.0.22621.6931)
OS uptime: 7 days 16:53 hours
Hyper-V role detected

CPU: total 12 (initial active 12) (12 cores per cpu, 2 threads per core) family 25 model 68 stepping 1 microcode 0x0, cx8, cmov, fxsr, ht, mmx, 3dnowpref, sse, sse2, sse3, ssse3, sse4a, sse4.1, sse4.2, popcnt, lzcnt, tsc, tscinvbit, avx, avx2, aes, erms, clmul, bmi1, bmi2, adx, sha, fma, vzeroupper, clflush, clflushopt, hv, rdtscp, rdpid, fsrm, f16c, cet_ss
Processor Information for processor 0
  Max Mhz: 2901, Current Mhz: 2008, Mhz Limit: 2901
Processor Information for processor 1
  Max Mhz: 2901, Current Mhz: 2901, Mhz Limit: 2901
Processor Information for processor 2
  Max Mhz: 2901, Current Mhz: 2901, Mhz Limit: 2901
Processor Information for processor 3
  Max Mhz: 2901, Current Mhz: 2901, Mhz Limit: 2901
Processor Information for processor 4
  Max Mhz: 2901, Current Mhz: 2901, Mhz Limit: 2901
Processor Information for processor 5
  Max Mhz: 2901, Current Mhz: 2008, Mhz Limit: 2901
Processor Information for processor 6
  Max Mhz: 2901, Current Mhz: 2901, Mhz Limit: 2901
Processor Information for processor 7
  Max Mhz: 2901, Current Mhz: 2901, Mhz Limit: 2901
Processor Information for processor 8
  Max Mhz: 2901, Current Mhz: 2901, Mhz Limit: 2901
Processor Information for processor 9
  Max Mhz: 2901, Current Mhz: 2901, Mhz Limit: 2901
Processor Information for processor 10
  Max Mhz: 2901, Current Mhz: 2901, Mhz Limit: 2901
Processor Information for processor 11
  Max Mhz: 2901, Current Mhz: 2008, Mhz Limit: 2901

Memory: 4k page, system-wide physical 7489M (255M free)
TotalPageFile size 30017M (AvailPageFile size 3M)
current process WorkingSet (physical memory assigned to process): 516M, peak: 576M
current process commit charge ("private bytes"): 936M, peak: 938M

vm_info: OpenJDK 64-Bit Server VM (21.0.2+13-LTS) for windows-amd64 JRE (21.0.2+13-LTS), built on 2024-01-16T00:00:00Z by "admin" with unknown MS VC++:1937

END.
