#
# There is insufficient memory for the Java Runtime Environment to continue.
# Native memory allocation (malloc) failed to allocate 1048576 bytes for AllocateHeap
# Possible reasons:
#   The system is out of physical RAM or swap space
#   The process is running with CompressedOops enabled, and the Java Heap may be blocking the growth of the native heap
# Possible solutions:
#   Reduce memory load on the system
#   Increase physical memory or swap space
#   Check if swap backing store is full
#   Decrease Java heap size (-Xmx/-Xms)
#   Decrease number of Java threads
#   Decrease Java thread stack sizes (-Xss)
#   Set larger code cache with -XX:ReservedCodeCacheSize=
#   JVM is running with Unscaled Compressed Oops mode in which the Java heap is
#     placed in the first 4GB address space. The Java Heap base address is the
#     maximum limit for the native heap growth. Please use -XX:HeapBaseMinAddress
#     to set the Java Heap base and to place the Java Heap above 4GB virtual address.
# This output file may be truncated or incomplete.
#
#  Out of Memory Error (allocation.cpp:44), pid=22584, tid=33288
#
# JRE version: OpenJDK Runtime Environment Temurin-21.0.2+13 (21.0.2+13) (build 21.0.2+13-LTS)
# Java VM: OpenJDK 64-Bit Server VM Temurin-21.0.2+13 (21.0.2+13-LTS, mixed mode, sharing, tiered, compressed oops, compressed class ptrs, g1 gc, windows-amd64)
# No core dump will be written. Minidumps are not enabled by default on client versions of Windows
#

---------------  S U M M A R Y ------------

Command Line: -Xmx2g 

Host: AMD Ryzen 5 7535U with Radeon Graphics         , 12 cores, 7G,  Windows 11 , 64 bit Build 22621 (10.0.22621.6931)
Time: Thu May  7 09:50:48 2026 Romance Daylight Time elapsed time: 976.869801 seconds (0d 0h 16m 16s)

---------------  T H R E A D  ---------------

Current thread (0x000001f9fd24d650):  VMThread "VM Thread"          [id=33288, stack(0x0000000e3d700000,0x0000000e3d8f0000) (1984K)]

Stack: [0x0000000e3d700000,0x0000000e3d8f0000]
Native frames: (J=compiled Java code, j=interpreted, Vv=VM code, C=native code)
V  [jvm.dll+0x6c94f9]
V  [jvm.dll+0x8a3c21]
V  [jvm.dll+0x8a614e]
V  [jvm.dll+0x8a6823]
V  [jvm.dll+0x27fa86]
V  [jvm.dll+0xbf567]
V  [jvm.dll+0x3443b2]
V  [jvm.dll+0x33edde]
V  [jvm.dll+0x327698]
V  [jvm.dll+0x3698e4]
V  [jvm.dll+0x8ac12f]
V  [jvm.dll+0x8ad234]
V  [jvm.dll+0x8ad770]
V  [jvm.dll+0x8ada13]
V  [jvm.dll+0x84cb3b]
V  [jvm.dll+0x6c7c2d]
C  [ucrtbase.dll+0x29333]
C  [KERNEL32.DLL+0x1259d]
C  [ntdll.dll+0x5afb8]

VM_Operation (0x0000000e3ee3e920): G1CollectFull, mode: safepoint, requested by thread 0x000001f9fd17c350


---------------  P R O C E S S  ---------------

Threads class SMR info:
_java_thread_list=0x000001f9ff9ed9e0, length=13, elements={
0x000001f9fd17dd90, 0x000001f9fd17f140, 0x000001f9fd17e420, 0x000001f9fd17f7d0,
0x000001f9fd1804f0, 0x000001f9fd181210, 0x000001f9fd181f30, 0x000001f9feb58700,
0x000001f9feb5bd80, 0x000001f9fd17b630, 0x000001f9fd17bcc0, 0x000001f9fd17c350,
0x000001f9ff8b7660
}

Java Threads: ( => current thread )
  0x000001f9fd17dd90 JavaThread "main"                              [_thread_in_native, id=26472, stack(0x0000000e3a800000,0x0000000e3a9f0000) (1984K)]
  0x000001f9fd17f140 JavaThread "Reference Handler"          daemon [_thread_blocked, id=28540, stack(0x0000000e3d8f0000,0x0000000e3dae0000) (1984K)]
  0x000001f9fd17e420 JavaThread "Finalizer"                  daemon [_thread_blocked, id=11820, stack(0x0000000e3dae0000,0x0000000e3dcd0000) (1984K)]
  0x000001f9fd17f7d0 JavaThread "Signal Dispatcher"          daemon [_thread_blocked, id=19356, stack(0x0000000e3dcd0000,0x0000000e3dec0000) (1984K)]
  0x000001f9fd1804f0 JavaThread "Attach Listener"            daemon [_thread_blocked, id=37768, stack(0x0000000e3dec0000,0x0000000e3e0b0000) (1984K)]
  0x000001f9fd181210 JavaThread "Service Thread"             daemon [_thread_blocked, id=46852, stack(0x0000000e3e0b0000,0x0000000e3e2a0000) (1984K)]
  0x000001f9fd181f30 JavaThread "Monitor Deflation Thread"   daemon [_thread_blocked, id=27872, stack(0x0000000e3e2a0000,0x0000000e3e490000) (1984K)]
  0x000001f9feb58700 JavaThread "C2 CompilerThread0"         daemon [_thread_blocked, id=25508, stack(0x0000000e3e490000,0x0000000e3e680000) (1984K)]
  0x000001f9feb5bd80 JavaThread "C1 CompilerThread0"         daemon [_thread_blocked, id=34228, stack(0x0000000e3e680000,0x0000000e3e870000) (1984K)]
  0x000001f9fd17b630 JavaThread "Notification Thread"        daemon [_thread_blocked, id=44812, stack(0x0000000e3e870000,0x0000000e3ea60000) (1984K)]
  0x000001f9fd17bcc0 JavaThread "Common-Cleaner"             daemon [_thread_blocked, id=32416, stack(0x0000000e3ea60000,0x0000000e3ec50000) (1984K)]
  0x000001f9fd17c350 JavaThread "Python Reference Queue"     daemon [_thread_blocked, id=41728, stack(0x0000000e3ec50000,0x0000000e3ee40000) (1984K)]
  0x000001f9ff8b7660 JavaThread "Timer-0"                    daemon [_thread_blocked, id=2480, stack(0x0000000e3f600000,0x0000000e3f7f0000) (1984K)]
Total: 13

Other Threads:
=>0x000001f9fd24d650 VMThread "VM Thread"                           [id=33288, stack(0x0000000e3d700000,0x0000000e3d8f0000) (1984K)]
  0x000001f9fd201070 WatcherThread "VM Periodic Task Thread"        [id=34152, stack(0x0000000e3d510000,0x0000000e3d700000) (1984K)]
  0x000001f9fd24bcf0 WorkerThread "GC Thread#0"                     [id=46508, stack(0x0000000e3cb60000,0x0000000e3cd50000) (1984K)]
  0x000001f9fd24aad0 WorkerThread "GC Thread#1"                     [id=3744, stack(0x0000000e3ee40000,0x0000000e3f030000) (1984K)]
  0x000001f9fd24ae70 WorkerThread "GC Thread#2"                     [id=35352, stack(0x0000000e3f030000,0x0000000e3f220000) (1984K)]
  0x000001f9fd24cb70 WorkerThread "GC Thread#3"                     [id=38612, stack(0x0000000e3f220000,0x0000000e3f410000) (1984K)]
  0x000001f9fd24d2b0 WorkerThread "GC Thread#4"                     [id=24792, stack(0x0000000e3f410000,0x0000000e3f600000) (1984K)]
  0x000001f9fd24b210 WorkerThread "GC Thread#5"                     [id=17580, stack(0x0000000e3f7f0000,0x0000000e3f9e0000) (1984K)]
  0x000001f9fd24b5b0 WorkerThread "GC Thread#6"                     [id=41448, stack(0x0000000e3f9e0000,0x0000000e3fbd0000) (1984K)]
  0x000001f9fd24cf10 WorkerThread "GC Thread#7"                     [id=19980, stack(0x0000000e3fbd0000,0x0000000e3fdc0000) (1984K)]
  0x000001f9fd24b950 WorkerThread "GC Thread#8"                     [id=47644, stack(0x0000000e3fdc0000,0x0000000e3ffb0000) (1984K)]
  0x000001f9fd24c090 WorkerThread "GC Thread#9"                     [id=7768, stack(0x0000000e3ffb0000,0x0000000e401a0000) (1984K)]
  0x000001f9fd1982f0 ConcurrentGCThread "G1 Main Marker"            [id=23824, stack(0x0000000e3cd50000,0x0000000e3cf40000) (1984K)]
  0x000001f9fd24a390 WorkerThread "G1 Conc#0"                       [id=37168, stack(0x0000000e3cf40000,0x0000000e3d130000) (1984K)]
  0x000001f9fd24c430 WorkerThread "G1 Conc#1"                       [id=42040, stack(0x0000000e401a0000,0x0000000e40390000) (1984K)]
  0x000001f9fd24c7d0 WorkerThread "G1 Conc#2"                       [id=35240, stack(0x0000000e40390000,0x0000000e40580000) (1984K)]
  0x000001f9fcf41850 ConcurrentGCThread "G1 Refine#0"               [id=43944, stack(0x0000000e3d130000,0x0000000e3d320000) (1984K)]
  0x000001f9fcf50980 ConcurrentGCThread "G1 Service"                [id=9084, stack(0x0000000e3d320000,0x0000000e3d510000) (1984K)]
Total: 18

Threads with active compile tasks:
Total: 0

VM state: at safepoint (normal execution)

VM Mutex/Monitor currently owned by a thread:  ([mutex/lock_event])
[0x00007ff903793198] Threads_lock - owner thread: 0x000001f9fd24d650
[0x00007ff903793298] Heap_lock - owner thread: 0x000001f9fd17c350

Heap address: 0x0000000080000000, size: 2048 MB, Compressed Oops mode: 32-bit

CDS archive(s) mapped at: [0x000001f99b000000-0x000001f99bba0000-0x000001f99bba0000), size 12189696, SharedBaseAddress: 0x000001f99b000000, ArchiveRelocationMode: 1.
Compressed class space mapped at: 0x000001f99c000000-0x000001f9dc000000, reserved size: 1073741824
Narrow klass base: 0x000001f99b000000, Narrow klass shift: 0, Narrow klass range: 0x100000000

GC Precious Log:
 CardTable entry size: 512
 Card Set container configuration: InlinePtr #cards 5 size 8 Array Of Cards #cards 12 size 40 Howl #buckets 4 coarsen threshold 1843 Howl Bitmap #cards 512 size 80 coarsen threshold 460 Card regions per heap region 1 cards per card region 2048
 CPUs: 12 total, 12 available
 Memory: 7489M
 Large Page Support: Disabled
 NUMA Support: Disabled
 Compressed Oops: Enabled (32-bit)
 Heap Region Size: 1M
 Heap Min Capacity: 8M
 Heap Initial Capacity: 118M
 Heap Max Capacity: 2G
 Pre-touch: Disabled
 Parallel Workers: 10
 Concurrent Workers: 3
 Concurrent Refinement Workers: 10
 Periodic GC: Disabled

Heap:
 garbage-first heap   total 240640K, used 116817K [0x0000000080000000, 0x0000000100000000)
  region size 1024K, 1 young (1024K), 0 survivors (0K)
 Metaspace       used 11629K, committed 11776K, reserved 1114112K
  class space    used 1063K, committed 1152K, reserved 1048576K

Heap Regions: E=young(eden), S=young(survivor), O=old, HS=humongous(starts), HC=humongous(continues), CS=collection set, F=free, TAMS=top-at-mark-start, PB=parsable bottom
|   0|0x0000000080000000, 0x00000000800ffff0, 0x0000000080100000| 99%| O|  |TAMS 0x0000000080000000| PB 0x0000000080000000| Untracked 
|   1|0x0000000080100000, 0x00000000801fffe8, 0x0000000080200000| 99%| O|  |TAMS 0x0000000080100000| PB 0x0000000080100000| Untracked 
|   2|0x0000000080200000, 0x00000000802ffff8, 0x0000000080300000| 99%| O|  |TAMS 0x0000000080200000| PB 0x0000000080200000| Untracked 
|   3|0x0000000080300000, 0x0000000080400000, 0x0000000080400000|100%| O|  |TAMS 0x0000000080300000| PB 0x0000000080300000| Untracked 
|   4|0x0000000080400000, 0x0000000080500000, 0x0000000080500000|100%| O|  |TAMS 0x0000000080400000| PB 0x0000000080400000| Untracked 
|   5|0x0000000080500000, 0x00000000805f7ac8, 0x0000000080600000| 96%| O|  |TAMS 0x0000000080500000| PB 0x0000000080500000| Untracked 
|   6|0x0000000080600000, 0x00000000806ffef8, 0x0000000080700000| 99%| O|  |TAMS 0x0000000080600000| PB 0x0000000080600000| Untracked 
|   7|0x0000000080700000, 0x00000000807ffff0, 0x0000000080800000| 99%| O|  |TAMS 0x0000000080700000| PB 0x0000000080700000| Untracked 
|   8|0x0000000080800000, 0x00000000808ffff8, 0x0000000080900000| 99%| O|  |TAMS 0x0000000080800000| PB 0x0000000080800000| Untracked 
|   9|0x0000000080900000, 0x00000000809ffff0, 0x0000000080a00000| 99%| O|  |TAMS 0x0000000080900000| PB 0x0000000080900000| Untracked 
|  10|0x0000000080a00000, 0x0000000080b00000, 0x0000000080b00000|100%| O|  |TAMS 0x0000000080a00000| PB 0x0000000080a00000| Untracked 
|  11|0x0000000080b00000, 0x0000000080bffff8, 0x0000000080c00000| 99%| O|  |TAMS 0x0000000080b00000| PB 0x0000000080b00000| Untracked 
|  12|0x0000000080c00000, 0x0000000080d00000, 0x0000000080d00000|100%| O|  |TAMS 0x0000000080c00000| PB 0x0000000080c00000| Untracked 
|  13|0x0000000080d00000, 0x0000000080df7808, 0x0000000080e00000| 96%| O|  |TAMS 0x0000000080d00000| PB 0x0000000080d00000| Untracked 
|  14|0x0000000080e00000, 0x0000000080effff8, 0x0000000080f00000| 99%| O|  |TAMS 0x0000000080e00000| PB 0x0000000080e00000| Untracked 
|  15|0x0000000080f00000, 0x0000000080fffff0, 0x0000000081000000| 99%| O|  |TAMS 0x0000000080f00000| PB 0x0000000080f00000| Untracked 
|  16|0x0000000081000000, 0x00000000810ffff8, 0x0000000081100000| 99%| O|  |TAMS 0x0000000081000000| PB 0x0000000081000000| Untracked 
|  17|0x0000000081100000, 0x0000000081200000, 0x0000000081200000|100%| O|  |TAMS 0x0000000081100000| PB 0x0000000081100000| Untracked 
|  18|0x0000000081200000, 0x00000000812ffff8, 0x0000000081300000| 99%| O|  |TAMS 0x0000000081200000| PB 0x0000000081200000| Untracked 
|  19|0x0000000081300000, 0x00000000813ffff0, 0x0000000081400000| 99%| O|  |TAMS 0x0000000081300000| PB 0x0000000081300000| Untracked 
|  20|0x0000000081400000, 0x00000000814f6840, 0x0000000081500000| 96%| O|  |TAMS 0x0000000081400000| PB 0x0000000081400000| Untracked 
|  21|0x0000000081500000, 0x0000000081600000, 0x0000000081600000|100%| O|  |TAMS 0x0000000081500000| PB 0x0000000081500000| Untracked 
|  22|0x0000000081600000, 0x00000000816ffff0, 0x0000000081700000| 99%| O|  |TAMS 0x0000000081600000| PB 0x0000000081600000| Untracked 
|  23|0x0000000081700000, 0x00000000817ffff0, 0x0000000081800000| 99%| O|  |TAMS 0x0000000081700000| PB 0x0000000081700000| Untracked 
|  24|0x0000000081800000, 0x00000000818ffff0, 0x0000000081900000| 99%| O|  |TAMS 0x0000000081800000| PB 0x0000000081800000| Untracked 
|  25|0x0000000081900000, 0x00000000819ffff0, 0x0000000081a00000| 99%| O|  |TAMS 0x0000000081900000| PB 0x0000000081900000| Untracked 
|  26|0x0000000081a00000, 0x0000000081b00000, 0x0000000081b00000|100%| O|  |TAMS 0x0000000081a00000| PB 0x0000000081a00000| Untracked 
|  27|0x0000000081b00000, 0x0000000081bffff0, 0x0000000081c00000| 99%| O|  |TAMS 0x0000000081b00000| PB 0x0000000081b00000| Untracked 
|  28|0x0000000081c00000, 0x0000000081cffff8, 0x0000000081d00000| 99%| O|  |TAMS 0x0000000081c00000| PB 0x0000000081c00000| Untracked 
|  29|0x0000000081d00000, 0x0000000081e00000, 0x0000000081e00000|100%| O|  |TAMS 0x0000000081d00000| PB 0x0000000081d00000| Untracked 
|  30|0x0000000081e00000, 0x0000000081effff8, 0x0000000081f00000| 99%| O|  |TAMS 0x0000000081e00000| PB 0x0000000081e00000| Untracked 
|  31|0x0000000081f00000, 0x0000000081fffff0, 0x0000000082000000| 99%| O|  |TAMS 0x0000000081f00000| PB 0x0000000081f00000| Untracked 
|  32|0x0000000082000000, 0x00000000820ffff0, 0x0000000082100000| 99%| O|  |TAMS 0x0000000082000000| PB 0x0000000082000000| Untracked 
|  33|0x0000000082100000, 0x00000000821ffff0, 0x0000000082200000| 99%| O|  |TAMS 0x0000000082100000| PB 0x0000000082100000| Untracked 
|  34|0x0000000082200000, 0x00000000822ffff0, 0x0000000082300000| 99%| O|  |TAMS 0x0000000082200000| PB 0x0000000082200000| Untracked 
|  35|0x0000000082300000, 0x00000000823ffff0, 0x0000000082400000| 99%| O|  |TAMS 0x0000000082300000| PB 0x0000000082300000| Untracked 
|  36|0x0000000082400000, 0x00000000824ff528, 0x0000000082500000| 99%| O|  |TAMS 0x0000000082400000| PB 0x0000000082400000| Untracked 
|  37|0x0000000082500000, 0x00000000825ffff8, 0x0000000082600000| 99%| O|  |TAMS 0x0000000082500000| PB 0x0000000082500000| Untracked 
|  38|0x0000000082600000, 0x00000000826ffff0, 0x0000000082700000| 99%| O|  |TAMS 0x0000000082600000| PB 0x0000000082600000| Untracked 
|  39|0x0000000082700000, 0x00000000827c2a18, 0x0000000082800000| 76%| O|  |TAMS 0x0000000082700000| PB 0x0000000082700000| Untracked 
|  40|0x0000000082800000, 0x00000000828df348, 0x0000000082900000| 87%| O|  |TAMS 0x0000000082800000| PB 0x0000000082800000| Untracked 
|  41|0x0000000082900000, 0x00000000829ca838, 0x0000000082a00000| 79%| O|  |TAMS 0x0000000082900000| PB 0x0000000082900000| Untracked 
|  42|0x0000000082a00000, 0x0000000082ae6b98, 0x0000000082b00000| 90%| O|  |TAMS 0x0000000082a00000| PB 0x0000000082a00000| Untracked 
|  43|0x0000000082b00000, 0x0000000082be7618, 0x0000000082c00000| 90%| O|  |TAMS 0x0000000082b00000| PB 0x0000000082b00000| Untracked 
|  44|0x0000000082c00000, 0x0000000082c00000, 0x0000000082d00000|  0%| F|  |TAMS 0x0000000082c00000| PB 0x0000000082c00000| Untracked 
|  45|0x0000000082d00000, 0x0000000082d00000, 0x0000000082e00000|  0%| F|  |TAMS 0x0000000082d00000| PB 0x0000000082d00000| Untracked 
|  46|0x0000000082e00000, 0x0000000082f00000, 0x0000000082f00000|100%| O|  |TAMS 0x0000000082e00000| PB 0x0000000082e00000| Untracked 
|  47|0x0000000082f00000, 0x0000000083000000, 0x0000000083000000|100%| O|  |TAMS 0x0000000082f00000| PB 0x0000000082f00000| Untracked 
|  48|0x0000000083000000, 0x0000000083100000, 0x0000000083100000|100%| O|  |TAMS 0x0000000083000000| PB 0x0000000083000000| Untracked 
|  49|0x0000000083100000, 0x0000000083200000, 0x0000000083200000|100%| O|  |TAMS 0x0000000083100000| PB 0x0000000083100000| Untracked 
|  50|0x0000000083200000, 0x0000000083300000, 0x0000000083300000|100%| O|  |TAMS 0x0000000083200000| PB 0x0000000083200000| Untracked 
|  51|0x0000000083300000, 0x0000000083400000, 0x0000000083400000|100%| O|  |TAMS 0x0000000083300000| PB 0x0000000083300000| Untracked 
|  52|0x0000000083400000, 0x0000000083500000, 0x0000000083500000|100%| O|  |TAMS 0x0000000083400000| PB 0x0000000083400000| Untracked 
|  53|0x0000000083500000, 0x0000000083600000, 0x0000000083600000|100%| O|  |TAMS 0x0000000083500000| PB 0x0000000083500000| Untracked 
|  54|0x0000000083600000, 0x0000000083700000, 0x0000000083700000|100%| O|  |TAMS 0x0000000083600000| PB 0x0000000083600000| Untracked 
|  55|0x0000000083700000, 0x0000000083800000, 0x0000000083800000|100%| O|  |TAMS 0x0000000083700000| PB 0x0000000083700000| Untracked 
|  56|0x0000000083800000, 0x0000000083800000, 0x0000000083900000|  0%| F|  |TAMS 0x0000000083800000| PB 0x0000000083800000| Untracked 
|  57|0x0000000083900000, 0x0000000083900000, 0x0000000083a00000|  0%| F|  |TAMS 0x0000000083900000| PB 0x0000000083900000| Untracked 
|  58|0x0000000083a00000, 0x0000000083a00000, 0x0000000083b00000|  0%| F|  |TAMS 0x0000000083a00000| PB 0x0000000083a00000| Untracked 
|  59|0x0000000083b00000, 0x0000000083b00000, 0x0000000083c00000|  0%| F|  |TAMS 0x0000000083b00000| PB 0x0000000083b00000| Untracked 
|  60|0x0000000083c00000, 0x0000000083c00000, 0x0000000083d00000|  0%| F|  |TAMS 0x0000000083c00000| PB 0x0000000083c00000| Untracked 
|  61|0x0000000083d00000, 0x0000000083d00000, 0x0000000083e00000|  0%| F|  |TAMS 0x0000000083d00000| PB 0x0000000083d00000| Untracked 
|  62|0x0000000083e00000, 0x0000000083e00000, 0x0000000083f00000|  0%| F|  |TAMS 0x0000000083e00000| PB 0x0000000083e00000| Untracked 
|  63|0x0000000083f00000, 0x0000000083f00000, 0x0000000084000000|  0%| F|  |TAMS 0x0000000083f00000| PB 0x0000000083f00000| Untracked 
|  64|0x0000000084000000, 0x0000000084000000, 0x0000000084100000|  0%| F|  |TAMS 0x0000000084000000| PB 0x0000000084000000| Untracked 
|  65|0x0000000084100000, 0x0000000084100000, 0x0000000084200000|  0%| F|  |TAMS 0x0000000084100000| PB 0x0000000084100000| Untracked 
|  66|0x0000000084200000, 0x0000000084200000, 0x0000000084300000|  0%| F|  |TAMS 0x0000000084200000| PB 0x0000000084200000| Untracked 
|  67|0x0000000084300000, 0x0000000084300000, 0x0000000084400000|  0%| F|  |TAMS 0x0000000084300000| PB 0x0000000084300000| Untracked 
|  68|0x0000000084400000, 0x00000000844ffff0, 0x0000000084500000| 99%| O|  |TAMS 0x0000000084400000| PB 0x0000000084400000| Untracked 
|  69|0x0000000084500000, 0x00000000845ffff0, 0x0000000084600000| 99%| O|  |TAMS 0x0000000084500000| PB 0x0000000084500000| Untracked 
|  70|0x0000000084600000, 0x00000000846ffff0, 0x0000000084700000| 99%| O|  |TAMS 0x0000000084600000| PB 0x0000000084600000| Untracked 
|  71|0x0000000084700000, 0x00000000847ffff0, 0x0000000084800000| 99%| O|  |TAMS 0x0000000084700000| PB 0x0000000084700000| Untracked 
|  72|0x0000000084800000, 0x0000000084900000, 0x0000000084900000|100%| O|  |TAMS 0x0000000084800000| PB 0x0000000084800000| Untracked 
|  73|0x0000000084900000, 0x0000000084900000, 0x0000000084a00000|  0%| F|  |TAMS 0x0000000084900000| PB 0x0000000084900000| Untracked 
|  74|0x0000000084a00000, 0x0000000084a00000, 0x0000000084b00000|  0%| F|  |TAMS 0x0000000084a00000| PB 0x0000000084a00000| Untracked 
|  75|0x0000000084b00000, 0x0000000084b00000, 0x0000000084c00000|  0%| F|  |TAMS 0x0000000084b00000| PB 0x0000000084b00000| Untracked 
|  76|0x0000000084c00000, 0x0000000084cffff8, 0x0000000084d00000| 99%| O|  |TAMS 0x0000000084c00000| PB 0x0000000084c00000| Untracked 
|  77|0x0000000084d00000, 0x0000000084d00000, 0x0000000084e00000|  0%| F|  |TAMS 0x0000000084d00000| PB 0x0000000084d00000| Untracked 
|  78|0x0000000084e00000, 0x0000000084e00000, 0x0000000084f00000|  0%| F|  |TAMS 0x0000000084e00000| PB 0x0000000084e00000| Untracked 
|  79|0x0000000084f00000, 0x0000000084f00000, 0x0000000085000000|  0%| F|  |TAMS 0x0000000084f00000| PB 0x0000000084f00000| Untracked 
|  80|0x0000000085000000, 0x00000000850fe020, 0x0000000085100000| 99%| O|  |TAMS 0x0000000085000000| PB 0x0000000085000000| Untracked 
|  81|0x0000000085100000, 0x00000000851ffff0, 0x0000000085200000| 99%| O|  |TAMS 0x0000000085100000| PB 0x0000000085100000| Untracked 
|  82|0x0000000085200000, 0x00000000852ffff0, 0x0000000085300000| 99%| O|  |TAMS 0x0000000085200000| PB 0x0000000085200000| Untracked 
|  83|0x0000000085300000, 0x00000000853ffff0, 0x0000000085400000| 99%| O|  |TAMS 0x0000000085300000| PB 0x0000000085300000| Untracked 
|  84|0x0000000085400000, 0x00000000854ffff8, 0x0000000085500000| 99%| O|  |TAMS 0x0000000085400000| PB 0x0000000085400000| Untracked 
|  85|0x0000000085500000, 0x00000000855ffff0, 0x0000000085600000| 99%| O|  |TAMS 0x0000000085500000| PB 0x0000000085500000| Untracked 
|  86|0x0000000085600000, 0x0000000085700000, 0x0000000085700000|100%| O|  |TAMS 0x0000000085600000| PB 0x0000000085600000| Untracked 
|  87|0x0000000085700000, 0x0000000085800000, 0x0000000085800000|100%| O|  |TAMS 0x0000000085700000| PB 0x0000000085700000| Untracked 
|  88|0x0000000085800000, 0x0000000085900000, 0x0000000085900000|100%| O|  |TAMS 0x0000000085800000| PB 0x0000000085800000| Untracked 
|  89|0x0000000085900000, 0x00000000859ffff0, 0x0000000085a00000| 99%| O|  |TAMS 0x0000000085900000| PB 0x0000000085900000| Untracked 
|  90|0x0000000085a00000, 0x0000000085affff0, 0x0000000085b00000| 99%| O|  |TAMS 0x0000000085a00000| PB 0x0000000085a00000| Untracked 
|  91|0x0000000085b00000, 0x0000000085c00000, 0x0000000085c00000|100%| O|  |TAMS 0x0000000085b00000| PB 0x0000000085b00000| Untracked 
|  92|0x0000000085c00000, 0x0000000085cffff8, 0x0000000085d00000| 99%| O|  |TAMS 0x0000000085c00000| PB 0x0000000085c00000| Untracked 
|  93|0x0000000085d00000, 0x0000000085dffff8, 0x0000000085e00000| 99%| O|  |TAMS 0x0000000085d00000| PB 0x0000000085d00000| Untracked 
|  94|0x0000000085e00000, 0x0000000085effff0, 0x0000000085f00000| 99%| O|  |TAMS 0x0000000085e00000| PB 0x0000000085e00000| Untracked 
|  95|0x0000000085f00000, 0x0000000085fffff0, 0x0000000086000000| 99%| O|  |TAMS 0x0000000085f00000| PB 0x0000000085f00000| Untracked 
|  96|0x0000000086000000, 0x0000000086100000, 0x0000000086100000|100%| O|  |TAMS 0x0000000086000000| PB 0x0000000086000000| Untracked 
|  97|0x0000000086100000, 0x0000000086200000, 0x0000000086200000|100%| O|  |TAMS 0x0000000086100000| PB 0x0000000086100000| Untracked 
|  98|0x0000000086200000, 0x0000000086300000, 0x0000000086300000|100%| O|  |TAMS 0x0000000086200000| PB 0x0000000086200000| Untracked 
|  99|0x0000000086300000, 0x0000000086400000, 0x0000000086400000|100%| O|  |TAMS 0x0000000086300000| PB 0x0000000086300000| Untracked 
| 100|0x0000000086400000, 0x00000000864ffff0, 0x0000000086500000| 99%| O|  |TAMS 0x0000000086400000| PB 0x0000000086400000| Untracked 
| 101|0x0000000086500000, 0x00000000865ffff0, 0x0000000086600000| 99%| O|  |TAMS 0x0000000086500000| PB 0x0000000086500000| Untracked 
| 102|0x0000000086600000, 0x00000000866ffff0, 0x0000000086700000| 99%| O|  |TAMS 0x0000000086600000| PB 0x0000000086600000| Untracked 
| 103|0x0000000086700000, 0x00000000867ffff8, 0x0000000086800000| 99%| O|  |TAMS 0x0000000086700000| PB 0x0000000086700000| Untracked 
| 104|0x0000000086800000, 0x00000000868ffff0, 0x0000000086900000| 99%| O|  |TAMS 0x0000000086800000| PB 0x0000000086800000| Untracked 
| 105|0x0000000086900000, 0x00000000869ffff0, 0x0000000086a00000| 99%| O|  |TAMS 0x0000000086900000| PB 0x0000000086900000| Untracked 
| 106|0x0000000086a00000, 0x0000000086affff0, 0x0000000086b00000| 99%| O|  |TAMS 0x0000000086a00000| PB 0x0000000086a00000| Untracked 
| 107|0x0000000086b00000, 0x0000000086bffff0, 0x0000000086c00000| 99%| O|  |TAMS 0x0000000086b00000| PB 0x0000000086b00000| Untracked 
| 108|0x0000000086c00000, 0x0000000086cffff8, 0x0000000086d00000| 99%| O|  |TAMS 0x0000000086c00000| PB 0x0000000086c00000| Untracked 
| 109|0x0000000086d00000, 0x0000000086dffff0, 0x0000000086e00000| 99%| O|  |TAMS 0x0000000086d00000| PB 0x0000000086d00000| Untracked 
| 110|0x0000000086e00000, 0x0000000086effff0, 0x0000000086f00000| 99%| O|  |TAMS 0x0000000086e00000| PB 0x0000000086e00000| Untracked 
| 111|0x0000000086f00000, 0x0000000086fffff0, 0x0000000087000000| 99%| O|  |TAMS 0x0000000086f00000| PB 0x0000000086f00000| Untracked 
| 112|0x0000000087000000, 0x0000000087100000, 0x0000000087100000|100%| O|  |TAMS 0x0000000087000000| PB 0x0000000087000000| Untracked 
| 113|0x0000000087100000, 0x00000000871ffff0, 0x0000000087200000| 99%| O|  |TAMS 0x0000000087100000| PB 0x0000000087100000| Untracked 
| 114|0x0000000087200000, 0x00000000872f72a8, 0x0000000087300000| 96%| O|  |TAMS 0x0000000087200000| PB 0x0000000087200000| Untracked 
| 115|0x0000000087300000, 0x00000000873ffff0, 0x0000000087400000| 99%| O|  |TAMS 0x0000000087300000| PB 0x0000000087300000| Untracked 
| 116|0x0000000087400000, 0x00000000874ffff0, 0x0000000087500000| 99%| O|  |TAMS 0x0000000087400000| PB 0x0000000087400000| Untracked 
| 117|0x0000000087500000, 0x00000000875ffff8, 0x0000000087600000| 99%| O|  |TAMS 0x0000000087500000| PB 0x0000000087500000| Untracked 
| 118|0x0000000087600000, 0x00000000876ffff8, 0x0000000087700000| 99%| O|  |TAMS 0x0000000087600000| PB 0x0000000087600000| Untracked 
| 119|0x0000000087700000, 0x00000000877ffff0, 0x0000000087800000| 99%| O|  |TAMS 0x0000000087700000| PB 0x0000000087700000| Untracked 
| 120|0x0000000087800000, 0x0000000087800000, 0x0000000087900000|  0%| F|  |TAMS 0x0000000087800000| PB 0x0000000087800000| Untracked 
| 121|0x0000000087900000, 0x0000000087900000, 0x0000000087a00000|  0%| F|  |TAMS 0x0000000087900000| PB 0x0000000087900000| Untracked 
| 122|0x0000000087a00000, 0x0000000087a00000, 0x0000000087b00000|  0%| F|  |TAMS 0x0000000087a00000| PB 0x0000000087a00000| Untracked 
| 123|0x0000000087b00000, 0x0000000087bffff0, 0x0000000087c00000| 99%| O|  |TAMS 0x0000000087b00000| PB 0x0000000087b00000| Untracked 
| 124|0x0000000087c00000, 0x0000000087d00000, 0x0000000087d00000|100%| O|  |TAMS 0x0000000087c00000| PB 0x0000000087c00000| Untracked 
| 125|0x0000000087d00000, 0x0000000087e00000, 0x0000000087e00000|100%| O|  |TAMS 0x0000000087d00000| PB 0x0000000087d00000| Untracked 
| 126|0x0000000087e00000, 0x0000000087f00000, 0x0000000087f00000|100%| O|  |TAMS 0x0000000087e00000| PB 0x0000000087e00000| Untracked 
| 127|0x0000000087f00000, 0x0000000088000000, 0x0000000088000000|100%| O|  |TAMS 0x0000000087f00000| PB 0x0000000087f00000| Untracked 
| 128|0x0000000088000000, 0x0000000088100000, 0x0000000088100000|100%| O|  |TAMS 0x0000000088000000| PB 0x0000000088000000| Untracked 
| 129|0x0000000088100000, 0x0000000088200000, 0x0000000088200000|100%| O|  |TAMS 0x0000000088100000| PB 0x0000000088100000| Untracked 
| 130|0x0000000088200000, 0x0000000088300000, 0x0000000088300000|100%| O|  |TAMS 0x0000000088200000| PB 0x0000000088200000| Untracked 
| 131|0x0000000088300000, 0x0000000088400000, 0x0000000088400000|100%| O|  |TAMS 0x0000000088300000| PB 0x0000000088300000| Untracked 
| 132|0x0000000088400000, 0x0000000088400000, 0x0000000088500000|  0%| F|  |TAMS 0x0000000088400000| PB 0x0000000088400000| Untracked 
| 133|0x0000000088500000, 0x0000000088500000, 0x0000000088600000|  0%| F|  |TAMS 0x0000000088500000| PB 0x0000000088500000| Untracked 
| 134|0x0000000088600000, 0x0000000088600000, 0x0000000088700000|  0%| F|  |TAMS 0x0000000088600000| PB 0x0000000088600000| Untracked 
| 135|0x0000000088700000, 0x0000000088700000, 0x0000000088800000|  0%| F|  |TAMS 0x0000000088700000| PB 0x0000000088700000| Untracked 
| 136|0x0000000088800000, 0x0000000088800000, 0x0000000088900000|  0%| F|  |TAMS 0x0000000088800000| PB 0x0000000088800000| Untracked 
| 137|0x0000000088900000, 0x0000000088900000, 0x0000000088a00000|  0%| F|  |TAMS 0x0000000088900000| PB 0x0000000088900000| Untracked 
| 138|0x0000000088a00000, 0x0000000088a00000, 0x0000000088b00000|  0%| F|  |TAMS 0x0000000088a00000| PB 0x0000000088a00000| Untracked 
| 139|0x0000000088b00000, 0x0000000088b00000, 0x0000000088c00000|  0%| F|  |TAMS 0x0000000088b00000| PB 0x0000000088b00000| Untracked 
| 140|0x0000000088c00000, 0x0000000088c00000, 0x0000000088d00000|  0%| F|  |TAMS 0x0000000088c00000| PB 0x0000000088c00000| Untracked 
| 141|0x0000000088d00000, 0x0000000088d00000, 0x0000000088e00000|  0%| F|  |TAMS 0x0000000088d00000| PB 0x0000000088d00000| Untracked 
| 142|0x0000000088e00000, 0x0000000088e00000, 0x0000000088f00000|  0%| F|  |TAMS 0x0000000088e00000| PB 0x0000000088e00000| Untracked 
| 143|0x0000000088f00000, 0x0000000088f00000, 0x0000000089000000|  0%| F|  |TAMS 0x0000000088f00000| PB 0x0000000088f00000| Untracked 
| 144|0x0000000089000000, 0x0000000089000000, 0x0000000089100000|  0%| F|  |TAMS 0x0000000089000000| PB 0x0000000089000000| Untracked 
| 145|0x0000000089100000, 0x0000000089100000, 0x0000000089200000|  0%| F|  |TAMS 0x0000000089100000| PB 0x0000000089100000| Untracked 
| 146|0x0000000089200000, 0x0000000089200000, 0x0000000089300000|  0%| F|  |TAMS 0x0000000089200000| PB 0x0000000089200000| Untracked 
| 147|0x0000000089300000, 0x0000000089400000, 0x0000000089400000|100%| O|  |TAMS 0x0000000089300000| PB 0x0000000089300000| Untracked 
| 148|0x0000000089400000, 0x0000000089500000, 0x0000000089500000|100%| O|  |TAMS 0x0000000089400000| PB 0x0000000089400000| Untracked 
| 149|0x0000000089500000, 0x0000000089600000, 0x0000000089600000|100%| O|  |TAMS 0x0000000089500000| PB 0x0000000089500000| Untracked 
| 150|0x0000000089600000, 0x0000000089700000, 0x0000000089700000|100%| O|  |TAMS 0x0000000089600000| PB 0x0000000089600000| Untracked 
| 151|0x0000000089700000, 0x0000000089800000, 0x0000000089800000|100%| O|  |TAMS 0x0000000089700000| PB 0x0000000089700000| Untracked 
| 152|0x0000000089800000, 0x0000000089900000, 0x0000000089900000|100%| O|  |TAMS 0x0000000089800000| PB 0x0000000089800000| Untracked 
| 153|0x0000000089900000, 0x0000000089900000, 0x0000000089a00000|  0%| F|  |TAMS 0x0000000089900000| PB 0x0000000089900000| Untracked 
| 154|0x0000000089a00000, 0x0000000089a00000, 0x0000000089b00000|  0%| F|  |TAMS 0x0000000089a00000| PB 0x0000000089a00000| Untracked 
| 155|0x0000000089b00000, 0x0000000089b00000, 0x0000000089c00000|  0%| F|  |TAMS 0x0000000089b00000| PB 0x0000000089b00000| Untracked 
| 156|0x0000000089c00000, 0x0000000089c00000, 0x0000000089d00000|  0%| F|  |TAMS 0x0000000089c00000| PB 0x0000000089c00000| Untracked 
| 157|0x0000000089d00000, 0x0000000089d00000, 0x0000000089e00000|  0%| F|  |TAMS 0x0000000089d00000| PB 0x0000000089d00000| Untracked 
| 158|0x0000000089e00000, 0x0000000089e00000, 0x0000000089f00000|  0%| F|  |TAMS 0x0000000089e00000| PB 0x0000000089e00000| Untracked 
| 159|0x0000000089f00000, 0x0000000089f00000, 0x000000008a000000|  0%| F|  |TAMS 0x0000000089f00000| PB 0x0000000089f00000| Untracked 
| 160|0x000000008a000000, 0x000000008a000000, 0x000000008a100000|  0%| F|  |TAMS 0x000000008a000000| PB 0x000000008a000000| Untracked 
| 161|0x000000008a100000, 0x000000008a100000, 0x000000008a200000|  0%| F|  |TAMS 0x000000008a100000| PB 0x000000008a100000| Untracked 
| 162|0x000000008a200000, 0x000000008a200000, 0x000000008a300000|  0%| F|  |TAMS 0x000000008a200000| PB 0x000000008a200000| Untracked 
| 163|0x000000008a300000, 0x000000008a300000, 0x000000008a400000|  0%| F|  |TAMS 0x000000008a300000| PB 0x000000008a300000| Untracked 
| 164|0x000000008a400000, 0x000000008a400000, 0x000000008a500000|  0%| F|  |TAMS 0x000000008a400000| PB 0x000000008a400000| Untracked 
| 165|0x000000008a500000, 0x000000008a500000, 0x000000008a600000|  0%| F|  |TAMS 0x000000008a500000| PB 0x000000008a500000| Untracked 
| 166|0x000000008a600000, 0x000000008a600000, 0x000000008a700000|  0%| F|  |TAMS 0x000000008a600000| PB 0x000000008a600000| Untracked 
| 167|0x000000008a700000, 0x000000008a700000, 0x000000008a800000|  0%| F|  |TAMS 0x000000008a700000| PB 0x000000008a700000| Untracked 
| 168|0x000000008a800000, 0x000000008a800000, 0x000000008a900000|  0%| F|  |TAMS 0x000000008a800000| PB 0x000000008a800000| Untracked 
| 169|0x000000008a900000, 0x000000008a900000, 0x000000008aa00000|  0%| F|  |TAMS 0x000000008a900000| PB 0x000000008a900000| Untracked 
| 170|0x000000008aa00000, 0x000000008aa00000, 0x000000008ab00000|  0%| F|  |TAMS 0x000000008aa00000| PB 0x000000008aa00000| Untracked 
| 171|0x000000008ab00000, 0x000000008ab00000, 0x000000008ac00000|  0%| F|  |TAMS 0x000000008ab00000| PB 0x000000008ab00000| Untracked 
| 172|0x000000008ac00000, 0x000000008ac00000, 0x000000008ad00000|  0%| F|  |TAMS 0x000000008ac00000| PB 0x000000008ac00000| Untracked 
| 173|0x000000008ad00000, 0x000000008ad00000, 0x000000008ae00000|  0%| F|  |TAMS 0x000000008ad00000| PB 0x000000008ad00000| Untracked 
| 174|0x000000008ae00000, 0x000000008ae00000, 0x000000008af00000|  0%| F|  |TAMS 0x000000008ae00000| PB 0x000000008ae00000| Untracked 
| 175|0x000000008af00000, 0x000000008af00000, 0x000000008b000000|  0%| F|  |TAMS 0x000000008af00000| PB 0x000000008af00000| Untracked 
| 176|0x000000008b000000, 0x000000008b000000, 0x000000008b100000|  0%| F|  |TAMS 0x000000008b000000| PB 0x000000008b000000| Untracked 
| 177|0x000000008b100000, 0x000000008b100000, 0x000000008b200000|  0%| F|  |TAMS 0x000000008b100000| PB 0x000000008b100000| Untracked 
| 178|0x000000008b200000, 0x000000008b200000, 0x000000008b300000|  0%| F|  |TAMS 0x000000008b200000| PB 0x000000008b200000| Untracked 
| 179|0x000000008b300000, 0x000000008b300000, 0x000000008b400000|  0%| F|  |TAMS 0x000000008b300000| PB 0x000000008b300000| Untracked 
| 180|0x000000008b400000, 0x000000008b400000, 0x000000008b500000|  0%| F|  |TAMS 0x000000008b400000| PB 0x000000008b400000| Untracked 
| 181|0x000000008b500000, 0x000000008b500000, 0x000000008b600000|  0%| F|  |TAMS 0x000000008b500000| PB 0x000000008b500000| Untracked 
| 182|0x000000008b600000, 0x000000008b600000, 0x000000008b700000|  0%| F|  |TAMS 0x000000008b600000| PB 0x000000008b600000| Untracked 
| 183|0x000000008b700000, 0x000000008b700000, 0x000000008b800000|  0%| F|  |TAMS 0x000000008b700000| PB 0x000000008b700000| Untracked 
| 184|0x000000008b800000, 0x000000008b800000, 0x000000008b900000|  0%| F|  |TAMS 0x000000008b800000| PB 0x000000008b800000| Untracked 
| 185|0x000000008b900000, 0x000000008b900000, 0x000000008ba00000|  0%| F|  |TAMS 0x000000008b900000| PB 0x000000008b900000| Untracked 
| 186|0x000000008ba00000, 0x000000008ba00000, 0x000000008bb00000|  0%| F|  |TAMS 0x000000008ba00000| PB 0x000000008ba00000| Untracked 
| 187|0x000000008bb00000, 0x000000008bb00000, 0x000000008bc00000|  0%| F|  |TAMS 0x000000008bb00000| PB 0x000000008bb00000| Untracked 
| 188|0x000000008bc00000, 0x000000008bc00000, 0x000000008bd00000|  0%| F|  |TAMS 0x000000008bc00000| PB 0x000000008bc00000| Untracked 
| 189|0x000000008bd00000, 0x000000008bd00000, 0x000000008be00000|  0%| F|  |TAMS 0x000000008bd00000| PB 0x000000008bd00000| Untracked 
| 190|0x000000008be00000, 0x000000008be00000, 0x000000008bf00000|  0%| F|  |TAMS 0x000000008be00000| PB 0x000000008be00000| Untracked 
| 191|0x000000008bf00000, 0x000000008bf00000, 0x000000008c000000|  0%| F|  |TAMS 0x000000008bf00000| PB 0x000000008bf00000| Untracked 
| 192|0x000000008c000000, 0x000000008c000000, 0x000000008c100000|  0%| F|  |TAMS 0x000000008c000000| PB 0x000000008c000000| Untracked 
| 193|0x000000008c100000, 0x000000008c100000, 0x000000008c200000|  0%| F|  |TAMS 0x000000008c100000| PB 0x000000008c100000| Untracked 
| 194|0x000000008c200000, 0x000000008c200000, 0x000000008c300000|  0%| F|  |TAMS 0x000000008c200000| PB 0x000000008c200000| Untracked 
| 195|0x000000008c300000, 0x000000008c300000, 0x000000008c400000|  0%| F|  |TAMS 0x000000008c300000| PB 0x000000008c300000| Untracked 
| 196|0x000000008c400000, 0x000000008c400000, 0x000000008c500000|  0%| F|  |TAMS 0x000000008c400000| PB 0x000000008c400000| Untracked 
| 197|0x000000008c500000, 0x000000008c500000, 0x000000008c600000|  0%| F|  |TAMS 0x000000008c500000| PB 0x000000008c500000| Untracked 
| 198|0x000000008c600000, 0x000000008c600000, 0x000000008c700000|  0%| F|  |TAMS 0x000000008c600000| PB 0x000000008c600000| Untracked 
| 199|0x000000008c700000, 0x000000008c700000, 0x000000008c800000|  0%| F|  |TAMS 0x000000008c700000| PB 0x000000008c700000| Untracked 
| 200|0x000000008c800000, 0x000000008c800000, 0x000000008c900000|  0%| F|  |TAMS 0x000000008c800000| PB 0x000000008c800000| Untracked 
| 201|0x000000008c900000, 0x000000008c900000, 0x000000008ca00000|  0%| F|  |TAMS 0x000000008c900000| PB 0x000000008c900000| Untracked 
| 202|0x000000008ca00000, 0x000000008ca00000, 0x000000008cb00000|  0%| F|  |TAMS 0x000000008ca00000| PB 0x000000008ca00000| Untracked 
| 203|0x000000008cb00000, 0x000000008cb00000, 0x000000008cc00000|  0%| F|  |TAMS 0x000000008cb00000| PB 0x000000008cb00000| Untracked 
| 204|0x000000008cc00000, 0x000000008cc00000, 0x000000008cd00000|  0%| F|  |TAMS 0x000000008cc00000| PB 0x000000008cc00000| Untracked 
| 205|0x000000008cd00000, 0x000000008cd00000, 0x000000008ce00000|  0%| F|  |TAMS 0x000000008cd00000| PB 0x000000008cd00000| Untracked 
| 206|0x000000008ce00000, 0x000000008ce00000, 0x000000008cf00000|  0%| F|  |TAMS 0x000000008ce00000| PB 0x000000008ce00000| Untracked 
| 207|0x000000008cf00000, 0x000000008cf00000, 0x000000008d000000|  0%| F|  |TAMS 0x000000008cf00000| PB 0x000000008cf00000| Untracked 
| 208|0x000000008d000000, 0x000000008d000000, 0x000000008d100000|  0%| F|  |TAMS 0x000000008d000000| PB 0x000000008d000000| Untracked 
| 209|0x000000008d100000, 0x000000008d100000, 0x000000008d200000|  0%| F|  |TAMS 0x000000008d100000| PB 0x000000008d100000| Untracked 
| 210|0x000000008d200000, 0x000000008d200000, 0x000000008d300000|  0%| F|  |TAMS 0x000000008d200000| PB 0x000000008d200000| Untracked 
| 211|0x000000008d300000, 0x000000008d300000, 0x000000008d400000|  0%| F|  |TAMS 0x000000008d300000| PB 0x000000008d300000| Untracked 
| 212|0x000000008d400000, 0x000000008d400000, 0x000000008d500000|  0%| F|  |TAMS 0x000000008d400000| PB 0x000000008d400000| Untracked 
| 213|0x000000008d500000, 0x000000008d500000, 0x000000008d600000|  0%| F|  |TAMS 0x000000008d500000| PB 0x000000008d500000| Untracked 
| 214|0x000000008d600000, 0x000000008d600000, 0x000000008d700000|  0%| F|  |TAMS 0x000000008d600000| PB 0x000000008d600000| Untracked 
| 215|0x000000008d700000, 0x000000008d700000, 0x000000008d800000|  0%| F|  |TAMS 0x000000008d700000| PB 0x000000008d700000| Untracked 
| 216|0x000000008d800000, 0x000000008d800000, 0x000000008d900000|  0%| F|  |TAMS 0x000000008d800000| PB 0x000000008d800000| Untracked 
| 217|0x000000008d900000, 0x000000008d900000, 0x000000008da00000|  0%| F|  |TAMS 0x000000008d900000| PB 0x000000008d900000| Untracked 
| 218|0x000000008da00000, 0x000000008da00000, 0x000000008db00000|  0%| F|  |TAMS 0x000000008da00000| PB 0x000000008da00000| Untracked 
| 219|0x000000008db00000, 0x000000008db00000, 0x000000008dc00000|  0%| F|  |TAMS 0x000000008db00000| PB 0x000000008db00000| Untracked 
| 220|0x000000008dc00000, 0x000000008dc00000, 0x000000008dd00000|  0%| F|  |TAMS 0x000000008dc00000| PB 0x000000008dc00000| Untracked 
| 221|0x000000008dd00000, 0x000000008dd00000, 0x000000008de00000|  0%| F|  |TAMS 0x000000008dd00000| PB 0x000000008dd00000| Untracked 
| 222|0x000000008de00000, 0x000000008de00000, 0x000000008df00000|  0%| F|  |TAMS 0x000000008de00000| PB 0x000000008de00000| Untracked 
| 223|0x000000008df00000, 0x000000008df00000, 0x000000008e000000|  0%| F|  |TAMS 0x000000008df00000| PB 0x000000008df00000| Untracked 
| 224|0x000000008e000000, 0x000000008e000000, 0x000000008e100000|  0%| F|  |TAMS 0x000000008e000000| PB 0x000000008e000000| Untracked 
| 225|0x000000008e100000, 0x000000008e100000, 0x000000008e200000|  0%| F|  |TAMS 0x000000008e100000| PB 0x000000008e100000| Untracked 
| 226|0x000000008e200000, 0x000000008e200000, 0x000000008e300000|  0%| F|  |TAMS 0x000000008e200000| PB 0x000000008e200000| Untracked 
| 227|0x000000008e300000, 0x000000008e300000, 0x000000008e400000|  0%| F|  |TAMS 0x000000008e300000| PB 0x000000008e300000| Untracked 
| 228|0x000000008e400000, 0x000000008e400000, 0x000000008e500000|  0%| F|  |TAMS 0x000000008e400000| PB 0x000000008e400000| Untracked 
| 229|0x000000008e500000, 0x000000008e500000, 0x000000008e600000|  0%| F|  |TAMS 0x000000008e500000| PB 0x000000008e500000| Untracked 
| 230|0x000000008e600000, 0x000000008e600000, 0x000000008e700000|  0%| F|  |TAMS 0x000000008e600000| PB 0x000000008e600000| Untracked 
| 231|0x000000008e700000, 0x000000008e700000, 0x000000008e800000|  0%| F|  |TAMS 0x000000008e700000| PB 0x000000008e700000| Untracked 
| 232|0x000000008e800000, 0x000000008e800000, 0x000000008e900000|  0%| F|  |TAMS 0x000000008e800000| PB 0x000000008e800000| Untracked 
| 233|0x000000008e900000, 0x000000008e900000, 0x000000008ea00000|  0%| F|  |TAMS 0x000000008e900000| PB 0x000000008e900000| Untracked 
| 234|0x000000008ea00000, 0x000000008ea80a78, 0x000000008eb00000| 50%| E|  |TAMS 0x000000008ea00000| PB 0x000000008ea00000| Complete 

Card table byte_map: [0x000001f995fa0000,0x000001f9963a0000] _byte_map_base: 0x000001f995ba0000

Marking Bits: (CMBitMap*) 0x000001f9fd180b90
 Bits: [0x000001f9963a0000, 0x000001f9983a0000)

Polling page: 0x000001f985ee0000

Metaspace:

Usage:
  Non-class:     10.32 MB used.
      Class:      1.04 MB used.
       Both:     11.36 MB used.

Virtual space:
  Non-class space:       64.00 MB reserved,      10.38 MB ( 16%) committed,  1 nodes.
      Class space:        1.00 GB reserved,       1.12 MB ( <1%) committed,  1 nodes.
             Both:        1.06 GB reserved,      11.50 MB (  1%) committed. 

Chunk freelists:
   Non-Class:  5.62 MB
       Class:  14.81 MB
        Both:  20.44 MB

MaxMetaspaceSize: unlimited
CompressedClassSpaceSize: 1.00 GB
Initial GC threshold: 21.00 MB
Current GC threshold: 21.00 MB
CDS: on
 - commit_granule_bytes: 65536.
 - commit_granule_words: 8192.
 - virtual_space_node_default_size: 8388608.
 - enlarge_chunks_in_place: 1.
 - use_allocation_guard: 0.


Internal statistics:

num_allocs_failed_limit: 0.
num_arena_births: 92.
num_arena_deaths: 0.
num_vsnodes_births: 2.
num_vsnodes_deaths: 0.
num_space_committed: 184.
num_space_uncommitted: 0.
num_chunks_returned_to_freelist: 0.
num_chunks_taken_from_freelist: 364.
num_chunk_merges: 0.
num_chunk_splits: 281.
num_chunks_enlarged: 216.
num_inconsistent_stats: 0.

CodeHeap 'non-profiled nmethods': size=120000Kb used=822Kb max_used=822Kb free=119177Kb
 bounds [0x000001f98d9d0000, 0x000001f98dc40000, 0x000001f994f00000]
CodeHeap 'profiled nmethods': size=120000Kb used=3162Kb max_used=3246Kb free=116837Kb
 bounds [0x000001f985f00000, 0x000001f986230000, 0x000001f98d430000]
CodeHeap 'non-nmethods': size=5760Kb used=1546Kb max_used=1576Kb free=4213Kb
 bounds [0x000001f98d430000, 0x000001f98d6a0000, 0x000001f98d9d0000]
 total_blobs=2366 nmethods=1753 adapters=517
 compilation: enabled
              stopped_count=0, restarted_count=0
 full_count=0

Compilation events (20 events):
Event: 921.664 Thread 0x000001f9feb58700 2087       4       sun.nio.ch.Util::offerFirstTemporaryDirectBuffer (53 bytes)
Event: 921.693 Thread 0x000001f9feb58700 nmethod 2087 0x000001f98da9a210 code [0x000001f98da9a3e0, 0x000001f98da9a7d0]
Event: 921.693 Thread 0x000001f9feb58700 2088       4       sun.nio.ch.Util$BufferCache::offerFirst (73 bytes)
Event: 921.695 Thread 0x000001f9feb58700 nmethod 2088 0x000001f98da9ab90 code [0x000001f98da9ad20, 0x000001f98da9af58]
Event: 921.698 Thread 0x000001f9feb58700 2089       4       sun.nio.ch.Util::getTemporaryDirectBuffer (55 bytes)
Event: 921.707 Thread 0x000001f9feb58700 nmethod 2089 0x000001f98da9b090 code [0x000001f98da9b280, 0x000001f98da9b6d0]
Event: 921.813 Thread 0x000001f9feb58700 2090   !   4       com.ibm.db2.jcc.t4.ad::a (60 bytes)
Event: 921.821 Thread 0x000001f9feb58700 nmethod 2090 0x000001f98da9bc90 code [0x000001f98da9be20, 0x000001f98da9bf90]
Event: 921.958 Thread 0x000001f9feb58700 2091   !   4       com.ibm.db2.jcc.t4.y::T (122 bytes)
Event: 922.010 Thread 0x000001f9feb58700 nmethod 2091 0x000001f98da9c090 code [0x000001f98da9c260, 0x000001f98da9c5b8]
Event: 932.261 Thread 0x000001f9feb58700 2092       4       sun.nio.ch.NioSocketImpl::configureNonBlockingIfNeeded (65 bytes)
Event: 932.268 Thread 0x000001f9feb58700 nmethod 2092 0x000001f98da9c890 code [0x000001f98da9ca20, 0x000001f98da9cb38]
Event: 936.329 Thread 0x000001f9feb58700 2093       4       com.ibm.db2.jcc.t4.ad::d (114 bytes)
Event: 936.336 Thread 0x000001f9feb58700 nmethod 2093 0x000001f98da9cc10 code [0x000001f98da9cda0, 0x000001f98da9cf08]
Event: 936.336 Thread 0x000001f9feb58700 2094       4       sun.nio.ch.NioSocketImpl::ensureOpenAndConnected (36 bytes)
Event: 936.337 Thread 0x000001f9feb58700 nmethod 2094 0x000001f98da9d010 code [0x000001f98da9d1a0, 0x000001f98da9d248]
Event: 936.476 Thread 0x000001f9feb58700 2095       4       com.ibm.db2.jcc.am.kw::a (118 bytes)
Event: 936.488 Thread 0x000001f9feb58700 nmethod 2095 0x000001f98da9d310 code [0x000001f98da9d4a0, 0x000001f98da9d640]
Event: 936.509 Thread 0x000001f9feb58700 2096       4       java.nio.DirectByteBuffer::address (42 bytes)
Event: 936.511 Thread 0x000001f9feb58700 nmethod 2096 0x000001f98da9d810 code [0x000001f98da9d9a0, 0x000001f98da9da50]

GC Heap History (20 events):
Event: 941.647 GC heap after
{Heap after GC invocations=131 (full 92):
 garbage-first heap   total 240640K, used 108605K [0x0000000080000000, 0x0000000100000000)
  region size 1024K, 0 young (0K), 0 survivors (0K)
 Metaspace       used 11629K, committed 11776K, reserved 1114112K
  class space    used 1063K, committed 1152K, reserved 1048576K
}
Event: 945.901 GC heap before
{Heap before GC invocations=131 (full 92):
 garbage-first heap   total 240640K, used 126013K [0x0000000080000000, 0x0000000100000000)
  region size 1024K, 18 young (18432K), 0 survivors (0K)
 Metaspace       used 11629K, committed 11776K, reserved 1114112K
  class space    used 1063K, committed 1152K, reserved 1048576K
}
Event: 945.976 GC heap after
{Heap after GC invocations=132 (full 93):
 garbage-first heap   total 240640K, used 110343K [0x0000000080000000, 0x0000000100000000)
  region size 1024K, 0 young (0K), 0 survivors (0K)
 Metaspace       used 11629K, committed 11776K, reserved 1114112K
  class space    used 1063K, committed 1152K, reserved 1048576K
}
Event: 947.701 GC heap before
{Heap before GC invocations=132 (full 93):
 garbage-first heap   total 240640K, used 110343K [0x0000000080000000, 0x0000000100000000)
  region size 1024K, 1 young (1024K), 0 survivors (0K)
 Metaspace       used 11629K, committed 11776K, reserved 1114112K
  class space    used 1063K, committed 1152K, reserved 1048576K
}
Event: 947.757 GC heap after
{Heap after GC invocations=133 (full 94):
 garbage-first heap   total 240640K, used 110343K [0x0000000080000000, 0x0000000100000000)
  region size 1024K, 0 young (0K), 0 survivors (0K)
 Metaspace       used 11629K, committed 11776K, reserved 1114112K
  class space    used 1063K, committed 1152K, reserved 1048576K
}
Event: 954.176 GC heap before
{Heap before GC invocations=133 (full 94):
 garbage-first heap   total 240640K, used 137991K [0x0000000080000000, 0x0000000100000000)
  region size 1024K, 28 young (28672K), 0 survivors (0K)
 Metaspace       used 11629K, committed 11776K, reserved 1114112K
  class space    used 1063K, committed 1152K, reserved 1048576K
}
Event: 954.249 GC heap after
{Heap after GC invocations=134 (full 95):
 garbage-first heap   total 240640K, used 112977K [0x0000000080000000, 0x0000000100000000)
  region size 1024K, 0 young (0K), 0 survivors (0K)
 Metaspace       used 11629K, committed 11776K, reserved 1114112K
  class space    used 1063K, committed 1152K, reserved 1048576K
}
Event: 955.933 GC heap before
{Heap before GC invocations=134 (full 95):
 garbage-first heap   total 240640K, used 112977K [0x0000000080000000, 0x0000000100000000)
  region size 1024K, 1 young (1024K), 0 survivors (0K)
 Metaspace       used 11629K, committed 11776K, reserved 1114112K
  class space    used 1063K, committed 1152K, reserved 1048576K
}
Event: 955.990 GC heap after
{Heap after GC invocations=135 (full 96):
 garbage-first heap   total 240640K, used 112978K [0x0000000080000000, 0x0000000100000000)
  region size 1024K, 0 young (0K), 0 survivors (0K)
 Metaspace       used 11629K, committed 11776K, reserved 1114112K
  class space    used 1063K, committed 1152K, reserved 1048576K
}
Event: 958.019 GC heap before
{Heap before GC invocations=135 (full 96):
 garbage-first heap   total 240640K, used 115026K [0x0000000080000000, 0x0000000100000000)
  region size 1024K, 3 young (3072K), 0 survivors (0K)
 Metaspace       used 11629K, committed 11776K, reserved 1114112K
  class space    used 1063K, committed 1152K, reserved 1048576K
}
Event: 958.079 GC heap after
{Heap after GC invocations=136 (full 97):
 garbage-first heap   total 240640K, used 113249K [0x0000000080000000, 0x0000000100000000)
  region size 1024K, 0 young (0K), 0 survivors (0K)
 Metaspace       used 11629K, committed 11776K, reserved 1114112K
  class space    used 1063K, committed 1152K, reserved 1048576K
}
Event: 959.659 GC heap before
{Heap before GC invocations=136 (full 97):
 garbage-first heap   total 240640K, used 113249K [0x0000000080000000, 0x0000000100000000)
  region size 1024K, 1 young (1024K), 0 survivors (0K)
 Metaspace       used 11629K, committed 11776K, reserved 1114112K
  class space    used 1063K, committed 1152K, reserved 1048576K
}
Event: 959.716 GC heap after
{Heap after GC invocations=137 (full 98):
 garbage-first heap   total 240640K, used 113249K [0x0000000080000000, 0x0000000100000000)
  region size 1024K, 0 young (0K), 0 survivors (0K)
 Metaspace       used 11629K, committed 11776K, reserved 1114112K
  class space    used 1063K, committed 1152K, reserved 1048576K
}
Event: 965.935 GC heap before
{Heap before GC invocations=137 (full 98):
 garbage-first heap   total 240640K, used 131681K [0x0000000080000000, 0x0000000100000000)
  region size 1024K, 19 young (19456K), 0 survivors (0K)
 Metaspace       used 11629K, committed 11776K, reserved 1114112K
  class space    used 1063K, committed 1152K, reserved 1048576K
}
Event: 965.998 GC heap after
{Heap after GC invocations=138 (full 99):
 garbage-first heap   total 240640K, used 114993K [0x0000000080000000, 0x0000000100000000)
  region size 1024K, 0 young (0K), 0 survivors (0K)
 Metaspace       used 11629K, committed 11776K, reserved 1114112K
  class space    used 1063K, committed 1152K, reserved 1048576K
}
Event: 967.613 GC heap before
{Heap before GC invocations=138 (full 99):
 garbage-first heap   total 240640K, used 114993K [0x0000000080000000, 0x0000000100000000)
  region size 1024K, 1 young (1024K), 0 survivors (0K)
 Metaspace       used 11629K, committed 11776K, reserved 1114112K
  class space    used 1063K, committed 1152K, reserved 1048576K
}
Event: 967.677 GC heap after
{Heap after GC invocations=139 (full 100):
 garbage-first heap   total 240640K, used 114994K [0x0000000080000000, 0x0000000100000000)
  region size 1024K, 0 young (0K), 0 survivors (0K)
 Metaspace       used 11629K, committed 11776K, reserved 1114112K
  class space    used 1063K, committed 1152K, reserved 1048576K
}
Event: 973.974 GC heap before
{Heap before GC invocations=139 (full 100):
 garbage-first heap   total 240640K, used 133426K [0x0000000080000000, 0x0000000100000000)
  region size 1024K, 19 young (19456K), 0 survivors (0K)
 Metaspace       used 11629K, committed 11776K, reserved 1114112K
  class space    used 1063K, committed 1152K, reserved 1048576K
}
Event: 974.102 GC heap after
{Heap after GC invocations=140 (full 101):
 garbage-first heap   total 240640K, used 116817K [0x0000000080000000, 0x0000000100000000)
  region size 1024K, 0 young (0K), 0 survivors (0K)
 Metaspace       used 11629K, committed 11776K, reserved 1114112K
  class space    used 1063K, committed 1152K, reserved 1048576K
}
Event: 976.810 GC heap before
{Heap before GC invocations=140 (full 101):
 garbage-first heap   total 240640K, used 116817K [0x0000000080000000, 0x0000000100000000)
  region size 1024K, 1 young (1024K), 0 survivors (0K)
 Metaspace       used 11629K, committed 11776K, reserved 1114112K
  class space    used 1063K, committed 1152K, reserved 1048576K
}

Dll operation events (8 events):
Event: 0.087 Loaded shared library C:\Program Files\temurin-jre-21\bin\java.dll
Event: 0.205 Loaded shared library C:\Program Files\temurin-jre-21\bin\jsvml.dll
Event: 0.283 Loaded shared library C:\Program Files\temurin-jre-21\bin\net.dll
Event: 0.336 Loaded shared library C:\Program Files\temurin-jre-21\bin\nio.dll
Event: 0.375 Loaded shared library C:\Program Files\temurin-jre-21\bin\zip.dll
Event: 0.543 Loaded shared library C:\Users\M509PSAO\Projects\List_reminder_colorectal_cancer_screening\.venv\Lib\site-packages\_jpype.cp311-win_amd64.pyd
Event: 0.896 Loaded shared library C:\Program Files\temurin-jre-21\bin\jimage.dll
Event: 1.811 Loaded shared library C:\Program Files\temurin-jre-21\bin\extnet.dll

Deoptimization events (20 events):
Event: 270.417 Thread 0x000001f9fd17dd90 Uncommon trap: trap_request=0xffffffbe fr.pc=0x000001f98da442f4 relative=0x00000000000007f4
Event: 270.418 Thread 0x000001f9fd17dd90 Uncommon trap: reason=profile_predicate action=maybe_recompile pc=0x000001f98da442f4 method=java.math.BigInteger.montReduce([I[III)[I @ 56 c2
Event: 270.419 Thread 0x000001f9fd17dd90 DEOPT PACKING pc=0x000001f98da442f4 sp=0x0000000e3a9eb270
Event: 270.420 Thread 0x000001f9fd17dd90 DEOPT UNPACKING pc=0x000001f98d4846a2 sp=0x0000000e3a9eb238 mode 2
Event: 270.422 Thread 0x000001f9fd17dd90 Uncommon trap: trap_request=0xffffffbe fr.pc=0x000001f98da442f4 relative=0x00000000000007f4
Event: 270.422 Thread 0x000001f9fd17dd90 Uncommon trap: reason=profile_predicate action=maybe_recompile pc=0x000001f98da442f4 method=java.math.BigInteger.montReduce([I[III)[I @ 56 c2
Event: 270.422 Thread 0x000001f9fd17dd90 DEOPT PACKING pc=0x000001f98da442f4 sp=0x0000000e3a9eb250
Event: 270.423 Thread 0x000001f9fd17dd90 DEOPT UNPACKING pc=0x000001f98d4846a2 sp=0x0000000e3a9eb238 mode 2
Event: 270.423 Thread 0x000001f9fd17dd90 Uncommon trap: trap_request=0xffffffbe fr.pc=0x000001f98da442f4 relative=0x00000000000007f4
Event: 270.423 Thread 0x000001f9fd17dd90 Uncommon trap: reason=profile_predicate action=maybe_recompile pc=0x000001f98da442f4 method=java.math.BigInteger.montReduce([I[III)[I @ 56 c2
Event: 270.423 Thread 0x000001f9fd17dd90 DEOPT PACKING pc=0x000001f98da442f4 sp=0x0000000e3a9eb250
Event: 270.423 Thread 0x000001f9fd17dd90 DEOPT UNPACKING pc=0x000001f98d4846a2 sp=0x0000000e3a9eb238 mode 2
Event: 270.423 Thread 0x000001f9fd17dd90 Uncommon trap: trap_request=0xffffffbe fr.pc=0x000001f98da442f4 relative=0x00000000000007f4
Event: 270.423 Thread 0x000001f9fd17dd90 Uncommon trap: reason=profile_predicate action=maybe_recompile pc=0x000001f98da442f4 method=java.math.BigInteger.montReduce([I[III)[I @ 56 c2
Event: 270.423 Thread 0x000001f9fd17dd90 DEOPT PACKING pc=0x000001f98da442f4 sp=0x0000000e3a9eb250
Event: 270.423 Thread 0x000001f9fd17dd90 DEOPT UNPACKING pc=0x000001f98d4846a2 sp=0x0000000e3a9eb238 mode 2
Event: 878.095 Thread 0x000001f9fd17e420 Uncommon trap: trap_request=0xffffff45 fr.pc=0x000001f98da95b28 relative=0x0000000000000288
Event: 878.096 Thread 0x000001f9fd17e420 Uncommon trap: reason=unstable_if action=reinterpret pc=0x000001f98da95b28 method=java.lang.ref.ReferenceQueue.poll0()Ljava/lang/ref/Reference; @ 54 c2
Event: 878.096 Thread 0x000001f9fd17e420 DEOPT PACKING pc=0x000001f98da95b28 sp=0x0000000e3dccf3c0
Event: 878.096 Thread 0x000001f9fd17e420 DEOPT UNPACKING pc=0x000001f98d4846a2 sp=0x0000000e3dccf360 mode 2

Classes loaded (20 events):
Event: 2.542 Loading class java/util/EventListener
Event: 2.543 Loading class java/util/EventListener done
Event: 2.555 Loading class java/util/function/UnaryOperator
Event: 2.555 Loading class java/util/function/UnaryOperator done
Event: 2.564 Loading class javax/naming/Reference
Event: 2.564 Loading class javax/naming/Reference done
Event: 3.247 Loading class java/nio/charset/MalformedInputException
Event: 3.247 Loading class java/nio/charset/MalformedInputException done
Event: 3.304 Loading class java/math/BigDecimal$LongOverflow
Event: 3.304 Loading class java/math/BigDecimal$LongOverflow done
Event: 3.304 Loading class java/math/BigDecimal$StringBuilderHelper
Event: 3.305 Loading class java/math/BigDecimal$StringBuilderHelper done
Event: 3.305 Loading class java/math/BigDecimal$UnsafeHolder
Event: 3.305 Loading class java/math/BigDecimal$UnsafeHolder done
Event: 3.354 Loading class java/lang/foreign/MemorySegment
Event: 3.354 Loading class java/lang/foreign/MemorySegment done
Event: 128.168 Loading class java/text/MessageFormat
Event: 128.171 Loading class java/text/MessageFormat done
Event: 128.172 Loading class java/text/MessageFormat$Field
Event: 128.172 Loading class java/text/MessageFormat$Field done

Classes unloaded (0 events):
No events

Classes redefined (0 events):
No events

Internal exceptions (20 events):
Event: 0.382 Thread 0x000001f9fd17dd90 Exception <a 'java/lang/NoClassDefFoundError'{0x0000000087455600}: org/jpype/classloader/DynamicClassLoader> (0x0000000087455600) 
thrown [s\src\hotspot\share\classfile\systemDictionary.cpp, line 301]
Event: 0.547 Thread 0x000001f9fd17dd90 Exception <a 'java/lang/NoSuchMethodError'{0x00000000873714b0}: 'int java.lang.invoke.DirectMethodHandle$Holder.invokeStaticInit(java.lang.Object, java.lang.Object)'> (0x00000000873714b0) 
thrown [s\src\hotspot\share\interpreter\linkResolver.cpp, line 773]
Event: 0.549 Thread 0x000001f9fd17dd90 Exception <a 'java/lang/NoSuchMethodError'{0x00000000873777e8}: 'java.lang.Object java.lang.invoke.DirectMethodHandle$Holder.invokeStaticInit(java.lang.Object, int)'> (0x00000000873777e8) 
thrown [s\src\hotspot\share\interpreter\linkResolver.cpp, line 773]
Event: 0.553 Thread 0x000001f9fd17dd90 Exception <a 'java/lang/NoSuchMethodError'{0x00000000873824e0}: 'int java.lang.invoke.DirectMethodHandle$Holder.invokeSpecial(java.lang.Object, java.lang.Object, java.lang.Object)'> (0x00000000873824e0) 
thrown [s\src\hotspot\share\interpreter\linkResolver.cpp, line 773]
Event: 0.556 Thread 0x000001f9fd17dd90 Exception <a 'java/lang/NoSuchMethodError'{0x0000000087392790}: 'java.lang.Object java.lang.invoke.DirectMethodHandle$Holder.invokeStatic(java.lang.Object, java.lang.Object, int)'> (0x0000000087392790) 
thrown [s\src\hotspot\share\interpreter\linkResolver.cpp, line 773]
Event: 0.558 Thread 0x000001f9fd17dd90 Exception <a 'java/lang/NoSuchMethodError'{0x000000008739dad8}: 'void java.lang.invoke.DelegatingMethodHandle$Holder.delegate(java.lang.Object, java.lang.Object, int, java.lang.Object)'> (0x000000008739dad8) 
thrown [s\src\hotspot\share\interpreter\linkResolver.cpp, line 773]
Event: 0.582 Thread 0x000001f9fd17dd90 Exception <a 'java/lang/NoSuchMethodError'{0x00000000872337c0}: 'java.lang.Object java.lang.invoke.Invokers$Holder.invokeExact_MT(java.lang.Object, java.lang.Object, java.lang.Object, java.lang.Object, java.lang.Object)'> (0x00000000872337c0) 
thrown [s\src\hotspot\share\interpreter\linkResolver.cpp, line 773]
Event: 0.591 Thread 0x000001f9fd17dd90 Exception <a 'java/lang/NoSuchMethodError'{0x000000008724ecf0}: 'java.lang.Object java.lang.invoke.DirectMethodHandle$Holder.invokeInterface(java.lang.Object, java.lang.Object)'> (0x000000008724ecf0) 
thrown [s\src\hotspot\share\interpreter\linkResolver.cpp, line 773]
Event: 0.592 Thread 0x000001f9fd17dd90 Exception <a 'java/lang/IncompatibleClassChangeError'{0x0000000087251fe8}: Found class java.lang.Object, but interface was expected> (0x0000000087251fe8) 
thrown [s\src\hotspot\share\interpreter\linkResolver.cpp, line 840]
Event: 0.635 Thread 0x000001f9fd17dd90 Exception <a 'java/lang/NoSuchMethodError'{0x00000000871d2188}: method resolution failed> (0x00000000871d2188) 
thrown [s\src\hotspot\share\prims\methodHandles.cpp, line 1144]
Event: 1.183 Thread 0x000001f9fd17dd90 Exception <a 'java/lang/NoSuchMethodError'{0x00000000813003a0}: method resolution failed> (0x00000000813003a0) 
thrown [s\src\hotspot\share\prims\methodHandles.cpp, line 1144]
Event: 1.358 Thread 0x000001f9fd17dd90 Exception <a 'java/lang/NoSuchMethodError'{0x00000000813e1b20}: 'java.lang.Object java.lang.reflect.Field.get(java.lang.Object, java.lang.Class)'> (0x00000000813e1b20) 
thrown [s\src\hotspot\share\interpreter\linkResolver.cpp, line 773]
Event: 1.360 Thread 0x000001f9fd17dd90 Exception <a 'java/lang/NoSuchMethodError'{0x00000000813ea460}: 'int java.lang.invoke.Invokers$Holder.invokeExact_MT(java.lang.Object, java.lang.Object)'> (0x00000000813ea460) 
thrown [s\src\hotspot\share\interpreter\linkResolver.cpp, line 773]
Event: 1.392 Thread 0x000001f9fd17dd90 Exception <a 'java/lang/NoSuchMethodError'{0x000000008129d2b8}: method resolution failed> (0x000000008129d2b8) 
thrown [s\src\hotspot\share\prims\methodHandles.cpp, line 1144]
Event: 1.672 Thread 0x000001f9fd17dd90 Implicit null exception at 0x000001f98d9f7320 to 0x000001f98d9f78b8
Event: 1.822 Thread 0x000001f9fd17dd90 Exception <a 'java/lang/NoSuchMethodError'{0x00000000813021c8}: 'void java.lang.invoke.DirectMethodHandle$Holder.invokeStatic(java.lang.Object, java.lang.Object)'> (0x00000000813021c8) 
thrown [s\src\hotspot\share\interpreter\linkResolver.cpp, line 773]
Event: 1.946 Thread 0x000001f9fd17dd90 Exception <a 'sun/nio/fs/WindowsException'{0x0000000081245930}> (0x0000000081245930) 
thrown [s\src\hotspot\share\prims\jni.cpp, line 520]
Event: 2.004 Thread 0x000001f9fd17dd90 Exception <a 'java/lang/NoSuchMethodError'{0x0000000081282580}: 'java.lang.Object java.lang.invoke.DirectMethodHandle$Holder.invokeStaticInit(java.lang.Object, int, int, int, int)'> (0x0000000081282580) 
thrown [s\src\hotspot\share\interpreter\linkResolver.cpp, line 773]
Event: 2.103 Thread 0x000001f9fd17dd90 Exception <a 'java/lang/NoSuchMethodError'{0x0000000081143748}: 'java.lang.Object java.lang.invoke.DirectMethodHandle$Holder.invokeStaticInit(java.lang.Object, java.lang.Object, int, int, int, int)'> (0x0000000081143748) 
thrown [s\src\hotspot\share\interpreter\linkResolver.cpp, line 773]
Event: 2.221 Thread 0x000001f9fd17dd90 Exception <a 'java/lang/NoSuchMethodError'{0x000000008115d498}: 'void java.lang.invoke.DirectMethodHandle$Holder.invokeVirtual(java.lang.Object, java.lang.Object)'> (0x000000008115d498) 
thrown [s\src\hotspot\share\interpreter\linkResolver.cpp, line 773]

ZGC Phase Switch (0 events):
No events

VM Operations (20 events):
Event: 941.647 Executing VM operation: G1CollectFull (System.gc()) done
Event: 945.901 Executing VM operation: G1CollectFull (System.gc())
Event: 945.977 Executing VM operation: G1CollectFull (System.gc()) done
Event: 947.701 Executing VM operation: G1CollectFull (System.gc())
Event: 947.757 Executing VM operation: G1CollectFull (System.gc()) done
Event: 954.175 Executing VM operation: G1CollectFull (System.gc())
Event: 954.250 Executing VM operation: G1CollectFull (System.gc()) done
Event: 955.933 Executing VM operation: G1CollectFull (System.gc())
Event: 955.990 Executing VM operation: G1CollectFull (System.gc()) done
Event: 958.019 Executing VM operation: G1CollectFull (System.gc())
Event: 958.079 Executing VM operation: G1CollectFull (System.gc()) done
Event: 959.659 Executing VM operation: G1CollectFull (System.gc())
Event: 959.716 Executing VM operation: G1CollectFull (System.gc()) done
Event: 965.935 Executing VM operation: G1CollectFull (System.gc())
Event: 965.998 Executing VM operation: G1CollectFull (System.gc()) done
Event: 967.613 Executing VM operation: G1CollectFull (System.gc())
Event: 967.677 Executing VM operation: G1CollectFull (System.gc()) done
Event: 973.974 Executing VM operation: G1CollectFull (System.gc())
Event: 974.103 Executing VM operation: G1CollectFull (System.gc()) done
Event: 976.810 Executing VM operation: G1CollectFull (System.gc())

Events (20 events):
Event: 900.393 Thread 0x000001f9fd24d650 flushing nmethod 0x000001f985f5e810
Event: 901.912 Thread 0x000001f9fd24d650 flushing nmethod 0x000001f986210090
Event: 901.913 Thread 0x000001f9fd24d650 flushing nmethod 0x000001f986191a10
Event: 901.913 Thread 0x000001f9fd24d650 flushing nmethod 0x000001f986051d90
Event: 901.913 Thread 0x000001f9fd24d650 flushing nmethod 0x000001f986048b10
Event: 901.915 Thread 0x000001f9fd24d650 flushing nmethod 0x000001f986047590
Event: 901.915 Thread 0x000001f9fd24d650 flushing nmethod 0x000001f986047090
Event: 901.915 Thread 0x000001f9fd24d650 flushing nmethod 0x000001f98da95710
Event: 915.384 Thread 0x000001f9fd24d650 flushing nmethod 0x000001f98601c610
Event: 926.303 Thread 0x000001f9fd24d650 flushing nmethod 0x000001f986165310
Event: 926.304 Thread 0x000001f9fd24d650 flushing nmethod 0x000001f9860dd090
Event: 926.304 Thread 0x000001f9fd24d650 flushing nmethod 0x000001f9860a6010
Event: 926.304 Thread 0x000001f9fd24d650 flushing nmethod 0x000001f986029010
Event: 926.304 Thread 0x000001f9fd24d650 flushing nmethod 0x000001f985f9e590
Event: 926.304 Thread 0x000001f9fd24d650 flushing nmethod 0x000001f985f58d90
Event: 934.357 Thread 0x000001f9fd24d650 flushing nmethod 0x000001f986023610
Event: 941.629 Thread 0x000001f9fd24d650 flushing nmethod 0x000001f98609f610
Event: 941.629 Thread 0x000001f9fd24d650 flushing nmethod 0x000001f985f83190
Event: 941.629 Thread 0x000001f9fd24d650 flushing nmethod 0x000001f985f5f890
Event: 941.629 Thread 0x000001f9fd24d650 flushing nmethod 0x000001f985f5c790


Dynamic libraries:
0x00007ff6e7890000 - 0x00007ff6e78aa000 	C:\Users\M509PSAO\AppData\Local\Programs\Python\Python311\python.exe
0x00007ff9dad10000 - 0x00007ff9daf29000 	C:\WINDOWS\SYSTEM32\ntdll.dll
0x00007ff9d94d0000 - 0x00007ff9d9594000 	C:\WINDOWS\System32\KERNEL32.DLL
0x00007ff9d84c0000 - 0x00007ff9d8888000 	C:\WINDOWS\System32\KERNELBASE.dll
0x00007ff9d8890000 - 0x00007ff9d89a1000 	C:\WINDOWS\System32\ucrtbase.dll
0x00007ff959e80000 - 0x00007ff95a456000 	C:\Users\M509PSAO\AppData\Local\Programs\Python\Python311\python311.dll
0x00007ff9cf8c0000 - 0x00007ff9cf8dd000 	C:\Users\M509PSAO\AppData\Local\Programs\Python\Python311\VCRUNTIME140.dll
0x00007ff9d93d0000 - 0x00007ff9d9441000 	C:\WINDOWS\System32\WS2_32.dll
0x00007ff9cc400000 - 0x00007ff9cc40a000 	C:\WINDOWS\SYSTEM32\VERSION.dll
0x00007ff9d9b60000 - 0x00007ff9d9c07000 	C:\WINDOWS\System32\msvcrt.dll
0x00007ff9daad0000 - 0x00007ff9dabe8000 	C:\WINDOWS\System32\RPCRT4.dll
0x00007ff9d8350000 - 0x00007ff9d8378000 	C:\WINDOWS\System32\bcrypt.dll
0x00007ff9d8b80000 - 0x00007ff9d8c31000 	C:\WINDOWS\System32\ADVAPI32.dll
0x00007ff9d9a60000 - 0x00007ff9d9b08000 	C:\WINDOWS\System32\sechost.dll
0x00007ff9d8380000 - 0x00007ff9d83fb000 	C:\WINDOWS\System32\bcryptprimitives.dll
0x000001f9f8240000 - 0x000001f9f824f000 	C:\Users\M509PSAO\AppData\Local\Programs\Python\Python311\python3.DLL
0x00007ff9a1250000 - 0x00007ff9a1353000 	c:\Users\M509PSAO\Projects\List_reminder_colorectal_cancer_screening\.venv\Lib\site-packages\zmq\backend\cython\_zmq.cp311-win_amd64.pyd
0x00007ff9d65b0000 - 0x00007ff9d65dd000 	C:\WINDOWS\SYSTEM32\IPHLPAPI.DLL
0x00007ff9d76b0000 - 0x00007ff9d76bc000 	C:\WINDOWS\SYSTEM32\CRYPTBASE.DLL
0x00007ff9ccd60000 - 0x00007ff9ccd75000 	C:\Users\M509PSAO\AppData\Local\Programs\Python\Python311\DLLs\_socket.pyd
0x00007ff9d1dd0000 - 0x00007ff9d1dd9000 	C:\Users\M509PSAO\AppData\Local\Programs\Python\Python311\DLLs\select.pyd
0x00007ff9b47a0000 - 0x00007ff9b47cd000 	C:\Users\M509PSAO\AppData\Local\Programs\Python\Python311\DLLs\_ssl.pyd
0x00007ff9d81b0000 - 0x00007ff9d8318000 	C:\WINDOWS\System32\CRYPT32.dll
0x00007ff959980000 - 0x00007ff959e79000 	C:\Users\M509PSAO\AppData\Local\Programs\Python\Python311\DLLs\libcrypto-3.dll
0x00007ff9a7de0000 - 0x00007ff9a7ea2000 	C:\Users\M509PSAO\AppData\Local\Programs\Python\Python311\DLLs\libssl-3.dll
0x00007ff9d89c0000 - 0x00007ff9d8b71000 	C:\WINDOWS\System32\USER32.dll
0x00007ff9d8320000 - 0x00007ff9d8346000 	C:\WINDOWS\System32\win32u.dll
0x00007ff9d94a0000 - 0x00007ff9d94c9000 	C:\WINDOWS\System32\GDI32.dll
0x00007ff9d7eb0000 - 0x00007ff9d7fcc000 	C:\WINDOWS\System32\gdi32full.dll
0x00007ff9d8110000 - 0x00007ff9d81aa000 	C:\WINDOWS\System32\msvcp_win.dll
0x00007ff9d9b20000 - 0x00007ff9d9b51000 	C:\WINDOWS\System32\IMM32.DLL
0x00007ff9c9260000 - 0x00007ff9c9271000 	C:\Users\M509PSAO\AppData\Local\Programs\Python\Python311\DLLs\_asyncio.pyd
0x00007ff9cfe30000 - 0x00007ff9cfe3e000 	C:\Users\M509PSAO\AppData\Local\Programs\Python\Python311\DLLs\_overlapped.pyd
0x00007ff9d73d0000 - 0x00007ff9d7439000 	C:\WINDOWS\system32\mswsock.dll
0x00007ff9c92c0000 - 0x00007ff9c92d5000 	C:\Users\M509PSAO\AppData\Local\Programs\Python\Python311\DLLs\_bz2.pyd
0x00007ff9c90a0000 - 0x00007ff9c90c9000 	C:\Users\M509PSAO\AppData\Local\Programs\Python\Python311\DLLs\_lzma.pyd
0x00007ff9d1930000 - 0x00007ff9d1939000 	C:\Users\M509PSAO\AppData\Local\Programs\Python\Python311\DLLs\_queue.pyd
0x00007ff9c5790000 - 0x00007ff9c57a1000 	C:\Users\M509PSAO\AppData\Local\Programs\Python\Python311\DLLs\_hashlib.pyd
0x00007ff9cfe20000 - 0x00007ff9cfe28000 	c:\Users\M509PSAO\Projects\List_reminder_colorectal_cancer_screening\.venv\Lib\site-packages\tornado\speedups.pyd
0x00007ff9caf00000 - 0x00007ff9caf1f000 	C:\Users\M509PSAO\AppData\Local\Programs\Python\Python311\DLLs\_ctypes.pyd
0x00007ff9d98a0000 - 0x00007ff9d9a41000 	C:\WINDOWS\System32\ole32.dll
0x00007ff9d8f20000 - 0x00007ff9d92b2000 	C:\WINDOWS\System32\combase.dll
0x00007ff9dabf0000 - 0x00007ff9dacc9000 	C:\WINDOWS\System32\OLEAUT32.dll
0x00007ff9d18e0000 - 0x00007ff9d18eb000 	C:\Users\M509PSAO\AppData\Local\Programs\Python\Python311\DLLs\libffi-8.dll
0x00007ff9c7d30000 - 0x00007ff9c7d6f000 	C:\Users\M509PSAO\AppData\Local\Programs\Python\Python311\DLLs\_decimal.pyd
0x00007ff9d1890000 - 0x00007ff9d1897000 	C:\Users\M509PSAO\AppData\Local\Programs\Python\Python311\DLLs\_uuid.pyd
0x00007ff9da230000 - 0x00007ff9daace000 	C:\WINDOWS\System32\shell32.DLL
0x00007ff9d7fd0000 - 0x00007ff9d810f000 	C:\WINDOWS\System32\wintypes.dll
0x00007ff9cf8a0000 - 0x00007ff9cf8be000 	C:\Users\M509PSAO\AppData\Local\Programs\Python\Python311\DLLs\_sqlite3.pyd
0x00007ff99b7a0000 - 0x00007ff99b918000 	C:\Users\M509PSAO\AppData\Local\Programs\Python\Python311\DLLs\sqlite3.dll
0x00007ff9bedd0000 - 0x00007ff9bee02000 	C:\Users\M509PSAO\AppData\Local\Programs\Python\Python311\DLLs\pyexpat.pyd
0x00007ff9a0ed0000 - 0x00007ff9a0fe8000 	C:\Users\M509PSAO\AppData\Local\Programs\Python\Python311\DLLs\unicodedata.pyd
0x00007ff9cf720000 - 0x00007ff9cf736000 	c:\Users\M509PSAO\Projects\List_reminder_colorectal_cancer_screening\.venv\Lib\site-packages\psutil\_psutil_windows.pyd
0x00007ff9d8c40000 - 0x00007ff9d8c48000 	C:\WINDOWS\System32\PSAPI.DLL
0x00007ff9d6b60000 - 0x00007ff9d6bad000 	C:\WINDOWS\SYSTEM32\POWRPROF.dll
0x00007ff9c31b0000 - 0x00007ff9c3200000 	C:\WINDOWS\SYSTEM32\pdh.dll
0x00007ff9d6b40000 - 0x00007ff9d6b53000 	C:\WINDOWS\SYSTEM32\UMPDC.dll
0x00007ff9d6bb0000 - 0x00007ff9d6bc4000 	C:\WINDOWS\SYSTEM32\wtsapi32.dll
0x00007ff9d9a50000 - 0x00007ff9d9a59000 	C:\WINDOWS\System32\NSI.dll
0x00007ff9d2470000 - 0x00007ff9d2489000 	C:\WINDOWS\SYSTEM32\dhcpcsvc6.DLL
0x00007ff9d2450000 - 0x00007ff9d246f000 	C:\WINDOWS\SYSTEM32\dhcpcsvc.DLL
0x00007ff9d65e0000 - 0x00007ff9d66d8000 	C:\WINDOWS\SYSTEM32\DNSAPI.dll
0x00007ff9d6df0000 - 0x00007ff9d6e08000 	C:\WINDOWS\SYSTEM32\kernel.appcore.dll
0x00007ff9b6f40000 - 0x00007ff9b6fa8000 	c:\Users\M509PSAO\Projects\List_reminder_colorectal_cancer_screening\.venv\Lib\site-packages\debugpy\_vendored\pydevd\_pydevd_bundle\pydevd_cython.cp311-win_amd64.pyd
0x00007ff99b3b0000 - 0x00007ff99b688000 	c:\Users\M509PSAO\Projects\List_reminder_colorectal_cancer_screening\.venv\Lib\site-packages\numpy\core\_multiarray_umath.cp311-win_amd64.pyd
0x00007ff949b50000 - 0x00007ff94bc06000 	c:\Users\M509PSAO\Projects\List_reminder_colorectal_cancer_screening\.venv\Lib\site-packages\numpy.libs\libopenblas64__v0.3.23-293-gc2f4bdbb-gcc_10_3_0-2bde3a66a51006b2b53eb373ff767a3f.dll
0x00007ff9cae50000 - 0x00007ff9cae64000 	c:\Users\M509PSAO\Projects\List_reminder_colorectal_cancer_screening\.venv\Lib\site-packages\numpy\core\_multiarray_tests.cp311-win_amd64.pyd
0x00007ff9c7d10000 - 0x00007ff9c7d2d000 	c:\Users\M509PSAO\Projects\List_reminder_colorectal_cancer_screening\.venv\Lib\site-packages\numpy\linalg\_umath_linalg.cp311-win_amd64.pyd
0x00007ff9c0e40000 - 0x00007ff9c0e5e000 	c:\Users\M509PSAO\Projects\List_reminder_colorectal_cancer_screening\.venv\Lib\site-packages\numpy\fft\_pocketfft_internal.cp311-win_amd64.pyd
0x00007ff9ab100000 - 0x00007ff9ab197000 	c:\Users\M509PSAO\Projects\List_reminder_colorectal_cancer_screening\.venv\Lib\site-packages\numpy\random\mtrand.cp311-win_amd64.pyd
0x00007ff9becd0000 - 0x00007ff9becfc000 	c:\Users\M509PSAO\Projects\List_reminder_colorectal_cancer_screening\.venv\Lib\site-packages\numpy\random\bit_generator.cp311-win_amd64.pyd
0x00007ff9bcfc0000 - 0x00007ff9bcfef000 	c:\Users\M509PSAO\Projects\List_reminder_colorectal_cancer_screening\.venv\Lib\site-packages\numpy\random\_common.cp311-win_amd64.pyd
0x00007ff9b25a0000 - 0x00007ff9b25e3000 	c:\Users\M509PSAO\Projects\List_reminder_colorectal_cancer_screening\.venv\Lib\site-packages\numpy\random\_bounded_integers.cp311-win_amd64.pyd
0x00007ff9c0d80000 - 0x00007ff9c0d96000 	c:\Users\M509PSAO\Projects\List_reminder_colorectal_cancer_screening\.venv\Lib\site-packages\numpy\random\_mt19937.cp311-win_amd64.pyd
0x00007ff9bf560000 - 0x00007ff9bf575000 	c:\Users\M509PSAO\Projects\List_reminder_colorectal_cancer_screening\.venv\Lib\site-packages\numpy\random\_philox.cp311-win_amd64.pyd
0x00007ff9befb0000 - 0x00007ff9befc9000 	c:\Users\M509PSAO\Projects\List_reminder_colorectal_cancer_screening\.venv\Lib\site-packages\numpy\random\_pcg64.cp311-win_amd64.pyd
0x00007ff9cfe10000 - 0x00007ff9cfe20000 	c:\Users\M509PSAO\Projects\List_reminder_colorectal_cancer_screening\.venv\Lib\site-packages\numpy\random\_sfc64.cp311-win_amd64.pyd
0x00007ff9a5280000 - 0x00007ff9a532f000 	c:\Users\M509PSAO\Projects\List_reminder_colorectal_cancer_screening\.venv\Lib\site-packages\numpy\random\_generator.cp311-win_amd64.pyd
0x00007ff9cfbd0000 - 0x00007ff9cfbdb000 	c:\Users\M509PSAO\Projects\List_reminder_colorectal_cancer_screening\.venv\Lib\site-packages\pandas\_libs\pandas_parser.cp311-win_amd64.pyd
0x00007ff9cfa20000 - 0x00007ff9cfa2c000 	c:\Users\M509PSAO\Projects\List_reminder_colorectal_cancer_screening\.venv\Lib\site-packages\pandas\_libs\pandas_datetime.cp311-win_amd64.pyd
0x00007ff99b290000 - 0x00007ff99b3a5000 	c:\Users\M509PSAO\Projects\List_reminder_colorectal_cancer_screening\.venv\Lib\site-packages\pandas\_libs\interval.cp311-win_amd64.pyd
0x00007ff98dd90000 - 0x00007ff98df59000 	c:\Users\M509PSAO\Projects\List_reminder_colorectal_cancer_screening\.venv\Lib\site-packages\pandas\_libs\hashtable.cp311-win_amd64.pyd
0x00007ff9b23f0000 - 0x00007ff9b2421000 	c:\Users\M509PSAO\Projects\List_reminder_colorectal_cancer_screening\.venv\Lib\site-packages\pandas\_libs\missing.cp311-win_amd64.pyd
0x00007ff9b6f10000 - 0x00007ff9b6f3d000 	c:\Users\M509PSAO\Projects\List_reminder_colorectal_cancer_screening\.venv\Lib\site-packages\pandas\_libs\tslibs\dtypes.cp311-win_amd64.pyd
0x00007ff9bef60000 - 0x00007ff9bef75000 	c:\Users\M509PSAO\Projects\List_reminder_colorectal_cancer_screening\.venv\Lib\site-packages\pandas\_libs\tslibs\ccalendar.cp311-win_amd64.pyd
0x00007ff9bef30000 - 0x00007ff9bef50000 	c:\Users\M509PSAO\Projects\List_reminder_colorectal_cancer_screening\.venv\Lib\site-packages\pandas\_libs\tslibs\np_datetime.cp311-win_amd64.pyd
0x00007ff9b2380000 - 0x00007ff9b23bc000 	c:\Users\M509PSAO\Projects\List_reminder_colorectal_cancer_screening\.venv\Lib\site-packages\pandas\_libs\tslibs\conversion.cp311-win_amd64.pyd
0x00007ff9b3e20000 - 0x00007ff9b3e31000 	c:\Users\M509PSAO\Projects\List_reminder_colorectal_cancer_screening\.venv\Lib\site-packages\pandas\_libs\tslibs\base.cp311-win_amd64.pyd
0x00007ff99b1b0000 - 0x00007ff99b28e000 	c:\Users\M509PSAO\Projects\List_reminder_colorectal_cancer_screening\.venv\Lib\site-packages\pandas\_libs\tslibs\offsets.cp311-win_amd64.pyd
0x00007ff9afd10000 - 0x00007ff9afd91000 	c:\Users\M509PSAO\Projects\List_reminder_colorectal_cancer_screening\.venv\Lib\site-packages\pandas\_libs\tslibs\timestamps.cp311-win_amd64.pyd
0x00007ff9b2170000 - 0x00007ff9b21a6000 	c:\Users\M509PSAO\Projects\List_reminder_colorectal_cancer_screening\.venv\Lib\site-packages\pandas\_libs\tslibs\nattype.cp311-win_amd64.pyd
0x00007ff9afe70000 - 0x00007ff9afee8000 	c:\Users\M509PSAO\Projects\List_reminder_colorectal_cancer_screening\.venv\Lib\site-packages\pandas\_libs\tslibs\timedeltas.cp311-win_amd64.pyd
0x00007ff9b1ec0000 - 0x00007ff9b1efa000 	c:\Users\M509PSAO\Projects\List_reminder_colorectal_cancer_screening\.venv\Lib\site-packages\pandas\_libs\tslibs\timezones.cp311-win_amd64.pyd
0x00007ff9cf7c0000 - 0x00007ff9cf7cd000 	C:\Users\M509PSAO\AppData\Local\Programs\Python\Python311\DLLs\_zoneinfo.pyd
0x000001f9fe0b0000 - 0x000001f9fe0b3000 	C:\WINDOWS\SYSTEM32\tzres.dll
0x00007ff9b1b80000 - 0x00007ff9b1bc6000 	c:\Users\M509PSAO\Projects\List_reminder_colorectal_cancer_screening\.venv\Lib\site-packages\pandas\_libs\tslibs\fields.cp311-win_amd64.pyd
0x00007ff9b12d0000 - 0x00007ff9b1310000 	c:\Users\M509PSAO\Projects\List_reminder_colorectal_cancer_screening\.venv\Lib\site-packages\pandas\_libs\tslibs\tzconversion.cp311-win_amd64.pyd
0x00007ff9b39c0000 - 0x00007ff9b39d4000 	c:\Users\M509PSAO\Projects\List_reminder_colorectal_cancer_screening\.venv\Lib\site-packages\pandas\_libs\properties.cp311-win_amd64.pyd
0x00007ff9af180000 - 0x00007ff9af1d3000 	c:\Users\M509PSAO\Projects\List_reminder_colorectal_cancer_screening\.venv\Lib\site-packages\pandas\_libs\tslibs\parsing.cp311-win_amd64.pyd
0x00007ff9af0c0000 - 0x00007ff9af10f000 	c:\Users\M509PSAO\Projects\List_reminder_colorectal_cancer_screening\.venv\Lib\site-packages\pandas\_libs\tslibs\strptime.cp311-win_amd64.pyd
0x00007ff9a8c70000 - 0x00007ff9a8cd8000 	c:\Users\M509PSAO\Projects\List_reminder_colorectal_cancer_screening\.venv\Lib\site-packages\pandas\_libs\tslibs\period.cp311-win_amd64.pyd
0x00007ff9af2d0000 - 0x00007ff9af302000 	c:\Users\M509PSAO\Projects\List_reminder_colorectal_cancer_screening\.venv\Lib\site-packages\pandas\_libs\tslibs\vectorized.cp311-win_amd64.pyd
0x00007ff9b3990000 - 0x00007ff9b39a1000 	c:\Users\M509PSAO\Projects\List_reminder_colorectal_cancer_screening\.venv\Lib\site-packages\pandas\_libs\ops_dispatch.cp311-win_amd64.pyd
0x00007ff98c4d0000 - 0x00007ff98c693000 	c:\Users\M509PSAO\Projects\List_reminder_colorectal_cancer_screening\.venv\Lib\site-packages\pandas\_libs\algos.cp311-win_amd64.pyd
0x00007ff9a0d40000 - 0x00007ff9a0de5000 	c:\Users\M509PSAO\Projects\List_reminder_colorectal_cancer_screening\.venv\Lib\site-packages\pandas\_libs\lib.cp311-win_amd64.pyd
0x00007ff9af080000 - 0x00007ff9af0b6000 	c:\Users\M509PSAO\Projects\List_reminder_colorectal_cancer_screening\.venv\Lib\site-packages\pandas\_libs\ops.cp311-win_amd64.pyd
0x00007ff9b2350000 - 0x00007ff9b237c000 	c:\Users\M509PSAO\Projects\List_reminder_colorectal_cancer_screening\.venv\Lib\site-packages\pandas\_libs\hashing.cp311-win_amd64.pyd
0x00007ff9b2520000 - 0x00007ff9b253c000 	c:\Users\M509PSAO\Projects\List_reminder_colorectal_cancer_screening\.venv\Lib\site-packages\pandas\_libs\arrays.cp311-win_amd64.pyd
0x00007ff9aef80000 - 0x00007ff9aefc2000 	c:\Users\M509PSAO\Projects\List_reminder_colorectal_cancer_screening\.venv\Lib\site-packages\pandas\_libs\tslib.cp311-win_amd64.pyd
0x00007ff999120000 - 0x00007ff9991f2000 	c:\Users\M509PSAO\Projects\List_reminder_colorectal_cancer_screening\.venv\Lib\site-packages\pandas\_libs\sparse.cp311-win_amd64.pyd
0x00007ff9ae750000 - 0x00007ff9ae7a0000 	c:\Users\M509PSAO\Projects\List_reminder_colorectal_cancer_screening\.venv\Lib\site-packages\pandas\_libs\internals.cp311-win_amd64.pyd
0x00007ff9b22c0000 - 0x00007ff9b22d1000 	c:\Users\M509PSAO\Projects\List_reminder_colorectal_cancer_screening\.venv\Lib\site-packages\pandas\_libs\indexing.cp311-win_amd64.pyd
0x00007ff9a02d0000 - 0x00007ff9a0385000 	c:\Users\M509PSAO\Projects\List_reminder_colorectal_cancer_screening\.venv\Lib\site-packages\pandas\_libs\index.cp311-win_amd64.pyd
0x00007ff9ae410000 - 0x00007ff9ae443000 	c:\Users\M509PSAO\Projects\List_reminder_colorectal_cancer_screening\.venv\Lib\site-packages\pandas\_libs\writers.cp311-win_amd64.pyd
0x00007ff98d6b0000 - 0x00007ff98d7c6000 	c:\Users\M509PSAO\Projects\List_reminder_colorectal_cancer_screening\.venv\Lib\site-packages\pandas\_libs\join.cp311-win_amd64.pyd
0x00007ff9a7310000 - 0x00007ff9a7369000 	c:\Users\M509PSAO\Projects\List_reminder_colorectal_cancer_screening\.venv\Lib\site-packages\pandas\_libs\window\aggregations.cp311-win_amd64.pyd
0x00007ff9cf710000 - 0x00007ff9cf71c000 	C:\Users\M509PSAO\AppData\Local\Programs\Python\Python311\VCRUNTIME140_1.dll
0x00007ff99c370000 - 0x00007ff99c40b000 	c:\Users\M509PSAO\Projects\List_reminder_colorectal_cancer_screening\.venv\Lib\site-packages\pandas.libs\msvcp140-0f2ea95580b32bcfc81c235d5751ce78.dll
0x00007ff9b1510000 - 0x00007ff9b153b000 	c:\Users\M509PSAO\Projects\List_reminder_colorectal_cancer_screening\.venv\Lib\site-packages\pandas\_libs\window\indexers.cp311-win_amd64.pyd
0x00007ff9ac4c0000 - 0x00007ff9ac4ff000 	c:\Users\M509PSAO\Projects\List_reminder_colorectal_cancer_screening\.venv\Lib\site-packages\pandas\_libs\reshape.cp311-win_amd64.pyd
0x00007ff988d10000 - 0x00007ff988f2f000 	c:\Users\M509PSAO\Projects\List_reminder_colorectal_cancer_screening\.venv\Lib\site-packages\pandas\_libs\groupby.cp311-win_amd64.pyd
0x00007ff9b2150000 - 0x00007ff9b2161000 	c:\Users\M509PSAO\Projects\List_reminder_colorectal_cancer_screening\.venv\Lib\site-packages\pandas\_libs\json.cp311-win_amd64.pyd
0x00007ff9a7170000 - 0x00007ff9a71d6000 	c:\Users\M509PSAO\Projects\List_reminder_colorectal_cancer_screening\.venv\Lib\site-packages\pandas\_libs\parsers.cp311-win_amd64.pyd
0x00007ff9b1e10000 - 0x00007ff9b1e29000 	c:\Users\M509PSAO\Projects\List_reminder_colorectal_cancer_screening\.venv\Lib\site-packages\pandas\_libs\testing.cp311-win_amd64.pyd
0x00007ff9a6d00000 - 0x00007ff9a6d76000 	c:\Users\M509PSAO\Projects\List_reminder_colorectal_cancer_screening\.venv\Lib\site-packages\_jpype.cp311-win_amd64.pyd
0x00007ff9cb400000 - 0x00007ff9cb489000 	C:\WINDOWS\SYSTEM32\MSVCP140.dll
0x00007ff902af0000 - 0x00007ff903873000 	C:\Program Files\temurin-jre-21\bin\server\jvm.dll
0x00007ff9d0ad0000 - 0x00007ff9d0b04000 	C:\WINDOWS\SYSTEM32\WINMM.dll

dbghelp: loaded successfully - version: 4.0.5 - missing functions: none
symbol engine: initialized successfully - sym options: 0x614 - pdb path: .;C:\Users\M509PSAO\AppData\Local\Programs\Python\Python311;C:\WINDOWS\SYSTEM32;c:\Users\M509PSAO\Projects\List_reminder_colorectal_cancer_screening\.venv\Lib\site-packages\zmq\backend\cython;C:\Users\M509PSAO\AppData\Local\Programs\Python\Python311\DLLs;c:\Users\M509PSAO\Projects\List_reminder_colorectal_cancer_screening\.venv\Lib\site-packages\tornado;c:\Users\M509PSAO\Projects\List_reminder_colorectal_cancer_screening\.venv\Lib\site-packages\psutil;c:\Users\M509PSAO\Projects\List_reminder_colorectal_cancer_screening\.venv\Lib\site-packages\debugpy\_vendored\pydevd\_pydevd_bundle;c:\Users\M509PSAO\Projects\List_reminder_colorectal_cancer_screening\.venv\Lib\site-packages\numpy\core;c:\Users\M509PSAO\Projects\List_reminder_colorectal_cancer_screening\.venv\Lib\site-packages\numpy.libs;c:\Users\M509PSAO\Projects\List_reminder_colorectal_cancer_screening\.venv\Lib\site-packages\numpy\linalg;c:\Users\M509PSAO\Projects\List_reminder_colorectal_cancer_screening\.venv\Lib\site-packages\numpy\fft;c:\Users\M509PSAO\Projects\List_reminder_colorectal_cancer_screening\.venv\Lib\site-packages\numpy\random;c:\Users\M509PSAO\Projects\List_reminder_colorectal_cancer_screening\.venv\Lib\site-packages\pandas\_libs;c:\Users\M509PSAO\Projects\List_reminder_colorectal_cancer_screening\.venv\Lib\site-packages\pandas\_libs\tslibs;c:\Users\M509PSAO\Projects\List_reminder_colorectal_cancer_screening\.venv\Lib\site-packages\pandas\_libs\window;c:\Users\M509PSAO\Projects\List_reminder_colorectal_cancer_screening\.venv\Lib\site-packages\pandas.libs;c:\Users\M509PSAO\Projects\List_reminder_colorectal_cancer_screening\.venv\Lib\site-packages;C:\Program Files\temurin-jre-21\bin\server;C:\Program Files\temurin-jre-21\bin

VM Arguments:
jvm_args: -Xmx2g 
java_command: <unknown>
java_class_path (initial): C:\db2\db2jcc4.jar
Launcher Type: generic

[Global flags]
     intx CICompilerCount                          = 4                                         {product} {ergonomic}
     uint ConcGCThreads                            = 3                                         {product} {ergonomic}
     uint G1ConcRefinementThreads                  = 10                                        {product} {ergonomic}
   size_t G1HeapRegionSize                         = 1048576                                   {product} {ergonomic}
    uintx GCDrainStackTargetSize                   = 64                                        {product} {ergonomic}
   size_t InitialHeapSize                          = 123731968                                 {product} {ergonomic}
   size_t MarkStackSize                            = 4194304                                   {product} {ergonomic}
   size_t MaxHeapSize                              = 2147483648                                {product} {command line}
   size_t MaxNewSize                               = 1287651328                                {product} {ergonomic}
   size_t MinHeapDeltaBytes                        = 1048576                                   {product} {ergonomic}
   size_t MinHeapSize                              = 8388608                                   {product} {ergonomic}
    uintx NonNMethodCodeHeapSize                   = 5839372                                {pd product} {ergonomic}
    uintx NonProfiledCodeHeapSize                  = 122909434                              {pd product} {ergonomic}
    uintx ProfiledCodeHeapSize                     = 122909434                              {pd product} {ergonomic}
    uintx ReservedCodeCacheSize                    = 251658240                              {pd product} {ergonomic}
     bool SegmentedCodeCache                       = true                                      {product} {ergonomic}
   size_t SoftMaxHeapSize                          = 2147483648                             {manageable} {ergonomic}
     bool UseCompressedOops                        = true                           {product lp64_product} {ergonomic}
     bool UseG1GC                                  = true                                      {product} {ergonomic}
     bool UseLargePagesIndividualAllocation        = false                                  {pd product} {ergonomic}

Logging:
Log output configuration:
 #0: stdout all=warning uptime,level,tags foldmultilines=false
 #1: stderr all=off uptime,level,tags foldmultilines=false

Environment Variables:
JAVA_HOME=C:\Program Files\temurin-jre-21\
PATH=c:\Users\M509PSAO\Projects\List_reminder_colorectal_cancer_screening\.venv\Scripts;C:\Users\M509PSAO\projects\List_reminder_colorectal_cancer_screening\.venv\Scripts;C:\Users\M509PSAO\AppData\Local\Programs\Git\mingw64\bin;C:\Users\M509PSAO\AppData\Local\Programs\Git\usr\bin;C:\Users\M509PSAO\bin;C:\Program Files\temurin-jre-21\bin;C:\WINDOWS\system32;C:\WINDOWS;C:\WINDOWS\System32\Wbem;C:\WINDOWS\System32\WindowsPowerShell\v1.0;C:\WINDOWS\System32\OpenSSH;C:\Program Files (x86)\Pulse Secure\VC142.CRT\X64;C:\Program Files (x86)\Pulse Secure\VC142.CRT\X86;C:\Program Files (x86)\Common Files\Pulse Secure\TNC Client Plugin;C:\Program Files\dotnet;C:\Program Files (x86)\Plantronics\Spokes3G;C:\Program Files (x86)\IBM\Client Access\Shared;C:\Program Files (x86)\IBM\Client Access;C:\Program Files\Amazon\AWSCLIV2;C:\Users\M509PSAO\AppData\Local\Programs\Python\Python311\Scripts;C:\Users\M509PSAO\AppData\Local\Programs\Python\Python311;C:\Users\M509PSAO\.local\bin;C:\Users\M509PSAO\AppData\Local\Programs\Python\Python313\Scripts;C:\Users\M509PSAO\AppData\Local\Programs\Python\Python313;C:\Users\M509PSAO\AppData\Local\Programs\Python\Launcher;C:\Users\M509PSAO\AppData\Local\Microsoft\WindowsApps;C:\Users\M509PSAO\AppData\Local\Programs\Microsoft VS Code\bin;C:\Users\M509PSAO\AppData\Local\Programs\Git\cmd;C:\Users\M509PSAO\AppData\Local\Programs\Python\Python313\Scripts;C:\Users\M509PSAO\AppData\Local\Programs\Python\Python313;C:\Users\M509PSAO\AppData\Local\Programs\Python\Launcher;C:\Users\M509PSAO\AppData\Local\Microsoft\WindowsApps;C:\Users\M509PSAO\AppData"
USERNAME=M509PSAO
TERM=xterm-color
OS=Windows_NT
PROCESSOR_IDENTIFIER=AMD64 Family 25 Model 68 Stepping 1, AuthenticAMD
TMP=C:\Users\M509PSAO\AppData\Local\Temp\1
TEMP=C:\Users\M509PSAO\AppData\Local\Temp\1




Periodic native trim disabled

---------------  S Y S T E M  ---------------

OS:
 Windows 11 , 64 bit Build 22621 (10.0.22621.6931)
OS uptime: 7 days 12:05 hours
Hyper-V role detected

CPU: total 12 (initial active 12) (12 cores per cpu, 2 threads per core) family 25 model 68 stepping 1 microcode 0x0, cx8, cmov, fxsr, ht, mmx, 3dnowpref, sse, sse2, sse3, ssse3, sse4a, sse4.1, sse4.2, popcnt, lzcnt, tsc, tscinvbit, avx, avx2, aes, erms, clmul, bmi1, bmi2, adx, sha, fma, vzeroupper, clflush, clflushopt, hv, rdtscp, rdpid, fsrm, f16c, cet_ss
Processor Information for processor 0
  Max Mhz: 2901, Current Mhz: 2901, Mhz Limit: 2901
Processor Information for processor 1
  Max Mhz: 2901, Current Mhz: 2008, Mhz Limit: 2901
Processor Information for processor 2
  Max Mhz: 2901, Current Mhz: 2901, Mhz Limit: 2901
Processor Information for processor 3
  Max Mhz: 2901, Current Mhz: 2901, Mhz Limit: 2901
Processor Information for processor 4
  Max Mhz: 2901, Current Mhz: 2901, Mhz Limit: 2901
Processor Information for processor 5
  Max Mhz: 2901, Current Mhz: 2008, Mhz Limit: 2901
Processor Information for processor 6
  Max Mhz: 2901, Current Mhz: 2901, Mhz Limit: 2901
Processor Information for processor 7
  Max Mhz: 2901, Current Mhz: 2901, Mhz Limit: 2901
Processor Information for processor 8
  Max Mhz: 2901, Current Mhz: 2901, Mhz Limit: 2901
Processor Information for processor 9
  Max Mhz: 2901, Current Mhz: 2901, Mhz Limit: 2901
Processor Information for processor 10
  Max Mhz: 2901, Current Mhz: 2008, Mhz Limit: 2901
Processor Information for processor 11
  Max Mhz: 2901, Current Mhz: 2901, Mhz Limit: 2901

Memory: 4k page, system-wide physical 7489M (155M free)
TotalPageFile size 30017M (AvailPageFile size 5M)
current process WorkingSet (physical memory assigned to process): 806M, peak: 824M
current process commit charge ("private bytes"): 1269M, peak: 1286M

vm_info: OpenJDK 64-Bit Server VM (21.0.2+13-LTS) for windows-amd64 JRE (21.0.2+13-LTS), built on 2024-01-16T00:00:00Z by "admin" with unknown MS VC++:1937

END.
