#
# There is insufficient memory for the Java Runtime Environment to continue.
# Native memory allocation (malloc) failed to allocate 2097152 bytes for AllocateHeap
# Possible reasons:
#   The system is out of physical RAM or swap space
#   The process is running with CompressedOops enabled, and the Java Heap may be blocking the growth of the native heap
# Possible solutions:
#   Reduce memory load on the system
#   Increase physical memory or swap space
#   Check if swap backing store is full
#   Decrease Java heap size (-Xmx/-Xms)
#   Decrease number of Java threads
#   Decrease Java thread stack sizes (-Xss)
#   Set larger code cache with -XX:ReservedCodeCacheSize=
#   JVM is running with Unscaled Compressed Oops mode in which the Java heap is
#     placed in the first 4GB address space. The Java Heap base address is the
#     maximum limit for the native heap growth. Please use -XX:HeapBaseMinAddress
#     to set the Java Heap base and to place the Java Heap above 4GB virtual address.
# This output file may be truncated or incomplete.
#
#  Out of Memory Error (allocation.cpp:44), pid=18748, tid=22432
#
# JRE version: OpenJDK Runtime Environment Temurin-21.0.2+13 (21.0.2+13) (build 21.0.2+13-LTS)
# Java VM: OpenJDK 64-Bit Server VM Temurin-21.0.2+13 (21.0.2+13-LTS, mixed mode, sharing, tiered, compressed oops, compressed class ptrs, g1 gc, windows-amd64)
# No core dump will be written. Minidumps are not enabled by default on client versions of Windows
#

---------------  S U M M A R Y ------------

Command Line: -Xmx2g 

Host: AMD Ryzen 5 7535U with Radeon Graphics         , 12 cores, 7G,  Windows 11 , 64 bit Build 22621 (10.0.22621.6931)
Time: Thu May  7 12:54:23 2026 Romance Daylight Time elapsed time: 0.311138 seconds (0d 0h 0m 0s)

---------------  T H R E A D  ---------------

Current thread (0x000001fe7f061880):  VMThread "VM Thread"          [id=22432, stack(0x000000b2dd050000,0x000000b2dd240000) (1984K)]

Stack: [0x000000b2dd050000,0x000000b2dd240000]
Native frames: (J=compiled Java code, j=interpreted, Vv=VM code, C=native code)
V  [jvm.dll+0x6c94f9]
V  [jvm.dll+0x8a3c21]
V  [jvm.dll+0x8a614e]
V  [jvm.dll+0x8a6823]
V  [jvm.dll+0x27fa86]
V  [jvm.dll+0xbf567]
V  [jvm.dll+0x3444ae]
V  [jvm.dll+0x33edde]
V  [jvm.dll+0x327698]
V  [jvm.dll+0x3698e4]
V  [jvm.dll+0x8ac12f]
V  [jvm.dll+0x8ad234]
V  [jvm.dll+0x8ad770]
V  [jvm.dll+0x8ada13]
V  [jvm.dll+0x84cb3b]
V  [jvm.dll+0x6c7c2d]
C  [ucrtbase.dll+0x29333]
C  [KERNEL32.DLL+0x1259d]
C  [ntdll.dll+0x5afb8]

VM_Operation (0x000000b2d8deb320): G1CollectFull, mode: safepoint, requested by thread 0x000001fe7f042580


---------------  P R O C E S S  ---------------

Threads class SMR info:
_java_thread_list=0x000001fe7f9d2d40, length=12, elements={
0x000001fe7f042580, 0x000001fe7f0411d0, 0x000001fe7f043fc0, 0x000001fe7f040b40,
0x000001fe7f03dd50, 0x000001fe7f03d030, 0x000001fe7f041ef0, 0x000001fe7f16c380,
0x000001fe7f1707a0, 0x000001fe7f03ea70, 0x000001fe7eef76f0, 0x000001fe7fad3820
}

Java Threads: ( => current thread )
  0x000001fe7f042580 JavaThread "main"                              [_thread_blocked, id=30316, stack(0x000000b2d8c00000,0x000000b2d8df0000) (1984K)]
  0x000001fe7f0411d0 JavaThread "Reference Handler"          daemon [_thread_blocked, id=38488, stack(0x000000b2dd240000,0x000000b2dd430000) (1984K)]
  0x000001fe7f043fc0 JavaThread "Finalizer"                  daemon [_thread_blocked, id=11760, stack(0x000000b2dd430000,0x000000b2dd620000) (1984K)]
  0x000001fe7f040b40 JavaThread "Signal Dispatcher"          daemon [_thread_blocked, id=27408, stack(0x000000b2dd620000,0x000000b2dd810000) (1984K)]
  0x000001fe7f03dd50 JavaThread "Attach Listener"            daemon [_thread_blocked, id=46232, stack(0x000000b2dd810000,0x000000b2dda00000) (1984K)]
  0x000001fe7f03d030 JavaThread "Service Thread"             daemon [_thread_blocked, id=46996, stack(0x000000b2dda00000,0x000000b2ddbf0000) (1984K)]
  0x000001fe7f041ef0 JavaThread "Monitor Deflation Thread"   daemon [_thread_blocked, id=44896, stack(0x000000b2ddbf0000,0x000000b2ddde0000) (1984K)]
  0x000001fe7f16c380 JavaThread "C2 CompilerThread0"         daemon [_thread_blocked, id=44972, stack(0x000000b2ddde0000,0x000000b2ddfd0000) (1984K)]
  0x000001fe7f1707a0 JavaThread "C1 CompilerThread0"         daemon [_thread_blocked, id=46708, stack(0x000000b2ddfd0000,0x000000b2de1c0000) (1984K)]
  0x000001fe7f03ea70 JavaThread "Notification Thread"        daemon [_thread_blocked, id=2496, stack(0x000000b2de1c0000,0x000000b2de3b0000) (1984K)]
  0x000001fe7eef76f0 JavaThread "Common-Cleaner"             daemon [_thread_blocked, id=28964, stack(0x000000b2de3b0000,0x000000b2de5a0000) (1984K)]
  0x000001fe7fad3820 JavaThread "Python Reference Queue"     daemon [_thread_blocked, id=20316, stack(0x000000b2de5a0000,0x000000b2de790000) (1984K)]
Total: 12

Other Threads:
=>0x000001fe7f061880 VMThread "VM Thread"                           [id=22432, stack(0x000000b2dd050000,0x000000b2dd240000) (1984K)]
  0x000001fe7f1157d0 WatcherThread "VM Periodic Task Thread"        [id=13924, stack(0x000000b2dce60000,0x000000b2dd050000) (1984K)]
  0x000001fe7f061fc0 WorkerThread "GC Thread#0"                     [id=24468, stack(0x000000b2dc4b0000,0x000000b2dc6a0000) (1984K)]
  0x000001fe7fb0a0b0 WorkerThread "GC Thread#1"                     [id=47436, stack(0x000000b2de790000,0x000000b2de980000) (1984K)]
  0x000001fe6952c7c0 ConcurrentGCThread "G1 Main Marker"            [id=37032, stack(0x000000b2dc6a0000,0x000000b2dc890000) (1984K)]
  0x000001fe7f061140 WorkerThread "G1 Conc#0"                       [id=43256, stack(0x000000b2dc890000,0x000000b2dca80000) (1984K)]
  0x000001fe7f0eec30 ConcurrentGCThread "G1 Refine#0"               [id=2276, stack(0x000000b2dca80000,0x000000b2dcc70000) (1984K)]
  0x000001fe69458190 ConcurrentGCThread "G1 Service"                [id=23564, stack(0x000000b2dcc70000,0x000000b2dce60000) (1984K)]
Total: 8

Threads with active compile tasks:
C1 CompilerThread0      452  425       3       org.jpype.manager.TypeManager::isBeanAccessor (59 bytes)
Total: 1

VM state: at safepoint (normal execution)

VM Mutex/Monitor currently owned by a thread:  ([mutex/lock_event])
[0x00007ff903793198] Threads_lock - owner thread: 0x000001fe7f061880
[0x00007ff903793298] Heap_lock - owner thread: 0x000001fe7f042580

Heap address: 0x0000000080000000, size: 2048 MB, Compressed Oops mode: 32-bit

CDS archive(s) mapped at: [0x000001fe1e000000-0x000001fe1eba0000-0x000001fe1eba0000), size 12189696, SharedBaseAddress: 0x000001fe1e000000, ArchiveRelocationMode: 1.
Compressed class space mapped at: 0x000001fe1f000000-0x000001fe5f000000, reserved size: 1073741824
Narrow klass base: 0x000001fe1e000000, Narrow klass shift: 0, Narrow klass range: 0x100000000

GC Precious Log:
 CardTable entry size: 512
 Card Set container configuration: InlinePtr #cards 5 size 8 Array Of Cards #cards 12 size 40 Howl #buckets 4 coarsen threshold 1843 Howl Bitmap #cards 512 size 80 coarsen threshold 460 Card regions per heap region 1 cards per card region 2048
 CPUs: 12 total, 12 available
 Memory: 7489M
 Large Page Support: Disabled
 NUMA Support: Disabled
 Compressed Oops: Enabled (32-bit)
 Heap Region Size: 1M
 Heap Min Capacity: 8M
 Heap Initial Capacity: 118M
 Heap Max Capacity: 2G
 Pre-touch: Disabled
 Parallel Workers: 10
 Concurrent Workers: 3
 Concurrent Refinement Workers: 10
 Periodic GC: Disabled

Heap:
 garbage-first heap   total 120832K, used 4096K [0x0000000080000000, 0x0000000100000000)
  region size 1024K, 5 young (5120K), 0 survivors (0K)
 Metaspace       used 1282K, committed 1408K, reserved 1114112K
  class space    used 127K, committed 192K, reserved 1048576K

Heap Regions: E=young(eden), S=young(survivor), O=old, HS=humongous(starts), HC=humongous(continues), CS=collection set, F=free, TAMS=top-at-mark-start, PB=parsable bottom
|   0|0x0000000080000000, 0x0000000080000000, 0x0000000080100000|  0%| F|  |TAMS 0x0000000080000000| PB 0x0000000080000000| Untracked 
|   1|0x0000000080100000, 0x0000000080100000, 0x0000000080200000|  0%| F|  |TAMS 0x0000000080100000| PB 0x0000000080100000| Untracked 
|   2|0x0000000080200000, 0x0000000080200000, 0x0000000080300000|  0%| F|  |TAMS 0x0000000080200000| PB 0x0000000080200000| Untracked 
|   3|0x0000000080300000, 0x0000000080300000, 0x0000000080400000|  0%| F|  |TAMS 0x0000000080300000| PB 0x0000000080300000| Untracked 
|   4|0x0000000080400000, 0x0000000080400000, 0x0000000080500000|  0%| F|  |TAMS 0x0000000080400000| PB 0x0000000080400000| Untracked 
|   5|0x0000000080500000, 0x0000000080500000, 0x0000000080600000|  0%| F|  |TAMS 0x0000000080500000| PB 0x0000000080500000| Untracked 
|   6|0x0000000080600000, 0x0000000080600000, 0x0000000080700000|  0%| F|  |TAMS 0x0000000080600000| PB 0x0000000080600000| Untracked 
|   7|0x0000000080700000, 0x0000000080700000, 0x0000000080800000|  0%| F|  |TAMS 0x0000000080700000| PB 0x0000000080700000| Untracked 
|   8|0x0000000080800000, 0x0000000080800000, 0x0000000080900000|  0%| F|  |TAMS 0x0000000080800000| PB 0x0000000080800000| Untracked 
|   9|0x0000000080900000, 0x0000000080900000, 0x0000000080a00000|  0%| F|  |TAMS 0x0000000080900000| PB 0x0000000080900000| Untracked 
|  10|0x0000000080a00000, 0x0000000080a00000, 0x0000000080b00000|  0%| F|  |TAMS 0x0000000080a00000| PB 0x0000000080a00000| Untracked 
|  11|0x0000000080b00000, 0x0000000080b00000, 0x0000000080c00000|  0%| F|  |TAMS 0x0000000080b00000| PB 0x0000000080b00000| Untracked 
|  12|0x0000000080c00000, 0x0000000080c00000, 0x0000000080d00000|  0%| F|  |TAMS 0x0000000080c00000| PB 0x0000000080c00000| Untracked 
|  13|0x0000000080d00000, 0x0000000080d00000, 0x0000000080e00000|  0%| F|  |TAMS 0x0000000080d00000| PB 0x0000000080d00000| Untracked 
|  14|0x0000000080e00000, 0x0000000080e00000, 0x0000000080f00000|  0%| F|  |TAMS 0x0000000080e00000| PB 0x0000000080e00000| Untracked 
|  15|0x0000000080f00000, 0x0000000080f00000, 0x0000000081000000|  0%| F|  |TAMS 0x0000000080f00000| PB 0x0000000080f00000| Untracked 
|  16|0x0000000081000000, 0x0000000081000000, 0x0000000081100000|  0%| F|  |TAMS 0x0000000081000000| PB 0x0000000081000000| Untracked 
|  17|0x0000000081100000, 0x0000000081100000, 0x0000000081200000|  0%| F|  |TAMS 0x0000000081100000| PB 0x0000000081100000| Untracked 
|  18|0x0000000081200000, 0x0000000081200000, 0x0000000081300000|  0%| F|  |TAMS 0x0000000081200000| PB 0x0000000081200000| Untracked 
|  19|0x0000000081300000, 0x0000000081300000, 0x0000000081400000|  0%| F|  |TAMS 0x0000000081300000| PB 0x0000000081300000| Untracked 
|  20|0x0000000081400000, 0x0000000081400000, 0x0000000081500000|  0%| F|  |TAMS 0x0000000081400000| PB 0x0000000081400000| Untracked 
|  21|0x0000000081500000, 0x0000000081500000, 0x0000000081600000|  0%| F|  |TAMS 0x0000000081500000| PB 0x0000000081500000| Untracked 
|  22|0x0000000081600000, 0x0000000081600000, 0x0000000081700000|  0%| F|  |TAMS 0x0000000081600000| PB 0x0000000081600000| Untracked 
|  23|0x0000000081700000, 0x0000000081700000, 0x0000000081800000|  0%| F|  |TAMS 0x0000000081700000| PB 0x0000000081700000| Untracked 
|  24|0x0000000081800000, 0x0000000081800000, 0x0000000081900000|  0%| F|  |TAMS 0x0000000081800000| PB 0x0000000081800000| Untracked 
|  25|0x0000000081900000, 0x0000000081900000, 0x0000000081a00000|  0%| F|  |TAMS 0x0000000081900000| PB 0x0000000081900000| Untracked 
|  26|0x0000000081a00000, 0x0000000081a00000, 0x0000000081b00000|  0%| F|  |TAMS 0x0000000081a00000| PB 0x0000000081a00000| Untracked 
|  27|0x0000000081b00000, 0x0000000081b00000, 0x0000000081c00000|  0%| F|  |TAMS 0x0000000081b00000| PB 0x0000000081b00000| Untracked 
|  28|0x0000000081c00000, 0x0000000081c00000, 0x0000000081d00000|  0%| F|  |TAMS 0x0000000081c00000| PB 0x0000000081c00000| Untracked 
|  29|0x0000000081d00000, 0x0000000081d00000, 0x0000000081e00000|  0%| F|  |TAMS 0x0000000081d00000| PB 0x0000000081d00000| Untracked 
|  30|0x0000000081e00000, 0x0000000081e00000, 0x0000000081f00000|  0%| F|  |TAMS 0x0000000081e00000| PB 0x0000000081e00000| Untracked 
|  31|0x0000000081f00000, 0x0000000081f00000, 0x0000000082000000|  0%| F|  |TAMS 0x0000000081f00000| PB 0x0000000081f00000| Untracked 
|  32|0x0000000082000000, 0x0000000082000000, 0x0000000082100000|  0%| F|  |TAMS 0x0000000082000000| PB 0x0000000082000000| Untracked 
|  33|0x0000000082100000, 0x0000000082100000, 0x0000000082200000|  0%| F|  |TAMS 0x0000000082100000| PB 0x0000000082100000| Untracked 
|  34|0x0000000082200000, 0x0000000082200000, 0x0000000082300000|  0%| F|  |TAMS 0x0000000082200000| PB 0x0000000082200000| Untracked 
|  35|0x0000000082300000, 0x0000000082300000, 0x0000000082400000|  0%| F|  |TAMS 0x0000000082300000| PB 0x0000000082300000| Untracked 
|  36|0x0000000082400000, 0x0000000082400000, 0x0000000082500000|  0%| F|  |TAMS 0x0000000082400000| PB 0x0000000082400000| Untracked 
|  37|0x0000000082500000, 0x0000000082500000, 0x0000000082600000|  0%| F|  |TAMS 0x0000000082500000| PB 0x0000000082500000| Untracked 
|  38|0x0000000082600000, 0x0000000082600000, 0x0000000082700000|  0%| F|  |TAMS 0x0000000082600000| PB 0x0000000082600000| Untracked 
|  39|0x0000000082700000, 0x0000000082700000, 0x0000000082800000|  0%| F|  |TAMS 0x0000000082700000| PB 0x0000000082700000| Untracked 
|  40|0x0000000082800000, 0x0000000082800000, 0x0000000082900000|  0%| F|  |TAMS 0x0000000082800000| PB 0x0000000082800000| Untracked 
|  41|0x0000000082900000, 0x0000000082900000, 0x0000000082a00000|  0%| F|  |TAMS 0x0000000082900000| PB 0x0000000082900000| Untracked 
|  42|0x0000000082a00000, 0x0000000082a00000, 0x0000000082b00000|  0%| F|  |TAMS 0x0000000082a00000| PB 0x0000000082a00000| Untracked 
|  43|0x0000000082b00000, 0x0000000082b00000, 0x0000000082c00000|  0%| F|  |TAMS 0x0000000082b00000| PB 0x0000000082b00000| Untracked 
|  44|0x0000000082c00000, 0x0000000082c00000, 0x0000000082d00000|  0%| F|  |TAMS 0x0000000082c00000| PB 0x0000000082c00000| Untracked 
|  45|0x0000000082d00000, 0x0000000082d00000, 0x0000000082e00000|  0%| F|  |TAMS 0x0000000082d00000| PB 0x0000000082d00000| Untracked 
|  46|0x0000000082e00000, 0x0000000082e00000, 0x0000000082f00000|  0%| F|  |TAMS 0x0000000082e00000| PB 0x0000000082e00000| Untracked 
|  47|0x0000000082f00000, 0x0000000082f00000, 0x0000000083000000|  0%| F|  |TAMS 0x0000000082f00000| PB 0x0000000082f00000| Untracked 
|  48|0x0000000083000000, 0x0000000083000000, 0x0000000083100000|  0%| F|  |TAMS 0x0000000083000000| PB 0x0000000083000000| Untracked 
|  49|0x0000000083100000, 0x0000000083100000, 0x0000000083200000|  0%| F|  |TAMS 0x0000000083100000| PB 0x0000000083100000| Untracked 
|  50|0x0000000083200000, 0x0000000083200000, 0x0000000083300000|  0%| F|  |TAMS 0x0000000083200000| PB 0x0000000083200000| Untracked 
|  51|0x0000000083300000, 0x0000000083300000, 0x0000000083400000|  0%| F|  |TAMS 0x0000000083300000| PB 0x0000000083300000| Untracked 
|  52|0x0000000083400000, 0x0000000083400000, 0x0000000083500000|  0%| F|  |TAMS 0x0000000083400000| PB 0x0000000083400000| Untracked 
|  53|0x0000000083500000, 0x0000000083500000, 0x0000000083600000|  0%| F|  |TAMS 0x0000000083500000| PB 0x0000000083500000| Untracked 
|  54|0x0000000083600000, 0x0000000083600000, 0x0000000083700000|  0%| F|  |TAMS 0x0000000083600000| PB 0x0000000083600000| Untracked 
|  55|0x0000000083700000, 0x0000000083700000, 0x0000000083800000|  0%| F|  |TAMS 0x0000000083700000| PB 0x0000000083700000| Untracked 
|  56|0x0000000083800000, 0x0000000083800000, 0x0000000083900000|  0%| F|  |TAMS 0x0000000083800000| PB 0x0000000083800000| Untracked 
|  57|0x0000000083900000, 0x0000000083900000, 0x0000000083a00000|  0%| F|  |TAMS 0x0000000083900000| PB 0x0000000083900000| Untracked 
|  58|0x0000000083a00000, 0x0000000083a00000, 0x0000000083b00000|  0%| F|  |TAMS 0x0000000083a00000| PB 0x0000000083a00000| Untracked 
|  59|0x0000000083b00000, 0x0000000083b00000, 0x0000000083c00000|  0%| F|  |TAMS 0x0000000083b00000| PB 0x0000000083b00000| Untracked 
|  60|0x0000000083c00000, 0x0000000083c00000, 0x0000000083d00000|  0%| F|  |TAMS 0x0000000083c00000| PB 0x0000000083c00000| Untracked 
|  61|0x0000000083d00000, 0x0000000083d00000, 0x0000000083e00000|  0%| F|  |TAMS 0x0000000083d00000| PB 0x0000000083d00000| Untracked 
|  62|0x0000000083e00000, 0x0000000083e00000, 0x0000000083f00000|  0%| F|  |TAMS 0x0000000083e00000| PB 0x0000000083e00000| Untracked 
|  63|0x0000000083f00000, 0x0000000083f00000, 0x0000000084000000|  0%| F|  |TAMS 0x0000000083f00000| PB 0x0000000083f00000| Untracked 
|  64|0x0000000084000000, 0x0000000084000000, 0x0000000084100000|  0%| F|  |TAMS 0x0000000084000000| PB 0x0000000084000000| Untracked 
|  65|0x0000000084100000, 0x0000000084100000, 0x0000000084200000|  0%| F|  |TAMS 0x0000000084100000| PB 0x0000000084100000| Untracked 
|  66|0x0000000084200000, 0x0000000084200000, 0x0000000084300000|  0%| F|  |TAMS 0x0000000084200000| PB 0x0000000084200000| Untracked 
|  67|0x0000000084300000, 0x0000000084300000, 0x0000000084400000|  0%| F|  |TAMS 0x0000000084300000| PB 0x0000000084300000| Untracked 
|  68|0x0000000084400000, 0x0000000084400000, 0x0000000084500000|  0%| F|  |TAMS 0x0000000084400000| PB 0x0000000084400000| Untracked 
|  69|0x0000000084500000, 0x0000000084500000, 0x0000000084600000|  0%| F|  |TAMS 0x0000000084500000| PB 0x0000000084500000| Untracked 
|  70|0x0000000084600000, 0x0000000084600000, 0x0000000084700000|  0%| F|  |TAMS 0x0000000084600000| PB 0x0000000084600000| Untracked 
|  71|0x0000000084700000, 0x0000000084700000, 0x0000000084800000|  0%| F|  |TAMS 0x0000000084700000| PB 0x0000000084700000| Untracked 
|  72|0x0000000084800000, 0x0000000084800000, 0x0000000084900000|  0%| F|  |TAMS 0x0000000084800000| PB 0x0000000084800000| Untracked 
|  73|0x0000000084900000, 0x0000000084900000, 0x0000000084a00000|  0%| F|  |TAMS 0x0000000084900000| PB 0x0000000084900000| Untracked 
|  74|0x0000000084a00000, 0x0000000084a00000, 0x0000000084b00000|  0%| F|  |TAMS 0x0000000084a00000| PB 0x0000000084a00000| Untracked 
|  75|0x0000000084b00000, 0x0000000084b00000, 0x0000000084c00000|  0%| F|  |TAMS 0x0000000084b00000| PB 0x0000000084b00000| Untracked 
|  76|0x0000000084c00000, 0x0000000084c00000, 0x0000000084d00000|  0%| F|  |TAMS 0x0000000084c00000| PB 0x0000000084c00000| Untracked 
|  77|0x0000000084d00000, 0x0000000084d00000, 0x0000000084e00000|  0%| F|  |TAMS 0x0000000084d00000| PB 0x0000000084d00000| Untracked 
|  78|0x0000000084e00000, 0x0000000084e00000, 0x0000000084f00000|  0%| F|  |TAMS 0x0000000084e00000| PB 0x0000000084e00000| Untracked 
|  79|0x0000000084f00000, 0x0000000084f00000, 0x0000000085000000|  0%| F|  |TAMS 0x0000000084f00000| PB 0x0000000084f00000| Untracked 
|  80|0x0000000085000000, 0x0000000085000000, 0x0000000085100000|  0%| F|  |TAMS 0x0000000085000000| PB 0x0000000085000000| Untracked 
|  81|0x0000000085100000, 0x0000000085100000, 0x0000000085200000|  0%| F|  |TAMS 0x0000000085100000| PB 0x0000000085100000| Untracked 
|  82|0x0000000085200000, 0x0000000085200000, 0x0000000085300000|  0%| F|  |TAMS 0x0000000085200000| PB 0x0000000085200000| Untracked 
|  83|0x0000000085300000, 0x0000000085300000, 0x0000000085400000|  0%| F|  |TAMS 0x0000000085300000| PB 0x0000000085300000| Untracked 
|  84|0x0000000085400000, 0x0000000085400000, 0x0000000085500000|  0%| F|  |TAMS 0x0000000085400000| PB 0x0000000085400000| Untracked 
|  85|0x0000000085500000, 0x0000000085500000, 0x0000000085600000|  0%| F|  |TAMS 0x0000000085500000| PB 0x0000000085500000| Untracked 
|  86|0x0000000085600000, 0x0000000085600000, 0x0000000085700000|  0%| F|  |TAMS 0x0000000085600000| PB 0x0000000085600000| Untracked 
|  87|0x0000000085700000, 0x0000000085700000, 0x0000000085800000|  0%| F|  |TAMS 0x0000000085700000| PB 0x0000000085700000| Untracked 
|  88|0x0000000085800000, 0x0000000085800000, 0x0000000085900000|  0%| F|  |TAMS 0x0000000085800000| PB 0x0000000085800000| Untracked 
|  89|0x0000000085900000, 0x0000000085900000, 0x0000000085a00000|  0%| F|  |TAMS 0x0000000085900000| PB 0x0000000085900000| Untracked 
|  90|0x0000000085a00000, 0x0000000085a00000, 0x0000000085b00000|  0%| F|  |TAMS 0x0000000085a00000| PB 0x0000000085a00000| Untracked 
|  91|0x0000000085b00000, 0x0000000085b00000, 0x0000000085c00000|  0%| F|  |TAMS 0x0000000085b00000| PB 0x0000000085b00000| Untracked 
|  92|0x0000000085c00000, 0x0000000085c00000, 0x0000000085d00000|  0%| F|  |TAMS 0x0000000085c00000| PB 0x0000000085c00000| Untracked 
|  93|0x0000000085d00000, 0x0000000085d00000, 0x0000000085e00000|  0%| F|  |TAMS 0x0000000085d00000| PB 0x0000000085d00000| Untracked 
|  94|0x0000000085e00000, 0x0000000085e00000, 0x0000000085f00000|  0%| F|  |TAMS 0x0000000085e00000| PB 0x0000000085e00000| Untracked 
|  95|0x0000000085f00000, 0x0000000085f00000, 0x0000000086000000|  0%| F|  |TAMS 0x0000000085f00000| PB 0x0000000085f00000| Untracked 
|  96|0x0000000086000000, 0x0000000086000000, 0x0000000086100000|  0%| F|  |TAMS 0x0000000086000000| PB 0x0000000086000000| Untracked 
|  97|0x0000000086100000, 0x0000000086100000, 0x0000000086200000|  0%| F|  |TAMS 0x0000000086100000| PB 0x0000000086100000| Untracked 
|  98|0x0000000086200000, 0x0000000086200000, 0x0000000086300000|  0%| F|  |TAMS 0x0000000086200000| PB 0x0000000086200000| Untracked 
|  99|0x0000000086300000, 0x0000000086300000, 0x0000000086400000|  0%| F|  |TAMS 0x0000000086300000| PB 0x0000000086300000| Untracked 
| 100|0x0000000086400000, 0x0000000086400000, 0x0000000086500000|  0%| F|  |TAMS 0x0000000086400000| PB 0x0000000086400000| Untracked 
| 101|0x0000000086500000, 0x0000000086500000, 0x0000000086600000|  0%| F|  |TAMS 0x0000000086500000| PB 0x0000000086500000| Untracked 
| 102|0x0000000086600000, 0x0000000086600000, 0x0000000086700000|  0%| F|  |TAMS 0x0000000086600000| PB 0x0000000086600000| Untracked 
| 103|0x0000000086700000, 0x0000000086700000, 0x0000000086800000|  0%| F|  |TAMS 0x0000000086700000| PB 0x0000000086700000| Untracked 
| 104|0x0000000086800000, 0x0000000086800000, 0x0000000086900000|  0%| F|  |TAMS 0x0000000086800000| PB 0x0000000086800000| Untracked 
| 105|0x0000000086900000, 0x0000000086900000, 0x0000000086a00000|  0%| F|  |TAMS 0x0000000086900000| PB 0x0000000086900000| Untracked 
| 106|0x0000000086a00000, 0x0000000086a00000, 0x0000000086b00000|  0%| F|  |TAMS 0x0000000086a00000| PB 0x0000000086a00000| Untracked 
| 107|0x0000000086b00000, 0x0000000086b00000, 0x0000000086c00000|  0%| F|  |TAMS 0x0000000086b00000| PB 0x0000000086b00000| Untracked 
| 108|0x0000000086c00000, 0x0000000086c00000, 0x0000000086d00000|  0%| F|  |TAMS 0x0000000086c00000| PB 0x0000000086c00000| Untracked 
| 109|0x0000000086d00000, 0x0000000086d00000, 0x0000000086e00000|  0%| F|  |TAMS 0x0000000086d00000| PB 0x0000000086d00000| Untracked 
| 110|0x0000000086e00000, 0x0000000086e00000, 0x0000000086f00000|  0%| F|  |TAMS 0x0000000086e00000| PB 0x0000000086e00000| Untracked 
| 111|0x0000000086f00000, 0x0000000086f00000, 0x0000000087000000|  0%| F|  |TAMS 0x0000000086f00000| PB 0x0000000086f00000| Untracked 
| 112|0x0000000087000000, 0x0000000087000000, 0x0000000087100000|  0%| F|  |TAMS 0x0000000087000000| PB 0x0000000087000000| Untracked 
| 113|0x0000000087100000, 0x00000000871ec118, 0x0000000087200000| 92%| E|  |TAMS 0x0000000087100000| PB 0x0000000087100000| Complete 
| 114|0x0000000087200000, 0x0000000087300000, 0x0000000087300000|100%| E|CS|TAMS 0x0000000087200000| PB 0x0000000087200000| Complete 
| 115|0x0000000087300000, 0x0000000087400000, 0x0000000087400000|100%| E|CS|TAMS 0x0000000087300000| PB 0x0000000087300000| Complete 
| 116|0x0000000087400000, 0x0000000087500000, 0x0000000087500000|100%| E|CS|TAMS 0x0000000087400000| PB 0x0000000087400000| Complete 
| 117|0x0000000087500000, 0x0000000087600000, 0x0000000087600000|100%| E|CS|TAMS 0x0000000087500000| PB 0x0000000087500000| Complete 

Card table byte_map: [0x000001fe18290000,0x000001fe18690000] _byte_map_base: 0x000001fe17e90000

Marking Bits: (CMBitMap*) 0x000001fe7f03f110
 Bits: [0x000001fe18690000, 0x000001fe1a690000)

Polling page: 0x000001fe081e0000

Metaspace:

Usage:
  Non-class:      1.13 MB used.
      Class:    127.17 KB used.
       Both:      1.25 MB used.

Virtual space:
  Non-class space:       64.00 MB reserved,       1.19 MB (  2%) committed,  1 nodes.
      Class space:        1.00 GB reserved,     192.00 KB ( <1%) committed,  1 nodes.
             Both:        1.06 GB reserved,       1.38 MB ( <1%) committed. 

Chunk freelists:
   Non-Class:  11.83 MB
       Class:  15.71 MB
        Both:  27.54 MB

MaxMetaspaceSize: unlimited
CompressedClassSpaceSize: 1.00 GB
Initial GC threshold: 21.00 MB
Current GC threshold: 21.00 MB
CDS: on
 - commit_granule_bytes: 65536.
 - commit_granule_words: 8192.
 - virtual_space_node_default_size: 8388608.
 - enlarge_chunks_in_place: 1.
 - use_allocation_guard: 0.


Internal statistics:

num_allocs_failed_limit: 0.
num_arena_births: 50.
num_arena_deaths: 0.
num_vsnodes_births: 2.
num_vsnodes_deaths: 0.
num_space_committed: 22.
num_space_uncommitted: 0.
num_chunks_returned_to_freelist: 0.
num_chunks_taken_from_freelist: 68.
num_chunk_merges: 0.
num_chunk_splits: 43.
num_chunks_enlarged: 23.
num_inconsistent_stats: 0.

CodeHeap 'non-profiled nmethods': size=120000Kb used=107Kb max_used=107Kb free=119892Kb
 bounds [0x000001fe0fcd0000, 0x000001fe0ff40000, 0x000001fe17200000]
CodeHeap 'profiled nmethods': size=120000Kb used=667Kb max_used=667Kb free=119332Kb
 bounds [0x000001fe08200000, 0x000001fe08470000, 0x000001fe0f730000]
CodeHeap 'non-nmethods': size=5760Kb used=1290Kb max_used=1304Kb free=4469Kb
 bounds [0x000001fe0f730000, 0x000001fe0f9a0000, 0x000001fe0fcd0000]
 total_blobs=839 nmethods=433 adapters=311
 compilation: enabled
              stopped_count=0, restarted_count=0
 full_count=0

Compilation events (20 events):
Event: 0.305 Thread 0x000001fe7f1707a0 nmethod 424 0x000001fe0829b710 code [0x000001fe0829b940, 0x000001fe0829c048]
Event: 0.305 Thread 0x000001fe7f1707a0  427       3       org.jpype.manager.MethodResolution::isMoreSpecificThan (65 bytes)
Event: 0.306 Thread 0x000001fe7f1707a0 nmethod 427 0x000001fe0829c290 code [0x000001fe0829c4c0, 0x000001fe0829cd58]
Event: 0.306 Thread 0x000001fe7f1707a0  426       3       java.lang.reflect.Method::isVarArgs (5 bytes)
Event: 0.306 Thread 0x000001fe7f1707a0 nmethod 426 0x000001fe0829cf10 code [0x000001fe0829d0c0, 0x000001fe0829d2a0]
Event: 0.306 Thread 0x000001fe7f1707a0  429       3       java.util.ArrayList::elementData (7 bytes)
Event: 0.306 Thread 0x000001fe7f1707a0 nmethod 429 0x000001fe0829d390 code [0x000001fe0829d540, 0x000001fe0829d678]
Event: 0.306 Thread 0x000001fe7f1707a0  430       3       java.util.ArrayList::get (15 bytes)
Event: 0.306 Thread 0x000001fe7f1707a0 nmethod 430 0x000001fe0829d790 code [0x000001fe0829d940, 0x000001fe0829db88]
Event: 0.306 Thread 0x000001fe7f1707a0  428       3       org.jpype.manager.MethodResolution::isMoreSpecificThan (519 bytes)
Event: 0.308 Thread 0x000001fe7f1707a0 nmethod 428 0x000001fe0829dd10 code [0x000001fe0829e440, 0x000001fe082a24c0]
Event: 0.308 Thread 0x000001fe7f1707a0  431       3       java.lang.String::valueOf (15 bytes)
Event: 0.308 Thread 0x000001fe7f1707a0 nmethod 431 0x000001fe082a3c90 code [0x000001fe082a3e40, 0x000001fe082a4048]
Event: 0.308 Thread 0x000001fe7f1707a0  432       3       java.util.StringJoiner::toString (53 bytes)
Event: 0.308 Thread 0x000001fe7f1707a0 nmethod 432 0x000001fe082a4110 code [0x000001fe082a42c0, 0x000001fe082a44c8]
Event: 0.308 Thread 0x000001fe7f1707a0  433       3       java.lang.System$2::join (11 bytes)
Event: 0.309 Thread 0x000001fe7f1707a0 nmethod 433 0x000001fe082a4590 code [0x000001fe082a4900, 0x000001fe082a5ea0]
Event: 0.309 Thread 0x000001fe7f1707a0  434       3       java.util.stream.PipelineHelper::<init> (5 bytes)
Event: 0.309 Thread 0x000001fe7f1707a0 nmethod 434 0x000001fe082a6990 code [0x000001fe082a6b40, 0x000001fe082a6ca8]
Event: 0.309 Thread 0x000001fe7f1707a0  425       3       org.jpype.manager.TypeManager::isBeanAccessor (59 bytes)

GC Heap History (1 events):
Event: 0.309 GC heap before
{Heap before GC invocations=0 (full 0):
 garbage-first heap   total 120832K, used 4096K [0x0000000080000000, 0x0000000100000000)
  region size 1024K, 5 young (5120K), 0 survivors (0K)
 Metaspace       used 1282K, committed 1408K, reserved 1114112K
  class space    used 127K, committed 192K, reserved 1048576K
}

Dll operation events (6 events):
Event: 0.042 Loaded shared library C:\Program Files\temurin-jre-21\bin\java.dll
Event: 0.123 Loaded shared library C:\Program Files\temurin-jre-21\bin\jsvml.dll
Event: 0.138 Loaded shared library C:\Program Files\temurin-jre-21\bin\net.dll
Event: 0.142 Loaded shared library C:\Program Files\temurin-jre-21\bin\nio.dll
Event: 0.152 Loaded shared library C:\Program Files\temurin-jre-21\bin\zip.dll
Event: 0.245 Loaded shared library C:\Users\M509PSAO\Projects\List_reminder_colorectal_cancer_screening\.venv\Lib\site-packages\_jpype.cp311-win_amd64.pyd

Deoptimization events (0 events):
No events

Classes loaded (20 events):
Event: 0.284 Loading class java/lang/Throwable$PrintStreamOrWriter
Event: 0.285 Loading class java/lang/Throwable$PrintStreamOrWriter done
Event: 0.285 Loading class java/io/ObjectInputStream
Event: 0.285 Loading class java/io/ObjectInput
Event: 0.285 Loading class java/io/ObjectInput done
Event: 0.285 Loading class java/io/ObjectStreamConstants
Event: 0.285 Loading class java/io/ObjectStreamConstants done
Event: 0.285 Loading class java/io/ObjectInputStream done
Event: 0.285 Loading class java/io/ObjectOutputStream
Event: 0.286 Loading class java/io/ObjectOutput
Event: 0.286 Loading class java/io/ObjectOutput done
Event: 0.286 Loading class java/io/ObjectOutputStream done
Event: 0.291 Loading class jdk/internal/vm/annotation/ForceInline
Event: 0.291 Loading class jdk/internal/vm/annotation/ForceInline done
Event: 0.297 Loading class java/lang/Deprecated
Event: 0.297 Loading class java/lang/Deprecated done
Event: 0.297 Loading class java/lang/annotation/Documented
Event: 0.297 Loading class java/lang/annotation/Documented done
Event: 0.302 Loading class java/nio/charset/CharacterCodingException
Event: 0.302 Loading class java/nio/charset/CharacterCodingException done

Classes unloaded (0 events):
No events

Classes redefined (0 events):
No events

Internal exceptions (10 events):
Event: 0.156 Thread 0x000001fe7f042580 Exception <a 'java/lang/NoClassDefFoundError'{0x0000000087455600}: org/jpype/classloader/DynamicClassLoader> (0x0000000087455600) 
thrown [s\src\hotspot\share\classfile\systemDictionary.cpp, line 301]
Event: 0.250 Thread 0x000001fe7f042580 Exception <a 'java/lang/NoSuchMethodError'{0x00000000873714b0}: 'int java.lang.invoke.DirectMethodHandle$Holder.invokeStaticInit(java.lang.Object, java.lang.Object)'> (0x00000000873714b0) 
thrown [s\src\hotspot\share\interpreter\linkResolver.cpp, line 773]
Event: 0.251 Thread 0x000001fe7f042580 Exception <a 'java/lang/NoSuchMethodError'{0x00000000873777e8}: 'java.lang.Object java.lang.invoke.DirectMethodHandle$Holder.invokeStaticInit(java.lang.Object, int)'> (0x00000000873777e8) 
thrown [s\src\hotspot\share\interpreter\linkResolver.cpp, line 773]
Event: 0.253 Thread 0x000001fe7f042580 Exception <a 'java/lang/NoSuchMethodError'{0x00000000873824e0}: 'int java.lang.invoke.DirectMethodHandle$Holder.invokeSpecial(java.lang.Object, java.lang.Object, java.lang.Object)'> (0x00000000873824e0) 
thrown [s\src\hotspot\share\interpreter\linkResolver.cpp, line 773]
Event: 0.255 Thread 0x000001fe7f042580 Exception <a 'java/lang/NoSuchMethodError'{0x0000000087392790}: 'java.lang.Object java.lang.invoke.DirectMethodHandle$Holder.invokeStatic(java.lang.Object, java.lang.Object, int)'> (0x0000000087392790) 
thrown [s\src\hotspot\share\interpreter\linkResolver.cpp, line 773]
Event: 0.256 Thread 0x000001fe7f042580 Exception <a 'java/lang/NoSuchMethodError'{0x000000008739dad8}: 'void java.lang.invoke.DelegatingMethodHandle$Holder.delegate(java.lang.Object, java.lang.Object, int, java.lang.Object)'> (0x000000008739dad8) 
thrown [s\src\hotspot\share\interpreter\linkResolver.cpp, line 773]
Event: 0.273 Thread 0x000001fe7f042580 Exception <a 'java/lang/NoSuchMethodError'{0x00000000872337c0}: 'java.lang.Object java.lang.invoke.Invokers$Holder.invokeExact_MT(java.lang.Object, java.lang.Object, java.lang.Object, java.lang.Object, java.lang.Object)'> (0x00000000872337c0) 
thrown [s\src\hotspot\share\interpreter\linkResolver.cpp, line 773]
Event: 0.279 Thread 0x000001fe7f042580 Exception <a 'java/lang/NoSuchMethodError'{0x000000008724ed78}: 'java.lang.Object java.lang.invoke.DirectMethodHandle$Holder.invokeInterface(java.lang.Object, java.lang.Object)'> (0x000000008724ed78) 
thrown [s\src\hotspot\share\interpreter\linkResolver.cpp, line 773]
Event: 0.279 Thread 0x000001fe7f042580 Exception <a 'java/lang/IncompatibleClassChangeError'{0x0000000087252070}: Found class java.lang.Object, but interface was expected> (0x0000000087252070) 
thrown [s\src\hotspot\share\interpreter\linkResolver.cpp, line 840]
Event: 0.306 Thread 0x000001fe7f042580 Exception <a 'java/lang/NoSuchMethodError'{0x00000000871d2328}: method resolution failed> (0x00000000871d2328) 
thrown [s\src\hotspot\share\prims\methodHandles.cpp, line 1144]

ZGC Phase Switch (0 events):
No events

VM Operations (3 events):
Event: 0.153 Executing VM operation: HandshakeAllThreads (Deoptimize)
Event: 0.153 Executing VM operation: HandshakeAllThreads (Deoptimize) done
Event: 0.309 Executing VM operation: G1CollectFull (System.gc())

Events (12 events):
Event: 0.098 Thread 0x000001fe7f042580 Thread added: 0x000001fe7f042580
Event: 0.117 Thread 0x000001fe7f0411d0 Thread added: 0x000001fe7f0411d0
Event: 0.117 Thread 0x000001fe7f043fc0 Thread added: 0x000001fe7f043fc0
Event: 0.118 Thread 0x000001fe7f040b40 Thread added: 0x000001fe7f040b40
Event: 0.118 Thread 0x000001fe7f03dd50 Thread added: 0x000001fe7f03dd50
Event: 0.118 Thread 0x000001fe7f03d030 Thread added: 0x000001fe7f03d030
Event: 0.118 Thread 0x000001fe7f041ef0 Thread added: 0x000001fe7f041ef0
Event: 0.118 Thread 0x000001fe7f16c380 Thread added: 0x000001fe7f16c380
Event: 0.118 Thread 0x000001fe7f1707a0 Thread added: 0x000001fe7f1707a0
Event: 0.130 Thread 0x000001fe7f03ea70 Thread added: 0x000001fe7f03ea70
Event: 0.133 Thread 0x000001fe7eef76f0 Thread added: 0x000001fe7eef76f0
Event: 0.270 Thread 0x000001fe7fad3820 Thread added: 0x000001fe7fad3820


Dynamic libraries:
0x00007ff624c50000 - 0x00007ff624c6a000 	C:\Users\M509PSAO\AppData\Local\Programs\Python\Python311\python.exe
0x00007ff9dad10000 - 0x00007ff9daf29000 	C:\WINDOWS\SYSTEM32\ntdll.dll
0x00007ff9d94d0000 - 0x00007ff9d9594000 	C:\WINDOWS\System32\KERNEL32.DLL
0x00007ff9d84c0000 - 0x00007ff9d8888000 	C:\WINDOWS\System32\KERNELBASE.dll
0x00007ff971860000 - 0x00007ff971e36000 	C:\Users\M509PSAO\AppData\Local\Programs\Python\Python311\python311.dll
0x00007ff9cfe40000 - 0x00007ff9cfe5d000 	C:\Users\M509PSAO\AppData\Local\Programs\Python\Python311\VCRUNTIME140.dll
0x00007ff9d8890000 - 0x00007ff9d89a1000 	C:\WINDOWS\System32\ucrtbase.dll
0x00007ff9d93d0000 - 0x00007ff9d9441000 	C:\WINDOWS\System32\WS2_32.dll
0x00007ff9cc400000 - 0x00007ff9cc40a000 	C:\WINDOWS\SYSTEM32\VERSION.dll
0x00007ff9daad0000 - 0x00007ff9dabe8000 	C:\WINDOWS\System32\RPCRT4.dll
0x00007ff9d9b60000 - 0x00007ff9d9c07000 	C:\WINDOWS\System32\msvcrt.dll
0x00007ff9d8350000 - 0x00007ff9d8378000 	C:\WINDOWS\System32\bcrypt.dll
0x00007ff9d8b80000 - 0x00007ff9d8c31000 	C:\WINDOWS\System32\ADVAPI32.dll
0x00007ff9d9a60000 - 0x00007ff9d9b08000 	C:\WINDOWS\System32\sechost.dll
0x00007ff9d8380000 - 0x00007ff9d83fb000 	C:\WINDOWS\System32\bcryptprimitives.dll
0x000001fe641f0000 - 0x000001fe641ff000 	C:\Users\M509PSAO\AppData\Local\Programs\Python\Python311\python3.DLL
0x00007ff9a0f00000 - 0x00007ff9a1003000 	c:\Users\M509PSAO\Projects\List_reminder_colorectal_cancer_screening\.venv\Lib\site-packages\zmq\backend\cython\_zmq.cp311-win_amd64.pyd
0x00007ff9d65b0000 - 0x00007ff9d65dd000 	C:\WINDOWS\SYSTEM32\IPHLPAPI.DLL
0x00007ff9d76b0000 - 0x00007ff9d76bc000 	C:\WINDOWS\SYSTEM32\CRYPTBASE.DLL
0x00007ff9cfb80000 - 0x00007ff9cfb95000 	C:\Users\M509PSAO\AppData\Local\Programs\Python\Python311\DLLs\_socket.pyd
0x00007ff9d1dd0000 - 0x00007ff9d1dd9000 	C:\Users\M509PSAO\AppData\Local\Programs\Python\Python311\DLLs\select.pyd
0x00007ff9c92b0000 - 0x00007ff9c92dd000 	C:\Users\M509PSAO\AppData\Local\Programs\Python\Python311\DLLs\_ssl.pyd
0x00007ff9d81b0000 - 0x00007ff9d8318000 	C:\WINDOWS\System32\CRYPT32.dll
0x00007ff9aedf0000 - 0x00007ff9aeeb2000 	C:\Users\M509PSAO\AppData\Local\Programs\Python\Python311\DLLs\libssl-3.dll
0x00007ff95f090000 - 0x00007ff95f589000 	C:\Users\M509PSAO\AppData\Local\Programs\Python\Python311\DLLs\libcrypto-3.dll
0x00007ff9d89c0000 - 0x00007ff9d8b71000 	C:\WINDOWS\System32\USER32.dll
0x00007ff9d8320000 - 0x00007ff9d8346000 	C:\WINDOWS\System32\win32u.dll
0x00007ff9d94a0000 - 0x00007ff9d94c9000 	C:\WINDOWS\System32\GDI32.dll
0x00007ff9d7eb0000 - 0x00007ff9d7fcc000 	C:\WINDOWS\System32\gdi32full.dll
0x00007ff9d8110000 - 0x00007ff9d81aa000 	C:\WINDOWS\System32\msvcp_win.dll
0x00007ff9d9b20000 - 0x00007ff9d9b51000 	C:\WINDOWS\System32\IMM32.DLL
0x00007ff9caf00000 - 0x00007ff9caf11000 	C:\Users\M509PSAO\AppData\Local\Programs\Python\Python311\DLLs\_asyncio.pyd
0x00007ff9cfbd0000 - 0x00007ff9cfbde000 	C:\Users\M509PSAO\AppData\Local\Programs\Python\Python311\DLLs\_overlapped.pyd
0x00007ff9d73d0000 - 0x00007ff9d7439000 	C:\WINDOWS\system32\mswsock.dll
0x00007ff9cae50000 - 0x00007ff9cae65000 	C:\Users\M509PSAO\AppData\Local\Programs\Python\Python311\DLLs\_bz2.pyd
0x00007ff9c90a0000 - 0x00007ff9c90c9000 	C:\Users\M509PSAO\AppData\Local\Programs\Python\Python311\DLLs\_lzma.pyd
0x00007ff9d18e0000 - 0x00007ff9d18e9000 	C:\Users\M509PSAO\AppData\Local\Programs\Python\Python311\DLLs\_queue.pyd
0x00007ff9ccd60000 - 0x00007ff9ccd71000 	C:\Users\M509PSAO\AppData\Local\Programs\Python\Python311\DLLs\_hashlib.pyd
0x00007ff9cfe30000 - 0x00007ff9cfe38000 	c:\Users\M509PSAO\Projects\List_reminder_colorectal_cancer_screening\.venv\Lib\site-packages\tornado\speedups.pyd
0x00007ff9cae00000 - 0x00007ff9cae1f000 	C:\Users\M509PSAO\AppData\Local\Programs\Python\Python311\DLLs\_ctypes.pyd
0x00007ff9d98a0000 - 0x00007ff9d9a41000 	C:\WINDOWS\System32\ole32.dll
0x00007ff9d8f20000 - 0x00007ff9d92b2000 	C:\WINDOWS\System32\combase.dll
0x00007ff9dabf0000 - 0x00007ff9dacc9000 	C:\WINDOWS\System32\OLEAUT32.dll
0x00007ff9cfb70000 - 0x00007ff9cfb7b000 	C:\Users\M509PSAO\AppData\Local\Programs\Python\Python311\DLLs\libffi-8.dll
0x00007ff9bcfc0000 - 0x00007ff9bcfff000 	C:\Users\M509PSAO\AppData\Local\Programs\Python\Python311\DLLs\_decimal.pyd
0x00007ff9d1930000 - 0x00007ff9d1937000 	C:\Users\M509PSAO\AppData\Local\Programs\Python\Python311\DLLs\_uuid.pyd
0x00007ff9da230000 - 0x00007ff9daace000 	C:\WINDOWS\System32\shell32.DLL
0x00007ff9d7fd0000 - 0x00007ff9d810f000 	C:\WINDOWS\System32\wintypes.dll
0x00007ff9c9260000 - 0x00007ff9c927e000 	C:\Users\M509PSAO\AppData\Local\Programs\Python\Python311\DLLs\_sqlite3.pyd
0x00007ff988db0000 - 0x00007ff988f28000 	C:\Users\M509PSAO\AppData\Local\Programs\Python\Python311\DLLs\sqlite3.dll
0x00007ff9bb630000 - 0x00007ff9bb662000 	C:\Users\M509PSAO\AppData\Local\Programs\Python\Python311\DLLs\pyexpat.pyd
0x00007ff9a1240000 - 0x00007ff9a1358000 	C:\Users\M509PSAO\AppData\Local\Programs\Python\Python311\DLLs\unicodedata.pyd
0x00007ff9c7d00000 - 0x00007ff9c7d16000 	c:\Users\M509PSAO\Projects\List_reminder_colorectal_cancer_screening\.venv\Lib\site-packages\psutil\_psutil_windows.pyd
0x00007ff9d6b60000 - 0x00007ff9d6bad000 	C:\WINDOWS\SYSTEM32\POWRPROF.dll
0x00007ff9c31b0000 - 0x00007ff9c3200000 	C:\WINDOWS\SYSTEM32\pdh.dll
0x00007ff9d8c40000 - 0x00007ff9d8c48000 	C:\WINDOWS\System32\PSAPI.DLL
0x00007ff9d6b40000 - 0x00007ff9d6b53000 	C:\WINDOWS\SYSTEM32\UMPDC.dll
0x00007ff9d6bb0000 - 0x00007ff9d6bc4000 	C:\WINDOWS\SYSTEM32\wtsapi32.dll
0x00007ff9d9a50000 - 0x00007ff9d9a59000 	C:\WINDOWS\System32\NSI.dll
0x00007ff9d2470000 - 0x00007ff9d2489000 	C:\WINDOWS\SYSTEM32\dhcpcsvc6.DLL
0x00007ff9d2450000 - 0x00007ff9d246f000 	C:\WINDOWS\SYSTEM32\dhcpcsvc.DLL
0x00007ff9d65e0000 - 0x00007ff9d66d8000 	C:\WINDOWS\SYSTEM32\DNSAPI.dll
0x00007ff9d6df0000 - 0x00007ff9d6e08000 	C:\WINDOWS\SYSTEM32\kernel.appcore.dll
0x00007ff9ab130000 - 0x00007ff9ab198000 	c:\Users\M509PSAO\Projects\List_reminder_colorectal_cancer_screening\.venv\Lib\site-packages\debugpy\_vendored\pydevd\_pydevd_bundle\pydevd_cython.cp311-win_amd64.pyd
0x00007ff97f9f0000 - 0x00007ff97fcc8000 	c:\Users\M509PSAO\Projects\List_reminder_colorectal_cancer_screening\.venv\Lib\site-packages\numpy\core\_multiarray_umath.cp311-win_amd64.pyd
0x00007ff949b50000 - 0x00007ff94bc06000 	c:\Users\M509PSAO\Projects\List_reminder_colorectal_cancer_screening\.venv\Lib\site-packages\numpy.libs\libopenblas64__v0.3.23-293-gc2f4bdbb-gcc_10_3_0-2bde3a66a51006b2b53eb373ff767a3f.dll
0x00007ff9c5790000 - 0x00007ff9c57a4000 	c:\Users\M509PSAO\Projects\List_reminder_colorectal_cancer_screening\.venv\Lib\site-packages\numpy\core\_multiarray_tests.cp311-win_amd64.pyd
0x00007ff9c0e40000 - 0x00007ff9c0e5d000 	c:\Users\M509PSAO\Projects\List_reminder_colorectal_cancer_screening\.venv\Lib\site-packages\numpy\linalg\_umath_linalg.cp311-win_amd64.pyd
0x00007ff9c0d80000 - 0x00007ff9c0d9e000 	c:\Users\M509PSAO\Projects\List_reminder_colorectal_cancer_screening\.venv\Lib\site-packages\numpy\fft\_pocketfft_internal.cp311-win_amd64.pyd
0x00007ff9a7e10000 - 0x00007ff9a7ea7000 	c:\Users\M509PSAO\Projects\List_reminder_colorectal_cancer_screening\.venv\Lib\site-packages\numpy\random\mtrand.cp311-win_amd64.pyd
0x00007ff9b47a0000 - 0x00007ff9b47cc000 	c:\Users\M509PSAO\Projects\List_reminder_colorectal_cancer_screening\.venv\Lib\site-packages\numpy\random\bit_generator.cp311-win_amd64.pyd
0x00007ff9b3da0000 - 0x00007ff9b3dcf000 	c:\Users\M509PSAO\Projects\List_reminder_colorectal_cancer_screening\.venv\Lib\site-packages\numpy\random\_common.cp311-win_amd64.pyd
0x00007ff9b2400000 - 0x00007ff9b2443000 	c:\Users\M509PSAO\Projects\List_reminder_colorectal_cancer_screening\.venv\Lib\site-packages\numpy\random\_bounded_integers.cp311-win_amd64.pyd
0x00007ff9bf560000 - 0x00007ff9bf576000 	c:\Users\M509PSAO\Projects\List_reminder_colorectal_cancer_screening\.venv\Lib\site-packages\numpy\random\_mt19937.cp311-win_amd64.pyd
0x00007ff9befb0000 - 0x00007ff9befc5000 	c:\Users\M509PSAO\Projects\List_reminder_colorectal_cancer_screening\.venv\Lib\site-packages\numpy\random\_philox.cp311-win_amd64.pyd
0x00007ff9bef60000 - 0x00007ff9bef79000 	c:\Users\M509PSAO\Projects\List_reminder_colorectal_cancer_screening\.venv\Lib\site-packages\numpy\random\_pcg64.cp311-win_amd64.pyd
0x00007ff9cfa70000 - 0x00007ff9cfa80000 	c:\Users\M509PSAO\Projects\List_reminder_colorectal_cancer_screening\.venv\Lib\site-packages\numpy\random\_sfc64.cp311-win_amd64.pyd
0x00007ff9a6e70000 - 0x00007ff9a6f1f000 	c:\Users\M509PSAO\Projects\List_reminder_colorectal_cancer_screening\.venv\Lib\site-packages\numpy\random\_generator.cp311-win_amd64.pyd
0x00007ff9cfa20000 - 0x00007ff9cfa2b000 	c:\Users\M509PSAO\Projects\List_reminder_colorectal_cancer_screening\.venv\Lib\site-packages\pandas\_libs\pandas_parser.cp311-win_amd64.pyd
0x00007ff9cf7c0000 - 0x00007ff9cf7cc000 	c:\Users\M509PSAO\Projects\List_reminder_colorectal_cancer_screening\.venv\Lib\site-packages\pandas\_libs\pandas_datetime.cp311-win_amd64.pyd
0x00007ff98d6b0000 - 0x00007ff98d7c5000 	c:\Users\M509PSAO\Projects\List_reminder_colorectal_cancer_screening\.venv\Lib\site-packages\pandas\_libs\interval.cp311-win_amd64.pyd
0x00007ff9844f0000 - 0x00007ff9846b9000 	c:\Users\M509PSAO\Projects\List_reminder_colorectal_cancer_screening\.venv\Lib\site-packages\pandas\_libs\hashtable.cp311-win_amd64.pyd
0x00007ff9b2350000 - 0x00007ff9b2381000 	c:\Users\M509PSAO\Projects\List_reminder_colorectal_cancer_screening\.venv\Lib\site-packages\pandas\_libs\missing.cp311-win_amd64.pyd
0x00007ff9b3980000 - 0x00007ff9b39ad000 	c:\Users\M509PSAO\Projects\List_reminder_colorectal_cancer_screening\.venv\Lib\site-packages\pandas\_libs\tslibs\dtypes.cp311-win_amd64.pyd
0x00007ff9bef30000 - 0x00007ff9bef45000 	c:\Users\M509PSAO\Projects\List_reminder_colorectal_cancer_screening\.venv\Lib\site-packages\pandas\_libs\tslibs\ccalendar.cp311-win_amd64.pyd
0x00007ff9b39c0000 - 0x00007ff9b39e0000 	c:\Users\M509PSAO\Projects\List_reminder_colorectal_cancer_screening\.venv\Lib\site-packages\pandas\_libs\tslibs\np_datetime.cp311-win_amd64.pyd
0x00007ff9b2170000 - 0x00007ff9b21ac000 	c:\Users\M509PSAO\Projects\List_reminder_colorectal_cancer_screening\.venv\Lib\site-packages\pandas\_libs\tslibs\conversion.cp311-win_amd64.pyd
0x00007ff9b2520000 - 0x00007ff9b2531000 	c:\Users\M509PSAO\Projects\List_reminder_colorectal_cancer_screening\.venv\Lib\site-packages\pandas\_libs\tslibs\base.cp311-win_amd64.pyd
0x00007ff999120000 - 0x00007ff9991fe000 	c:\Users\M509PSAO\Projects\List_reminder_colorectal_cancer_screening\.venv\Lib\site-packages\pandas\_libs\tslibs\offsets.cp311-win_amd64.pyd
0x00007ff9a52a0000 - 0x00007ff9a5321000 	c:\Users\M509PSAO\Projects\List_reminder_colorectal_cancer_screening\.venv\Lib\site-packages\pandas\_libs\tslibs\timestamps.cp311-win_amd64.pyd
0x00007ff9b1ec0000 - 0x00007ff9b1ef6000 	c:\Users\M509PSAO\Projects\List_reminder_colorectal_cancer_screening\.venv\Lib\site-packages\pandas\_libs\tslibs\nattype.cp311-win_amd64.pyd
0x00007ff9a5880000 - 0x00007ff9a58f8000 	c:\Users\M509PSAO\Projects\List_reminder_colorectal_cancer_screening\.venv\Lib\site-packages\pandas\_libs\tslibs\timedeltas.cp311-win_amd64.pyd
0x00007ff9b12d0000 - 0x00007ff9b130a000 	c:\Users\M509PSAO\Projects\List_reminder_colorectal_cancer_screening\.venv\Lib\site-packages\pandas\_libs\tslibs\timezones.cp311-win_amd64.pyd
0x00007ff9cf710000 - 0x00007ff9cf71d000 	C:\Users\M509PSAO\AppData\Local\Programs\Python\Python311\DLLs\_zoneinfo.pyd
0x000001fe7e7d0000 - 0x000001fe7e7d3000 	C:\WINDOWS\SYSTEM32\tzres.dll
0x00007ff9afd20000 - 0x00007ff9afd66000 	c:\Users\M509PSAO\Projects\List_reminder_colorectal_cancer_screening\.venv\Lib\site-packages\pandas\_libs\tslibs\fields.cp311-win_amd64.pyd
0x00007ff9af2d0000 - 0x00007ff9af310000 	c:\Users\M509PSAO\Projects\List_reminder_colorectal_cancer_screening\.venv\Lib\site-packages\pandas\_libs\tslibs\tzconversion.cp311-win_amd64.pyd
0x00007ff9b22c0000 - 0x00007ff9b22d4000 	c:\Users\M509PSAO\Projects\List_reminder_colorectal_cancer_screening\.venv\Lib\site-packages\pandas\_libs\properties.cp311-win_amd64.pyd
0x00007ff9af180000 - 0x00007ff9af1d3000 	c:\Users\M509PSAO\Projects\List_reminder_colorectal_cancer_screening\.venv\Lib\site-packages\pandas\_libs\tslibs\parsing.cp311-win_amd64.pyd
0x00007ff9aef80000 - 0x00007ff9aefcf000 	c:\Users\M509PSAO\Projects\List_reminder_colorectal_cancer_screening\.venv\Lib\site-packages\pandas\_libs\tslibs\strptime.cp311-win_amd64.pyd
0x00007ff9a8c70000 - 0x00007ff9a8cd8000 	c:\Users\M509PSAO\Projects\List_reminder_colorectal_cancer_screening\.venv\Lib\site-packages\pandas\_libs\tslibs\period.cp311-win_amd64.pyd
0x00007ff9ae760000 - 0x00007ff9ae792000 	c:\Users\M509PSAO\Projects\List_reminder_colorectal_cancer_screening\.venv\Lib\site-packages\pandas\_libs\tslibs\vectorized.cp311-win_amd64.pyd
0x00007ff9b2150000 - 0x00007ff9b2161000 	c:\Users\M509PSAO\Projects\List_reminder_colorectal_cancer_screening\.venv\Lib\site-packages\pandas\_libs\ops_dispatch.cp311-win_amd64.pyd
0x00007ff984190000 - 0x00007ff984353000 	c:\Users\M509PSAO\Projects\List_reminder_colorectal_cancer_screening\.venv\Lib\site-packages\pandas\_libs\algos.cp311-win_amd64.pyd
0x00007ff9a0d40000 - 0x00007ff9a0de5000 	c:\Users\M509PSAO\Projects\List_reminder_colorectal_cancer_screening\.venv\Lib\site-packages\pandas\_libs\lib.cp311-win_amd64.pyd
0x00007ff9ae5d0000 - 0x00007ff9ae606000 	c:\Users\M509PSAO\Projects\List_reminder_colorectal_cancer_screening\.venv\Lib\site-packages\pandas\_libs\ops.cp311-win_amd64.pyd
0x00007ff9b1b20000 - 0x00007ff9b1b4c000 	c:\Users\M509PSAO\Projects\List_reminder_colorectal_cancer_screening\.venv\Lib\site-packages\pandas\_libs\hashing.cp311-win_amd64.pyd
0x00007ff9b1e10000 - 0x00007ff9b1e2c000 	c:\Users\M509PSAO\Projects\List_reminder_colorectal_cancer_screening\.venv\Lib\site-packages\pandas\_libs\arrays.cp311-win_amd64.pyd
0x00007ff9a7970000 - 0x00007ff9a79b2000 	c:\Users\M509PSAO\Projects\List_reminder_colorectal_cancer_screening\.venv\Lib\site-packages\pandas\_libs\tslib.cp311-win_amd64.pyd
0x00007ff988a50000 - 0x00007ff988b22000 	c:\Users\M509PSAO\Projects\List_reminder_colorectal_cancer_screening\.venv\Lib\site-packages\pandas\_libs\sparse.cp311-win_amd64.pyd
0x00007ff9a7320000 - 0x00007ff9a7370000 	c:\Users\M509PSAO\Projects\List_reminder_colorectal_cancer_screening\.venv\Lib\site-packages\pandas\_libs\internals.cp311-win_amd64.pyd
0x00007ff9b1a00000 - 0x00007ff9b1a11000 	c:\Users\M509PSAO\Projects\List_reminder_colorectal_cancer_screening\.venv\Lib\site-packages\pandas\_libs\indexing.cp311-win_amd64.pyd
0x00007ff9a02d0000 - 0x00007ff9a0385000 	c:\Users\M509PSAO\Projects\List_reminder_colorectal_cancer_screening\.venv\Lib\site-packages\pandas\_libs\index.cp311-win_amd64.pyd
0x00007ff9ae410000 - 0x00007ff9ae443000 	c:\Users\M509PSAO\Projects\List_reminder_colorectal_cancer_screening\.venv\Lib\site-packages\pandas\_libs\writers.cp311-win_amd64.pyd
0x00007ff988050000 - 0x00007ff988166000 	c:\Users\M509PSAO\Projects\List_reminder_colorectal_cancer_screening\.venv\Lib\site-packages\pandas\_libs\join.cp311-win_amd64.pyd
0x00007ff9a7180000 - 0x00007ff9a71d9000 	c:\Users\M509PSAO\Projects\List_reminder_colorectal_cancer_screening\.venv\Lib\site-packages\pandas\_libs\window\aggregations.cp311-win_amd64.pyd
0x00007ff99c370000 - 0x00007ff99c40b000 	c:\Users\M509PSAO\Projects\List_reminder_colorectal_cancer_screening\.venv\Lib\site-packages\pandas.libs\msvcp140-0f2ea95580b32bcfc81c235d5751ce78.dll
0x00007ff9c7ba0000 - 0x00007ff9c7bac000 	C:\Users\M509PSAO\AppData\Local\Programs\Python\Python311\VCRUNTIME140_1.dll
0x00007ff9ac4d0000 - 0x00007ff9ac4fb000 	c:\Users\M509PSAO\Projects\List_reminder_colorectal_cancer_screening\.venv\Lib\site-packages\pandas\_libs\window\indexers.cp311-win_amd64.pyd
0x00007ff9ab0f0000 - 0x00007ff9ab12f000 	c:\Users\M509PSAO\Projects\List_reminder_colorectal_cancer_screening\.venv\Lib\site-packages\pandas\_libs\reshape.cp311-win_amd64.pyd
0x00007ff983e50000 - 0x00007ff98406f000 	c:\Users\M509PSAO\Projects\List_reminder_colorectal_cancer_screening\.venv\Lib\site-packages\pandas\_libs\groupby.cp311-win_amd64.pyd
0x00007ff9af080000 - 0x00007ff9af091000 	c:\Users\M509PSAO\Projects\List_reminder_colorectal_cancer_screening\.venv\Lib\site-packages\pandas\_libs\json.cp311-win_amd64.pyd
0x00007ff9a24c0000 - 0x00007ff9a2526000 	c:\Users\M509PSAO\Projects\List_reminder_colorectal_cancer_screening\.venv\Lib\site-packages\pandas\_libs\parsers.cp311-win_amd64.pyd
0x00007ff9aedd0000 - 0x00007ff9aede9000 	c:\Users\M509PSAO\Projects\List_reminder_colorectal_cancer_screening\.venv\Lib\site-packages\pandas\_libs\testing.cp311-win_amd64.pyd
0x00007ff99b200000 - 0x00007ff99b276000 	c:\Users\M509PSAO\Projects\List_reminder_colorectal_cancer_screening\.venv\Lib\site-packages\_jpype.cp311-win_amd64.pyd
0x00007ff9cb400000 - 0x00007ff9cb489000 	C:\WINDOWS\SYSTEM32\MSVCP140.dll
0x00007ff902af0000 - 0x00007ff903873000 	C:\Program Files\temurin-jre-21\bin\server\jvm.dll
0x00007ff9d0ad0000 - 0x00007ff9d0b04000 	C:\WINDOWS\SYSTEM32\WINMM.dll

dbghelp: loaded successfully - version: 4.0.5 - missing functions: none
symbol engine: initialized successfully - sym options: 0x614 - pdb path: .;C:\Users\M509PSAO\AppData\Local\Programs\Python\Python311;C:\WINDOWS\SYSTEM32;c:\Users\M509PSAO\Projects\List_reminder_colorectal_cancer_screening\.venv\Lib\site-packages\zmq\backend\cython;C:\Users\M509PSAO\AppData\Local\Programs\Python\Python311\DLLs;c:\Users\M509PSAO\Projects\List_reminder_colorectal_cancer_screening\.venv\Lib\site-packages\tornado;c:\Users\M509PSAO\Projects\List_reminder_colorectal_cancer_screening\.venv\Lib\site-packages\psutil;c:\Users\M509PSAO\Projects\List_reminder_colorectal_cancer_screening\.venv\Lib\site-packages\debugpy\_vendored\pydevd\_pydevd_bundle;c:\Users\M509PSAO\Projects\List_reminder_colorectal_cancer_screening\.venv\Lib\site-packages\numpy\core;c:\Users\M509PSAO\Projects\List_reminder_colorectal_cancer_screening\.venv\Lib\site-packages\numpy.libs;c:\Users\M509PSAO\Projects\List_reminder_colorectal_cancer_screening\.venv\Lib\site-packages\numpy\linalg;c:\Users\M509PSAO\Projects\List_reminder_colorectal_cancer_screening\.venv\Lib\site-packages\numpy\fft;c:\Users\M509PSAO\Projects\List_reminder_colorectal_cancer_screening\.venv\Lib\site-packages\numpy\random;c:\Users\M509PSAO\Projects\List_reminder_colorectal_cancer_screening\.venv\Lib\site-packages\pandas\_libs;c:\Users\M509PSAO\Projects\List_reminder_colorectal_cancer_screening\.venv\Lib\site-packages\pandas\_libs\tslibs;c:\Users\M509PSAO\Projects\List_reminder_colorectal_cancer_screening\.venv\Lib\site-packages\pandas\_libs\window;c:\Users\M509PSAO\Projects\List_reminder_colorectal_cancer_screening\.venv\Lib\site-packages\pandas.libs;c:\Users\M509PSAO\Projects\List_reminder_colorectal_cancer_screening\.venv\Lib\site-packages;C:\Program Files\temurin-jre-21\bin\server;C:\Program Files\temurin-jre-21\bin

VM Arguments:
jvm_args: -Xmx2g 
java_command: <unknown>
java_class_path (initial): C:\db2\db2jcc4.jar
Launcher Type: generic

[Global flags]
     intx CICompilerCount                          = 4                                         {product} {ergonomic}
     uint ConcGCThreads                            = 3                                         {product} {ergonomic}
     uint G1ConcRefinementThreads                  = 10                                        {product} {ergonomic}
   size_t G1HeapRegionSize                         = 1048576                                   {product} {ergonomic}
    uintx GCDrainStackTargetSize                   = 64                                        {product} {ergonomic}
   size_t InitialHeapSize                          = 123731968                                 {product} {ergonomic}
   size_t MarkStackSize                            = 4194304                                   {product} {ergonomic}
   size_t MaxHeapSize                              = 2147483648                                {product} {command line}
   size_t MaxNewSize                               = 1287651328                                {product} {ergonomic}
   size_t MinHeapDeltaBytes                        = 1048576                                   {product} {ergonomic}
   size_t MinHeapSize                              = 8388608                                   {product} {ergonomic}
    uintx NonNMethodCodeHeapSize                   = 5839372                                {pd product} {ergonomic}
    uintx NonProfiledCodeHeapSize                  = 122909434                              {pd product} {ergonomic}
    uintx ProfiledCodeHeapSize                     = 122909434                              {pd product} {ergonomic}
    uintx ReservedCodeCacheSize                    = 251658240                              {pd product} {ergonomic}
     bool SegmentedCodeCache                       = true                                      {product} {ergonomic}
   size_t SoftMaxHeapSize                          = 2147483648                             {manageable} {ergonomic}
     bool UseCompressedOops                        = true                           {product lp64_product} {ergonomic}
     bool UseG1GC                                  = true                                      {product} {ergonomic}
     bool UseLargePagesIndividualAllocation        = false                                  {pd product} {ergonomic}

Logging:
Log output configuration:
 #0: stdout all=warning uptime,level,tags foldmultilines=false
 #1: stderr all=off uptime,level,tags foldmultilines=false

Environment Variables:
JAVA_HOME=C:\Program Files\temurin-jre-21\
PATH=c:\Users\M509PSAO\Projects\List_reminder_colorectal_cancer_screening\.venv\Scripts;C:\Users\M509PSAO\projects\List_reminder_colorectal_cancer_screening\.venv\Scripts;C:\Users\M509PSAO\AppData\Local\Programs\Git\mingw64\bin;C:\Users\M509PSAO\AppData\Local\Programs\Git\usr\bin;C:\Users\M509PSAO\bin;C:\Program Files\temurin-jre-21\bin;C:\WINDOWS\system32;C:\WINDOWS;C:\WINDOWS\System32\Wbem;C:\WINDOWS\System32\WindowsPowerShell\v1.0;C:\WINDOWS\System32\OpenSSH;C:\Program Files (x86)\Pulse Secure\VC142.CRT\X64;C:\Program Files (x86)\Pulse Secure\VC142.CRT\X86;C:\Program Files (x86)\Common Files\Pulse Secure\TNC Client Plugin;C:\Program Files\dotnet;C:\Program Files (x86)\Plantronics\Spokes3G;C:\Program Files (x86)\IBM\Client Access\Shared;C:\Program Files (x86)\IBM\Client Access;C:\Program Files\Amazon\AWSCLIV2;C:\Users\M509PSAO\AppData\Local\Programs\Python\Python311\Scripts;C:\Users\M509PSAO\AppData\Local\Programs\Python\Python311;C:\Users\M509PSAO\.local\bin;C:\Users\M509PSAO\AppData\Local\Programs\Python\Python313\Scripts;C:\Users\M509PSAO\AppData\Local\Programs\Python\Python313;C:\Users\M509PSAO\AppData\Local\Programs\Python\Launcher;C:\Users\M509PSAO\AppData\Local\Microsoft\WindowsApps;C:\Users\M509PSAO\AppData\Local\Programs\Microsoft VS Code\bin;C:\Users\M509PSAO\AppData\Local\Programs\Git\cmd;C:\Users\M509PSAO\AppData\Local\Programs\Python\Python313\Scripts;C:\Users\M509PSAO\AppData\Local\Programs\Python\Python313;C:\Users\M509PSAO\AppData\Local\Programs\Python\Launcher;C:\Users\M509PSAO\AppData\Local\Microsoft\WindowsApps;C:\Users\M509PSAO\AppData"
USERNAME=M509PSAO
TERM=xterm-color
OS=Windows_NT
PROCESSOR_IDENTIFIER=AMD64 Family 25 Model 68 Stepping 1, AuthenticAMD
TMP=C:\Users\M509PSAO\AppData\Local\Temp\1
TEMP=C:\Users\M509PSAO\AppData\Local\Temp\1




Periodic native trim disabled

---------------  S Y S T E M  ---------------

OS:
 Windows 11 , 64 bit Build 22621 (10.0.22621.6931)
OS uptime: 7 days 15:09 hours
Hyper-V role detected

CPU: total 12 (initial active 12) (12 cores per cpu, 2 threads per core) family 25 model 68 stepping 1 microcode 0x0, cx8, cmov, fxsr, ht, mmx, 3dnowpref, sse, sse2, sse3, ssse3, sse4a, sse4.1, sse4.2, popcnt, lzcnt, tsc, tscinvbit, avx, avx2, aes, erms, clmul, bmi1, bmi2, adx, sha, fma, vzeroupper, clflush, clflushopt, hv, rdtscp, rdpid, fsrm, f16c, cet_ss
Processor Information for processor 0
  Max Mhz: 2901, Current Mhz: 2008, Mhz Limit: 2901
Processor Information for processor 1
  Max Mhz: 2901, Current Mhz: 2008, Mhz Limit: 2901
Processor Information for processor 2
  Max Mhz: 2901, Current Mhz: 2901, Mhz Limit: 2901
Processor Information for processor 3
  Max Mhz: 2901, Current Mhz: 2008, Mhz Limit: 2901
Processor Information for processor 4
  Max Mhz: 2901, Current Mhz: 2008, Mhz Limit: 2901
Processor Information for processor 5
  Max Mhz: 2901, Current Mhz: 2008, Mhz Limit: 2901
Processor Information for processor 6
  Max Mhz: 2901, Current Mhz: 2901, Mhz Limit: 2901
Processor Information for processor 7
  Max Mhz: 2901, Current Mhz: 2008, Mhz Limit: 2901
Processor Information for processor 8
  Max Mhz: 2901, Current Mhz: 2901, Mhz Limit: 2901
Processor Information for processor 9
  Max Mhz: 2901, Current Mhz: 2008, Mhz Limit: 2901
Processor Information for processor 10
  Max Mhz: 2901, Current Mhz: 2008, Mhz Limit: 2901
Processor Information for processor 11
  Max Mhz: 2901, Current Mhz: 2008, Mhz Limit: 2901

Memory: 4k page, system-wide physical 7489M (562M free)
TotalPageFile size 30017M (AvailPageFile size 5M)
current process WorkingSet (physical memory assigned to process): 145M, peak: 145M
current process commit charge ("private bytes"): 670M, peak: 672M

vm_info: OpenJDK 64-Bit Server VM (21.0.2+13-LTS) for windows-amd64 JRE (21.0.2+13-LTS), built on 2024-01-16T00:00:00Z by "admin" with unknown MS VC++:1937

END.
